<?xml version="1.0" encoding="utf-8"?>
<CoverageSession xmlns:xsd="http://www.w3.org/2001/XMLSchema" xmlns:xsi="http://www.w3.org/2001/XMLSchema-instance" Version="0.0.0.0">
  <Summary numSequencePoints="2197" visitedSequencePoints="1752" numBranchPoints="0" visitedBranchPoints="0" sequenceCoverage="79.75" branchCoverage="0.0" maxCyclomaticComplexity="0" minCyclomaticComplexity="0" maxCrapScore="0" minCrapScore="0" visitedClasses="75" numClasses="91" visitedMethods="260" numMethods="295" />
  <Modules>
    <Module>
      <Summary numSequencePoints="2020" visitedSequencePoints="1575" numBranchPoints="0" visitedBranchPoints="0" sequenceCoverage="77.97" branchCoverage="0.0" maxCyclomaticComplexity="0" minCyclomaticComplexity="0" maxCrapScore="0" minCrapScore="0" visitedClasses="54" numClasses="70" visitedMethods="231" numMethods="266" />
      <ModuleTime>0001-01-01T00:00:00</ModuleTime>
      <ModuleName>Scripts</ModuleName>
      <Files>
        <File uid="38" fullPath="C:/Users/marco/Documents/GitHub/awARe/AwARe/Assets/FirstParty/Application/Scripts/Temporary/ARScenePhaseManager.cs" />
        <File uid="39" fullPath="C:/Users/marco/Documents/GitHub/awARe/AwARe/Assets/FirstParty/Application/Scripts/Temporary/CameraMovement.cs" />
        <File uid="40" fullPath="C:/Users/marco/Documents/GitHub/awARe/AwARe/Assets/FirstParty/Application/Scripts/Temporary/DevScreenSelectorHandler.cs" />
        <File uid="41" fullPath="C:/Users/marco/Documents/GitHub/awARe/AwARe/Assets/FirstParty/Application/Scripts/Temporary/NavigationScriptTO.cs" />
        <File uid="42" fullPath="C:/Users/marco/Documents/GitHub/awARe/AwARe/Assets/FirstParty/Application/Scripts/Temporary/ObjectDataWindow.cs" />
        <File uid="43" fullPath="C:/Users/marco/Documents/GitHub/awARe/AwARe/Assets/FirstParty/Application/Scripts/General/Data/Types/Polygons/Objects/PolygonSerialization.cs" />
        <File uid="44" fullPath="C:/Users/marco/Documents/GitHub/awARe/AwARe/Assets/FirstParty/Application/Scripts/MainFeatures/RoomScan/Polygons/Objects/PolygonSaveLoadManager.cs" />
        <File uid="45" fullPath="C:/Users/marco/Documents/GitHub/awARe/AwARe/Assets/FirstParty/Application/Scripts/MainFeatures/RoomScan/Polygons/Objects/PolygonDrawer.cs" />
        <File uid="46" fullPath="C:/Users/marco/Documents/GitHub/awARe/AwARe/Assets/FirstParty/Application/Scripts/MainFeatures/RoomScan/Polygons/Objects/PolygonManager.cs" />
        <File uid="47" fullPath="C:/Users/marco/Documents/GitHub/awARe/AwARe/Assets/FirstParty/Application/Scripts/MainFeatures/RoomScan/Polygons/Objects/PolygonScan.cs" />
        <File uid="48" fullPath="C:/Users/marco/Documents/GitHub/awARe/AwARe/Assets/FirstParty/Application/Scripts/MainFeatures/RoomScan/Polygons/Objects/PolygonUI.cs" />
        <File uid="49" fullPath="C:/Users/marco/Documents/GitHub/awARe/AwARe/Assets/FirstParty/Application/Scripts/MainFeatures/RoomScan/Polygons/Logic/Room.cs" />
        <File uid="50" fullPath="C:/Users/marco/Documents/GitHub/awARe/AwARe/Assets/FirstParty/Application/Scripts/MainFeatures/RoomScan/Polygons/Logic/TestRoom.cs" />
        <File uid="51" fullPath="C:/Users/marco/Documents/GitHub/awARe/AwARe/Assets/FirstParty/Application/Scripts/MainFeatures/RoomScan/Path/ErosionHandler.cs" />
        <File uid="52" fullPath="C:/Users/marco/Documents/GitHub/awARe/AwARe/Assets/FirstParty/Application/Scripts/MainFeatures/RoomScan/Path/FloodFillHandler.cs" />
        <File uid="53" fullPath="C:/Users/marco/Documents/GitHub/awARe/AwARe/Assets/FirstParty/Application/Scripts/MainFeatures/RoomScan/Path/GridConverter.cs" />
        <File uid="54" fullPath="C:/Users/marco/Documents/GitHub/awARe/AwARe/Assets/FirstParty/Application/Scripts/MainFeatures/RoomScan/Path/LineDrawer.cs" />
        <File uid="55" fullPath="C:/Users/marco/Documents/GitHub/awARe/AwARe/Assets/FirstParty/Application/Scripts/MainFeatures/RoomScan/Path/PathData.cs" />
        <File uid="56" fullPath="C:/Users/marco/Documents/GitHub/awARe/AwARe/Assets/FirstParty/Application/Scripts/MainFeatures/RoomScan/Path/PathGenerator.cs" />
        <File uid="57" fullPath="C:/Users/marco/Documents/GitHub/awARe/AwARe/Assets/FirstParty/Application/Scripts/MainFeatures/RoomScan/Path/PathVisualizer.cs" />
        <File uid="58" fullPath="C:/Users/marco/Documents/GitHub/awARe/AwARe/Assets/FirstParty/Application/Scripts/MainFeatures/RoomScan/Path/PostFilteringHandler.cs" />
        <File uid="59" fullPath="C:/Users/marco/Documents/GitHub/awARe/AwARe/Assets/FirstParty/Application/Scripts/MainFeatures/RoomScan/Path/ThinningHandler.cs" />
        <File uid="60" fullPath="C:/Users/marco/Documents/GitHub/awARe/AwARe/Assets/FirstParty/Application/Scripts/MainFeatures/RoomScan/Path/Jobs/CheckInPolygonJob.cs" />
        <File uid="61" fullPath="C:/Users/marco/Documents/GitHub/awARe/AwARe/Assets/FirstParty/Application/Scripts/MainFeatures/ResourcePipeline/Objects/PipelineManager.cs" />
        <File uid="62" fullPath="C:/Users/marco/Documents/GitHub/awARe/AwARe/Assets/FirstParty/Application/Scripts/MainFeatures/ResourcePipeline/Logic/ModelCalculator.cs" />
        <File uid="63" fullPath="C:/Users/marco/Documents/GitHub/awARe/AwARe/Assets/FirstParty/Application/Scripts/MainFeatures/ResourcePipeline/Logic/ModelDictionary.cs" />
        <File uid="64" fullPath="C:/Users/marco/Documents/GitHub/awARe/AwARe/Assets/FirstParty/Application/Scripts/MainFeatures/ResourcePipeline/Logic/ResourceCalculator.cs" />
        <File uid="65" fullPath="C:/Users/marco/Documents/GitHub/awARe/AwARe/Assets/FirstParty/Application/Scripts/MainFeatures/ResourcePipeline/Logic/ResourceDictionary.cs" />
        <File uid="66" fullPath="C:/Users/marco/Documents/GitHub/awARe/AwARe/Assets/FirstParty/Application/Scripts/MainFeatures/Questionnaire/Objects/AnswerOptionSpawner.cs" />
        <File uid="67" fullPath="C:/Users/marco/Documents/GitHub/awARe/AwARe/Assets/FirstParty/Application/Scripts/MainFeatures/Questionnaire/Objects/Question.cs" />
        <File uid="68" fullPath="C:/Users/marco/Documents/GitHub/awARe/AwARe/Assets/FirstParty/Application/Scripts/MainFeatures/Questionnaire/Objects/Questionnaire.cs" />
        <File uid="69" fullPath="C:/Users/marco/Documents/GitHub/awARe/AwARe/Assets/FirstParty/Application/Scripts/MainFeatures/Questionnaire/Objects/QuestionnaireConstructor.cs" />
        <File uid="70" fullPath="C:/Users/marco/Documents/GitHub/awARe/AwARe/Assets/FirstParty/Application/Scripts/MainFeatures/Questionnaire/Objects/SubmitButton.cs" />
        <File uid="71" fullPath="C:/Users/marco/Documents/GitHub/awARe/AwARe/Assets/FirstParty/Application/Scripts/MainFeatures/Questionnaire/Objects/ToggleHandler.cs" />
        <File uid="72" fullPath="C:/Users/marco/Documents/GitHub/awARe/AwARe/Assets/FirstParty/Application/Scripts/MainFeatures/ObjectInteraction/Objects/InteractObjectHandler.cs" />
        <File uid="73" fullPath="C:/Users/marco/Documents/GitHub/awARe/AwARe/Assets/FirstParty/Application/Scripts/MainFeatures/ObjectGeneration/BoxColliderHelper.cs" />
        <File uid="74" fullPath="C:/Users/marco/Documents/GitHub/awARe/AwARe/Assets/FirstParty/Application/Scripts/MainFeatures/ObjectGeneration/ObjectCreationManager.cs" />
        <File uid="75" fullPath="C:/Users/marco/Documents/GitHub/awARe/AwARe/Assets/FirstParty/Application/Scripts/MainFeatures/ObjectGeneration/ObjectDestroyer.cs" />
        <File uid="76" fullPath="C:/Users/marco/Documents/GitHub/awARe/AwARe/Assets/FirstParty/Application/Scripts/MainFeatures/ObjectGeneration/ObjectObtainer.cs" />
        <File uid="77" fullPath="C:/Users/marco/Documents/GitHub/awARe/AwARe/Assets/FirstParty/Application/Scripts/MainFeatures/ObjectGeneration/ObjectPlacer.cs" />
        <File uid="78" fullPath="C:/Users/marco/Documents/GitHub/awARe/AwARe/Assets/FirstParty/Application/Scripts/MainFeatures/ObjectGeneration/PolygonHelper.cs" />
        <File uid="79" fullPath="C:/Users/marco/Documents/GitHub/awARe/AwARe/Assets/FirstParty/Application/Scripts/MainFeatures/ObjectGeneration/Renderable.cs" />
        <File uid="80" fullPath="C:/Users/marco/Documents/GitHub/awARe/AwARe/Assets/FirstParty/Application/Scripts/MainFeatures/ObjectGeneration/SpawnPoints/MockSpawnPointHandler.cs" />
        <File uid="81" fullPath="C:/Users/marco/Documents/GitHub/awARe/AwARe/Assets/FirstParty/Application/Scripts/MainFeatures/ObjectGeneration/SpawnPoints/PolygonSpawnPointHandler.cs" />
        <File uid="82" fullPath="C:/Users/marco/Documents/GitHub/awARe/AwARe/Assets/FirstParty/Application/Scripts/MainFeatures/IngredientList/Objects/IngredientItem.cs" />
        <File uid="83" fullPath="C:/Users/marco/Documents/GitHub/awARe/AwARe/Assets/FirstParty/Application/Scripts/MainFeatures/IngredientList/Objects/IngredientListManager.cs" />
        <File uid="84" fullPath="C:/Users/marco/Documents/GitHub/awARe/AwARe/Assets/FirstParty/Application/Scripts/MainFeatures/IngredientList/Objects/IngredientListScreen.cs" />
        <File uid="85" fullPath="C:/Users/marco/Documents/GitHub/awARe/AwARe/Assets/FirstParty/Application/Scripts/MainFeatures/IngredientList/Objects/IngredientScreen.cs" />
        <File uid="86" fullPath="C:/Users/marco/Documents/GitHub/awARe/AwARe/Assets/FirstParty/Application/Scripts/MainFeatures/IngredientList/Objects/ListItem.cs" />
        <File uid="87" fullPath="C:/Users/marco/Documents/GitHub/awARe/AwARe/Assets/FirstParty/Application/Scripts/MainFeatures/IngredientList/Objects/ListsOverviewScreen.cs" />
        <File uid="88" fullPath="C:/Users/marco/Documents/GitHub/awARe/AwARe/Assets/FirstParty/Application/Scripts/MainFeatures/IngredientList/Objects/SearchItem.cs" />
        <File uid="89" fullPath="C:/Users/marco/Documents/GitHub/awARe/AwARe/Assets/FirstParty/Application/Scripts/MainFeatures/IngredientList/Objects/SearchScreen.cs" />
        <File uid="90" fullPath="C:/Users/marco/Documents/GitHub/awARe/AwARe/Assets/FirstParty/Application/Scripts/MainFeatures/IngredientList/Logic/IngredientFileHandler.cs" />
        <File uid="91" fullPath="C:/Users/marco/Documents/GitHub/awARe/AwARe/Assets/FirstParty/Application/Scripts/MainFeatures/IngredientList/Logic/IngredientList.cs" />
        <File uid="92" fullPath="C:/Users/marco/Documents/GitHub/awARe/AwARe/Assets/FirstParty/Application/Scripts/General/Utility/Visualizers/PointClouds/ARMath.cs" />
        <File uid="93" fullPath="C:/Users/marco/Documents/GitHub/awARe/AwARe/Assets/FirstParty/Application/Scripts/General/Utility/Visualizers/PointClouds/ARPointCloudManagerVisualizer.cs" />
        <File uid="94" fullPath="C:/Users/marco/Documents/GitHub/awARe/AwARe/Assets/FirstParty/Application/Scripts/General/Utility/Visualizers/PointClouds/ARPointCloudVisualizer.cs" />
        <File uid="95" fullPath="C:/Users/marco/Documents/GitHub/awARe/AwARe/Assets/FirstParty/Application/Scripts/General/Utility/Visualizers/PointClouds/BasicVisualizers.cs" />
        <File uid="96" fullPath="C:/Users/marco/Documents/GitHub/awARe/AwARe/Assets/FirstParty/Application/Scripts/General/Utility/Visualizers/Special/GroupVisualizers.cs" />
        <File uid="97" fullPath="C:/Users/marco/Documents/GitHub/awARe/AwARe/Assets/FirstParty/Application/Scripts/General/Utility/Singleton/Logic/Singleton.cs" />
        <File uid="98" fullPath="C:/Users/marco/Documents/GitHub/awARe/AwARe/Assets/FirstParty/Application/Scripts/General/Utility/Containers/Objects/Container.cs" />
        <File uid="99" fullPath="C:/Users/marco/Documents/GitHub/awARe/AwARe/Assets/FirstParty/Application/Scripts/General/Utility/Containers/Objects/ContainerSpawner.cs" />
        <File uid="100" fullPath="C:/Users/marco/Documents/GitHub/awARe/AwARe/Assets/FirstParty/Application/Scripts/General/Utility/Spawners/Objects/BasicSpawners.cs" />
        <File uid="101" fullPath="C:/Users/marco/Documents/GitHub/awARe/AwARe/Assets/FirstParty/Application/Scripts/General/UI/Objects/PopUps/Error/ErrorHandler.cs" />
        <File uid="102" fullPath="C:/Users/marco/Documents/GitHub/awARe/AwARe/Assets/FirstParty/Application/Scripts/General/UI/Objects/PopUps/NotImplemented/NotImplemented.cs" />
        <File uid="103" fullPath="C:/Users/marco/Documents/GitHub/awARe/AwARe/Assets/FirstParty/Application/Scripts/General/UI/Objects/PopUps/NotImplemented/NotImplementedHandler.cs" />
        <File uid="104" fullPath="C:/Users/marco/Documents/GitHub/awARe/AwARe/Assets/FirstParty/Application/Scripts/General/UI/Objects/PopUps/PopupHandler.cs" />
        <File uid="105" fullPath="C:/Users/marco/Documents/GitHub/awARe/AwARe/Assets/FirstParty/Application/Scripts/General/UI/Objects/Buttons/ActivityToggle.cs" />
        <File uid="106" fullPath="C:/Users/marco/Documents/GitHub/awARe/AwARe/Assets/FirstParty/Application/Scripts/General/UI/Objects/Buttons/ShowHideBtns.cs" />
        <File uid="107" fullPath="C:/Users/marco/Documents/GitHub/awARe/AwARe/Assets/FirstParty/Application/Scripts/General/UI/Objects/Buttons/SwitchSceneButton.cs" />
        <File uid="108" fullPath="C:/Users/marco/Documents/GitHub/awARe/AwARe/Assets/FirstParty/Application/Scripts/General/IO/Server/Objects/ClientBehaviour.cs" />
        <File uid="109" fullPath="C:/Users/marco/Documents/GitHub/awARe/AwARe/Assets/FirstParty/Application/Scripts/General/IO/Server/Logic/Client.cs" />
        <File uid="110" fullPath="C:/Users/marco/Documents/GitHub/awARe/AwARe/Assets/FirstParty/Application/Scripts/General/IO/Notifications/Objects/NotificationScheduler.cs" />
        <File uid="111" fullPath="C:/Users/marco/Documents/GitHub/awARe/AwARe/Assets/FirstParty/Application/Scripts/General/IO/Notifications/Logic/AndroidNotif.cs" />
        <File uid="112" fullPath="C:/Users/marco/Documents/GitHub/awARe/AwARe/Assets/FirstParty/Application/Scripts/General/IO/Notifications/Logic/EditorNotif.cs" />
        <File uid="113" fullPath="C:/Users/marco/Documents/GitHub/awARe/AwARe/Assets/FirstParty/Application/Scripts/General/IO/Database/Logic/MockupIngredientDatabase.cs" />
        <File uid="114" fullPath="C:/Users/marco/Documents/GitHub/awARe/AwARe/Assets/FirstParty/Application/Scripts/General/IO/Database/Logic/MockupIngrToResDatabase.cs" />
        <File uid="115" fullPath="C:/Users/marco/Documents/GitHub/awARe/AwARe/Assets/FirstParty/Application/Scripts/General/IO/Database/Logic/MockupModelDatabase.cs" />
        <File uid="116" fullPath="C:/Users/marco/Documents/GitHub/awARe/AwARe/Assets/FirstParty/Application/Scripts/General/IO/Database/Logic/MockupResourceDatabase.cs" />
        <File uid="117" fullPath="C:/Users/marco/Documents/GitHub/awARe/AwARe/Assets/FirstParty/Application/Scripts/General/InterScenes/Objects/ARSecretary.cs" />
        <File uid="118" fullPath="C:/Users/marco/Documents/GitHub/awARe/AwARe/Assets/FirstParty/Application/Scripts/General/InterScenes/Objects/SceneObjectsBundler.cs" />
        <File uid="119" fullPath="C:/Users/marco/Documents/GitHub/awARe/AwARe/Assets/FirstParty/Application/Scripts/General/InterScenes/Objects/SceneSecretary.cs" />
        <File uid="120" fullPath="C:/Users/marco/Documents/GitHub/awARe/AwARe/Assets/FirstParty/Application/Scripts/General/InterScenes/Objects/SceneSwitcher.cs" />
        <File uid="121" fullPath="C:/Users/marco/Documents/GitHub/awARe/AwARe/Assets/FirstParty/Application/Scripts/General/InterScenes/Objects/StartLoader.cs" />
        <File uid="122" fullPath="C:/Users/marco/Documents/GitHub/awARe/AwARe/Assets/FirstParty/Application/Scripts/General/InterScenes/Objects/Storage.cs" />
        <File uid="123" fullPath="C:/Users/marco/Documents/GitHub/awARe/AwARe/Assets/FirstParty/Application/Scripts/General/InterScenes/Logic/Storage.cs" />
        <File uid="124" fullPath="C:/Users/marco/Documents/GitHub/awARe/AwARe/Assets/FirstParty/Application/Scripts/General/Data/Types/Polygons/Objects/PolygonMesh.cs" />
        <File uid="125" fullPath="C:/Users/marco/Documents/GitHub/awARe/AwARe/Assets/FirstParty/Application/Scripts/General/Data/Types/Polygons/Logic/Polygon.cs" />
      </Files>
      <Classes>
        <Class>
          <Summary numSequencePoints="41" visitedSequencePoints="4" numBranchPoints="0" visitedBranchPoints="0" sequenceCoverage="9.76" branchCoverage="0.0" maxCyclomaticComplexity="0" minCyclomaticComplexity="0" maxCrapScore="0" minCrapScore="0" visitedClasses="1" numClasses="1" visitedMethods="1" numMethods="3" />
          <FullName>AwARe.PolygonSaveLoadManager</FullName>
          <Methods>
            <Method visited="true" cyclomaticComplexity="0" nPathComplexity="0" sequenceCoverage="57.14" branchCoverage="0" crapScore="0" isConstructor="false" isStatic="false" isGetter="false" isSetter="false">
              <Summary numSequencePoints="7" visitedSequencePoints="4" numBranchPoints="0" visitedBranchPoints="0" sequenceCoverage="57.14" branchCoverage="0" maxCyclomaticComplexity="0" minCyclomaticComplexity="0" maxCrapScore="0" minCrapScore="0" visitedClasses="0" numClasses="0" visitedMethods="1" numMethods="1" />
              <MetadataToken>100663335</MetadataToken>
              <Name>System.Void AwARe.PolygonSaveLoadManager::Start()</Name>
              <FileRef uid="44" />
              <SequencePoints>
                <SequencePoint vc="4" uspid="9808" ordinal="0" offset="0" sl="34" sc="9" el="34" ec="9" bec="0" bev="0" fileid="44" />
                <SequencePoint vc="4" uspid="9809" ordinal="0" offset="1" sl="35" sc="13" el="35" ec="13" bec="0" bev="0" fileid="44" />
                <SequencePoint vc="4" uspid="9810" ordinal="0" offset="12" sl="37" sc="13" el="37" ec="13" bec="0" bev="0" fileid="44" />
                <SequencePoint vc="0" uspid="9811" ordinal="0" offset="30" sl="38" sc="13" el="38" ec="13" bec="0" bev="0" fileid="44" />
                <SequencePoint vc="0" uspid="9812" ordinal="0" offset="31" sl="39" sc="17" el="39" ec="17" bec="0" bev="0" fileid="44" />
                <SequencePoint vc="0" uspid="9813" ordinal="0" offset="43" sl="40" sc="13" el="40" ec="13" bec="0" bev="0" fileid="44" />
                <SequencePoint vc="4" uspid="9814" ordinal="0" offset="44" sl="42" sc="9" el="42" ec="9" bec="0" bev="0" fileid="44" />
              </SequencePoints>
              <BranchPoints />
            </Method>
            <Method visited="false" cyclomaticComplexity="0" nPathComplexity="0" sequenceCoverage="0.0" branchCoverage="0" crapScore="0" isConstructor="false" isStatic="false" isGetter="false" isSetter="false">
              <Summary numSequencePoints="15" visitedSequencePoints="0" numBranchPoints="0" visitedBranchPoints="0" sequenceCoverage="0.0" branchCoverage="0" maxCyclomaticComplexity="0" minCyclomaticComplexity="0" maxCrapScore="0" minCrapScore="0" visitedClasses="0" numClasses="0" visitedMethods="0" numMethods="1" />
              <MetadataToken>100663336</MetadataToken>
              <Name>System.Void AwARe.PolygonSaveLoadManager::SaveDataToJson[T](System.String, T)</Name>
              <FileRef uid="44" />
              <SequencePoints>
                <SequencePoint vc="0" uspid="9815" ordinal="0" offset="0" sl="51" sc="0" el="51" ec="0" bec="0" bev="0" fileid="44" />
                <SequencePoint vc="0" uspid="9816" ordinal="0" offset="1" sl="52" sc="0" el="52" ec="0" bec="0" bev="0" fileid="44" />
                <SequencePoint vc="0" uspid="9817" ordinal="0" offset="16" sl="53" sc="0" el="53" ec="0" bec="0" bev="0" fileid="44" />
                <SequencePoint vc="0" uspid="9818" ordinal="0" offset="17" sl="54" sc="0" el="54" ec="0" bec="0" bev="0" fileid="44" />
                <SequencePoint vc="0" uspid="9819" ordinal="0" offset="28" sl="55" sc="0" el="55" ec="0" bec="0" bev="0" fileid="44" />
                <SequencePoint vc="0" uspid="9820" ordinal="0" offset="30" sl="57" sc="0" el="57" ec="0" bec="0" bev="0" fileid="44" />
                <SequencePoint vc="0" uspid="9821" ordinal="0" offset="43" sl="59" sc="0" el="59" ec="0" bec="0" bev="0" fileid="44" />
                <SequencePoint vc="0" uspid="9822" ordinal="0" offset="44" sl="60" sc="0" el="60" ec="0" bec="0" bev="0" fileid="44" />
                <SequencePoint vc="0" uspid="9823" ordinal="0" offset="56" sl="61" sc="0" el="61" ec="0" bec="0" bev="0" fileid="44" />
                <SequencePoint vc="0" uspid="9824" ordinal="0" offset="64" sl="62" sc="0" el="62" ec="0" bec="0" bev="0" fileid="44" />
                <SequencePoint vc="0" uspid="9825" ordinal="0" offset="67" sl="63" sc="0" el="63" ec="0" bec="0" bev="0" fileid="44" />
                <SequencePoint vc="0" uspid="9826" ordinal="0" offset="68" sl="64" sc="0" el="64" ec="0" bec="0" bev="0" fileid="44" />
                <SequencePoint vc="0" uspid="9827" ordinal="0" offset="69" sl="65" sc="0" el="65" ec="0" bec="0" bev="0" fileid="44" />
                <SequencePoint vc="0" uspid="9828" ordinal="0" offset="91" sl="66" sc="0" el="66" ec="0" bec="0" bev="0" fileid="44" />
                <SequencePoint vc="0" uspid="9829" ordinal="0" offset="94" sl="67" sc="0" el="67" ec="0" bec="0" bev="0" fileid="44" />
              </SequencePoints>
              <BranchPoints />
            </Method>
            <Method visited="false" cyclomaticComplexity="0" nPathComplexity="0" sequenceCoverage="0.0" branchCoverage="0" crapScore="0" isConstructor="false" isStatic="false" isGetter="false" isSetter="false">
              <Summary numSequencePoints="19" visitedSequencePoints="0" numBranchPoints="0" visitedBranchPoints="0" sequenceCoverage="0.0" branchCoverage="0" maxCyclomaticComplexity="0" minCyclomaticComplexity="0" maxCrapScore="0" minCrapScore="0" visitedClasses="0" numClasses="0" visitedMethods="0" numMethods="1" />
              <MetadataToken>100663337</MetadataToken>
              <Name>T AwARe.PolygonSaveLoadManager::LoadDataFromJson[T](System.String)</Name>
              <FileRef uid="44" />
              <SequencePoints>
                <SequencePoint vc="0" uspid="9830" ordinal="0" offset="0" sl="75" sc="0" el="75" ec="0" bec="0" bev="0" fileid="44" />
                <SequencePoint vc="0" uspid="9831" ordinal="0" offset="1" sl="76" sc="0" el="76" ec="0" bec="0" bev="0" fileid="44" />
                <SequencePoint vc="0" uspid="9832" ordinal="0" offset="16" sl="77" sc="0" el="77" ec="0" bec="0" bev="0" fileid="44" />
                <SequencePoint vc="0" uspid="9833" ordinal="0" offset="17" sl="78" sc="0" el="78" ec="0" bec="0" bev="0" fileid="44" />
                <SequencePoint vc="0" uspid="9834" ordinal="0" offset="28" sl="79" sc="0" el="79" ec="0" bec="0" bev="0" fileid="44" />
                <SequencePoint vc="0" uspid="9835" ordinal="0" offset="40" sl="82" sc="0" el="82" ec="0" bec="0" bev="0" fileid="44" />
                <SequencePoint vc="0" uspid="9836" ordinal="0" offset="53" sl="84" sc="0" el="84" ec="0" bec="0" bev="0" fileid="44" />
                <SequencePoint vc="0" uspid="9837" ordinal="0" offset="65" sl="85" sc="0" el="85" ec="0" bec="0" bev="0" fileid="44" />
                <SequencePoint vc="0" uspid="9838" ordinal="0" offset="66" sl="87" sc="0" el="87" ec="0" bec="0" bev="0" fileid="44" />
                <SequencePoint vc="0" uspid="9839" ordinal="0" offset="67" sl="88" sc="0" el="88" ec="0" bec="0" bev="0" fileid="44" />
                <SequencePoint vc="0" uspid="9840" ordinal="0" offset="75" sl="89" sc="0" el="89" ec="0" bec="0" bev="0" fileid="44" />
                <SequencePoint vc="0" uspid="9841" ordinal="0" offset="85" sl="91" sc="0" el="91" ec="0" bec="0" bev="0" fileid="44" />
                <SequencePoint vc="0" uspid="9842" ordinal="0" offset="87" sl="92" sc="0" el="92" ec="0" bec="0" bev="0" fileid="44" />
                <SequencePoint vc="0" uspid="9843" ordinal="0" offset="88" sl="93" sc="0" el="93" ec="0" bec="0" bev="0" fileid="44" />
                <SequencePoint vc="0" uspid="9844" ordinal="0" offset="117" sl="94" sc="0" el="94" ec="0" bec="0" bev="0" fileid="44" />
                <SequencePoint vc="0" uspid="9845" ordinal="0" offset="129" sl="98" sc="0" el="98" ec="0" bec="0" bev="0" fileid="44" />
                <SequencePoint vc="0" uspid="9846" ordinal="0" offset="130" sl="99" sc="0" el="99" ec="0" bec="0" bev="0" fileid="44" />
                <SequencePoint vc="0" uspid="9847" ordinal="0" offset="147" sl="100" sc="0" el="100" ec="0" bec="0" bev="0" fileid="44" />
                <SequencePoint vc="0" uspid="9848" ordinal="0" offset="159" sl="102" sc="0" el="102" ec="0" bec="0" bev="0" fileid="44" />
              </SequencePoints>
              <BranchPoints />
            </Method>
          </Methods>
        </Class>
        <Class>
          <Summary numSequencePoints="44" visitedSequencePoints="37" numBranchPoints="0" visitedBranchPoints="0" sequenceCoverage="84.09" branchCoverage="0.0" maxCyclomaticComplexity="0" minCyclomaticComplexity="0" maxCrapScore="0" minCrapScore="0" visitedClasses="1" numClasses="1" visitedMethods="10" numMethods="10" />
          <FullName>AwARe.RoomScan.Polygons.Objects.PolygonDrawer</FullName>
          <Methods>
            <Method visited="true" cyclomaticComplexity="0" nPathComplexity="0" sequenceCoverage="100.0" branchCoverage="0" crapScore="0" isConstructor="false" isStatic="false" isGetter="true" isSetter="false">
              <Summary numSequencePoints="1" visitedSequencePoints="1" numBranchPoints="0" visitedBranchPoints="0" sequenceCoverage="100.0" branchCoverage="0" maxCyclomaticComplexity="0" minCyclomaticComplexity="0" maxCrapScore="0" minCrapScore="0" visitedClasses="0" numClasses="0" visitedMethods="1" numMethods="1" />
              <MetadataToken>100663339</MetadataToken>
              <Name>AwARe.Data.Logic.Polygon AwARe.RoomScan.Polygons.Objects.PolygonDrawer::get_ScanningPolygon()</Name>
              <FileRef uid="45" />
              <SequencePoints>
                <SequencePoint vc="72" uspid="9849" ordinal="0" offset="0" sl="29" sc="41" el="29" ec="41" bec="0" bev="0" fileid="45" />
              </SequencePoints>
              <BranchPoints />
            </Method>
            <Method visited="true" cyclomaticComplexity="0" nPathComplexity="0" sequenceCoverage="100.0" branchCoverage="0" crapScore="0" isConstructor="false" isStatic="false" isGetter="false" isSetter="true">
              <Summary numSequencePoints="1" visitedSequencePoints="1" numBranchPoints="0" visitedBranchPoints="0" sequenceCoverage="100.0" branchCoverage="0" maxCyclomaticComplexity="0" minCyclomaticComplexity="0" maxCrapScore="0" minCrapScore="0" visitedClasses="0" numClasses="0" visitedMethods="1" numMethods="1" />
              <MetadataToken>100663340</MetadataToken>
              <Name>System.Void AwARe.RoomScan.Polygons.Objects.PolygonDrawer::set_ScanningPolygon(AwARe.Data.Logic.Polygon)</Name>
              <FileRef uid="45" />
              <SequencePoints>
                <SequencePoint vc="8" uspid="9850" ordinal="0" offset="0" sl="29" sc="54" el="29" ec="54" bec="0" bev="0" fileid="45" />
              </SequencePoints>
              <BranchPoints />
            </Method>
            <Method visited="true" cyclomaticComplexity="0" nPathComplexity="0" sequenceCoverage="100.0" branchCoverage="0" crapScore="0" isConstructor="false" isStatic="false" isGetter="false" isSetter="false">
              <Summary numSequencePoints="7" visitedSequencePoints="7" numBranchPoints="0" visitedBranchPoints="0" sequenceCoverage="100.0" branchCoverage="0" maxCyclomaticComplexity="0" minCyclomaticComplexity="0" maxCrapScore="0" minCrapScore="0" visitedClasses="0" numClasses="0" visitedMethods="1" numMethods="1" />
              <MetadataToken>100663341</MetadataToken>
              <Name>System.Void AwARe.RoomScan.Polygons.Objects.PolygonDrawer::Start()</Name>
              <FileRef uid="45" />
              <SequencePoints>
                <SequencePoint vc="17" uspid="9851" ordinal="0" offset="0" sl="32" sc="9" el="32" ec="9" bec="0" bev="0" fileid="45" />
                <SequencePoint vc="17" uspid="9852" ordinal="0" offset="1" sl="33" sc="13" el="33" ec="13" bec="0" bev="0" fileid="45" />
                <SequencePoint vc="17" uspid="9853" ordinal="0" offset="34" sl="34" sc="13" el="34" ec="13" bec="0" bev="0" fileid="45" />
                <SequencePoint vc="17" uspid="9854" ordinal="0" offset="52" sl="35" sc="13" el="35" ec="13" bec="0" bev="0" fileid="45" />
                <SequencePoint vc="17" uspid="9855" ordinal="0" offset="85" sl="36" sc="13" el="36" ec="13" bec="0" bev="0" fileid="45" />
                <SequencePoint vc="17" uspid="9856" ordinal="0" offset="103" sl="37" sc="13" el="37" ec="13" bec="0" bev="0" fileid="45" />
                <SequencePoint vc="17" uspid="9857" ordinal="0" offset="120" sl="38" sc="9" el="38" ec="9" bec="0" bev="0" fileid="45" />
              </SequencePoints>
              <BranchPoints />
            </Method>
            <Method visited="true" cyclomaticComplexity="0" nPathComplexity="0" sequenceCoverage="42.86" branchCoverage="0" crapScore="0" isConstructor="false" isStatic="false" isGetter="false" isSetter="false">
              <Summary numSequencePoints="7" visitedSequencePoints="3" numBranchPoints="0" visitedBranchPoints="0" sequenceCoverage="42.86" branchCoverage="0" maxCyclomaticComplexity="0" minCyclomaticComplexity="0" maxCrapScore="0" minCrapScore="0" visitedClasses="0" numClasses="0" visitedMethods="1" numMethods="1" />
              <MetadataToken>100663342</MetadataToken>
              <Name>System.Void AwARe.RoomScan.Polygons.Objects.PolygonDrawer::Update()</Name>
              <FileRef uid="45" />
              <SequencePoints>
                <SequencePoint vc="72" uspid="9858" ordinal="0" offset="0" sl="41" sc="9" el="41" ec="9" bec="0" bev="0" fileid="45" />
                <SequencePoint vc="72" uspid="9859" ordinal="0" offset="1" sl="42" sc="13" el="42" ec="13" bec="0" bev="0" fileid="45" />
                <SequencePoint vc="0" uspid="9860" ordinal="0" offset="14" sl="43" sc="13" el="43" ec="13" bec="0" bev="0" fileid="45" />
                <SequencePoint vc="0" uspid="9861" ordinal="0" offset="15" sl="44" sc="17" el="44" ec="17" bec="0" bev="0" fileid="45" />
                <SequencePoint vc="0" uspid="9862" ordinal="0" offset="22" sl="45" sc="17" el="45" ec="17" bec="0" bev="0" fileid="45" />
                <SequencePoint vc="0" uspid="9863" ordinal="0" offset="29" sl="46" sc="13" el="46" ec="13" bec="0" bev="0" fileid="45" />
                <SequencePoint vc="72" uspid="9864" ordinal="0" offset="30" sl="47" sc="9" el="47" ec="9" bec="0" bev="0" fileid="45" />
              </SequencePoints>
              <BranchPoints />
            </Method>
            <Method visited="true" cyclomaticComplexity="0" nPathComplexity="0" sequenceCoverage="100.0" branchCoverage="0" crapScore="0" isConstructor="false" isStatic="false" isGetter="false" isSetter="false">
              <Summary numSequencePoints="6" visitedSequencePoints="6" numBranchPoints="0" visitedBranchPoints="0" sequenceCoverage="100.0" branchCoverage="0" maxCyclomaticComplexity="0" minCyclomaticComplexity="0" maxCrapScore="0" minCrapScore="0" visitedClasses="0" numClasses="0" visitedMethods="1" numMethods="1" />
              <MetadataToken>100663343</MetadataToken>
              <Name>System.Void AwARe.RoomScan.Polygons.Objects.PolygonDrawer::Reset()</Name>
              <FileRef uid="45" />
              <SequencePoints>
                <SequencePoint vc="1" uspid="9865" ordinal="0" offset="0" sl="53" sc="9" el="53" ec="9" bec="0" bev="0" fileid="45" />
                <SequencePoint vc="1" uspid="9866" ordinal="0" offset="1" sl="54" sc="13" el="54" ec="13" bec="0" bev="0" fileid="45" />
                <SequencePoint vc="1" uspid="9867" ordinal="0" offset="12" sl="55" sc="13" el="55" ec="13" bec="0" bev="0" fileid="45" />
                <SequencePoint vc="1" uspid="9868" ordinal="0" offset="30" sl="56" sc="13" el="56" ec="13" bec="0" bev="0" fileid="45" />
                <SequencePoint vc="1" uspid="9869" ordinal="0" offset="48" sl="57" sc="13" el="57" ec="13" bec="0" bev="0" fileid="45" />
                <SequencePoint vc="1" uspid="9870" ordinal="0" offset="66" sl="58" sc="9" el="58" ec="9" bec="0" bev="0" fileid="45" />
              </SequencePoints>
              <BranchPoints />
            </Method>
            <Method visited="true" cyclomaticComplexity="0" nPathComplexity="0" sequenceCoverage="100.0" branchCoverage="0" crapScore="0" isConstructor="false" isStatic="false" isGetter="false" isSetter="false">
              <Summary numSequencePoints="4" visitedSequencePoints="4" numBranchPoints="0" visitedBranchPoints="0" sequenceCoverage="100.0" branchCoverage="0" maxCyclomaticComplexity="0" minCyclomaticComplexity="0" maxCrapScore="0" minCrapScore="0" visitedClasses="0" numClasses="0" visitedMethods="1" numMethods="1" />
              <MetadataToken>100663346</MetadataToken>
              <Name>System.Void AwARe.RoomScan.Polygons.Objects.PolygonDrawer::ClearScanningLines()</Name>
              <FileRef uid="45" />
              <SequencePoints>
                <SequencePoint vc="3" uspid="9878" ordinal="0" offset="0" sl="83" sc="9" el="83" ec="9" bec="0" bev="0" fileid="45" />
                <SequencePoint vc="3" uspid="9879" ordinal="0" offset="1" sl="84" sc="13" el="84" ec="13" bec="0" bev="0" fileid="45" />
                <SequencePoint vc="3" uspid="9880" ordinal="0" offset="19" sl="85" sc="13" el="85" ec="13" bec="0" bev="0" fileid="45" />
                <SequencePoint vc="3" uspid="9881" ordinal="0" offset="37" sl="86" sc="9" el="86" ec="9" bec="0" bev="0" fileid="45" />
              </SequencePoints>
              <BranchPoints />
            </Method>
            <Method visited="true" cyclomaticComplexity="0" nPathComplexity="0" sequenceCoverage="100.0" branchCoverage="0" crapScore="0" isConstructor="false" isStatic="false" isGetter="false" isSetter="false">
              <Summary numSequencePoints="4" visitedSequencePoints="4" numBranchPoints="0" visitedBranchPoints="0" sequenceCoverage="100.0" branchCoverage="0" maxCyclomaticComplexity="0" minCyclomaticComplexity="0" maxCrapScore="0" minCrapScore="0" visitedClasses="0" numClasses="0" visitedMethods="1" numMethods="1" />
              <MetadataToken>100663347</MetadataToken>
              <Name>System.Void AwARe.RoomScan.Polygons.Objects.PolygonDrawer::UpdateLine(UnityEngine.LineRenderer, AwARe.Data.Logic.Polygon)</Name>
              <FileRef uid="45" />
              <SequencePoints>
                <SequencePoint vc="4" uspid="9882" ordinal="0" offset="0" sl="94" sc="9" el="94" ec="9" bec="0" bev="0" fileid="45" />
                <SequencePoint vc="4" uspid="9883" ordinal="0" offset="1" sl="95" sc="13" el="95" ec="13" bec="0" bev="0" fileid="45" />
                <SequencePoint vc="4" uspid="9884" ordinal="0" offset="14" sl="96" sc="13" el="96" ec="13" bec="0" bev="0" fileid="45" />
                <SequencePoint vc="4" uspid="9885" ordinal="0" offset="27" sl="97" sc="9" el="97" ec="9" bec="0" bev="0" fileid="45" />
              </SequencePoints>
              <BranchPoints />
            </Method>
            <Method visited="true" cyclomaticComplexity="0" nPathComplexity="0" sequenceCoverage="70.00" branchCoverage="0" crapScore="0" isConstructor="false" isStatic="false" isGetter="false" isSetter="false">
              <Summary numSequencePoints="10" visitedSequencePoints="7" numBranchPoints="0" visitedBranchPoints="0" sequenceCoverage="70.00" branchCoverage="0" maxCyclomaticComplexity="0" minCyclomaticComplexity="0" maxCrapScore="0" minCrapScore="0" visitedClasses="0" numClasses="0" visitedMethods="1" numMethods="1" />
              <MetadataToken>100663351</MetadataToken>
              <Name>System.Void AwARe.RoomScan.Polygons.Objects.PolygonDrawer::DrawPolygon(AwARe.Data.Logic.Polygon, System.Boolean)</Name>
              <FileRef uid="45" />
              <SequencePoints>
                <SequencePoint vc="3" uspid="9918" ordinal="0" offset="0" sl="152" sc="9" el="152" ec="9" bec="0" bev="0" fileid="45" />
                <SequencePoint vc="3" uspid="9919" ordinal="0" offset="1" sl="153" sc="13" el="153" ec="13" bec="0" bev="0" fileid="45" />
                <SequencePoint vc="3" uspid="9920" ordinal="0" offset="19" sl="154" sc="13" el="154" ec="13" bec="0" bev="0" fileid="45" />
                <SequencePoint vc="3" uspid="9921" ordinal="0" offset="26" sl="155" sc="13" el="155" ec="13" bec="0" bev="0" fileid="45" />
                <SequencePoint vc="0" uspid="9922" ordinal="0" offset="31" sl="156" sc="13" el="156" ec="13" bec="0" bev="0" fileid="45" />
                <SequencePoint vc="0" uspid="9923" ordinal="0" offset="32" sl="157" sc="17" el="157" ec="17" bec="0" bev="0" fileid="45" />
                <SequencePoint vc="0" uspid="9924" ordinal="0" offset="45" sl="158" sc="13" el="158" ec="13" bec="0" bev="0" fileid="45" />
                <SequencePoint vc="3" uspid="9925" ordinal="0" offset="46" sl="159" sc="13" el="159" ec="13" bec="0" bev="0" fileid="45" />
                <SequencePoint vc="3" uspid="9926" ordinal="0" offset="54" sl="160" sc="13" el="160" ec="13" bec="0" bev="0" fileid="45" />
                <SequencePoint vc="3" uspid="9927" ordinal="0" offset="63" sl="161" sc="9" el="161" ec="9" bec="0" bev="0" fileid="45" />
              </SequencePoints>
              <BranchPoints />
            </Method>
            <Method visited="true" cyclomaticComplexity="0" nPathComplexity="0" sequenceCoverage="100.0" branchCoverage="0" crapScore="0" isConstructor="false" isStatic="false" isGetter="false" isSetter="false">
              <Summary numSequencePoints="3" visitedSequencePoints="3" numBranchPoints="0" visitedBranchPoints="0" sequenceCoverage="100.0" branchCoverage="0" maxCyclomaticComplexity="0" minCyclomaticComplexity="0" maxCrapScore="0" minCrapScore="0" visitedClasses="0" numClasses="0" visitedMethods="1" numMethods="1" />
              <MetadataToken>100663352</MetadataToken>
              <Name>System.Void AwARe.RoomScan.Polygons.Objects.PolygonDrawer::SetLineColor(UnityEngine.LineRenderer, UnityEngine.Color)</Name>
              <FileRef uid="45" />
              <SequencePoints>
                <SequencePoint vc="34" uspid="9928" ordinal="0" offset="0" sl="169" sc="9" el="169" ec="9" bec="0" bev="0" fileid="45" />
                <SequencePoint vc="34" uspid="9929" ordinal="0" offset="1" sl="170" sc="13" el="170" ec="13" bec="0" bev="0" fileid="45" />
                <SequencePoint vc="34" uspid="9930" ordinal="0" offset="19" sl="171" sc="9" el="171" ec="9" bec="0" bev="0" fileid="45" />
              </SequencePoints>
              <BranchPoints />
            </Method>
            <Method visited="true" cyclomaticComplexity="0" nPathComplexity="0" sequenceCoverage="100.0" branchCoverage="0" crapScore="0" isConstructor="true" isStatic="false" isGetter="false" isSetter="false">
              <Summary numSequencePoints="1" visitedSequencePoints="1" numBranchPoints="0" visitedBranchPoints="0" sequenceCoverage="100.0" branchCoverage="0" maxCyclomaticComplexity="0" minCyclomaticComplexity="0" maxCrapScore="0" minCrapScore="0" visitedClasses="0" numClasses="0" visitedMethods="1" numMethods="1" />
              <MetadataToken>100663353</MetadataToken>
              <Name>AwARe.RoomScan.Polygons.Objects.PolygonDrawer::PolygonDrawer()</Name>
              <FileRef uid="45" />
              <SequencePoints>
                <SequencePoint vc="38" uspid="9931" ordinal="0" offset="0" sl="24" sc="9" el="24" ec="9" bec="0" bev="0" fileid="45" />
              </SequencePoints>
              <BranchPoints />
            </Method>
          </Methods>
        </Class>
        <Class>
          <Summary numSequencePoints="95" visitedSequencePoints="87" numBranchPoints="0" visitedBranchPoints="0" sequenceCoverage="91.58" branchCoverage="0.0" maxCyclomaticComplexity="0" minCyclomaticComplexity="0" maxCrapScore="0" minCrapScore="0" visitedClasses="1" numClasses="1" visitedMethods="16" numMethods="16" />
          <FullName>AwARe.RoomScan.Polygons.Objects.PolygonManager</FullName>
          <Methods>
            <Method visited="true" cyclomaticComplexity="0" nPathComplexity="0" sequenceCoverage="100.0" branchCoverage="0" crapScore="0" isConstructor="false" isStatic="false" isGetter="true" isSetter="false">
              <Summary numSequencePoints="1" visitedSequencePoints="1" numBranchPoints="0" visitedBranchPoints="0" sequenceCoverage="100.0" branchCoverage="0" maxCyclomaticComplexity="0" minCyclomaticComplexity="0" maxCrapScore="0" minCrapScore="0" visitedClasses="0" numClasses="0" visitedMethods="1" numMethods="1" />
              <MetadataToken>100663354</MetadataToken>
              <Name>AwARe.RoomScan.Polygons.Logic.Room AwARe.RoomScan.Polygons.Objects.PolygonManager::get_Room()</Name>
              <FileRef uid="46" />
              <SequencePoints>
                <SequencePoint vc="14" uspid="9932" ordinal="0" offset="0" sl="48" sc="28" el="48" ec="28" bec="0" bev="0" fileid="46" />
              </SequencePoints>
              <BranchPoints />
            </Method>
            <Method visited="true" cyclomaticComplexity="0" nPathComplexity="0" sequenceCoverage="100.0" branchCoverage="0" crapScore="0" isConstructor="false" isStatic="false" isGetter="false" isSetter="true">
              <Summary numSequencePoints="1" visitedSequencePoints="1" numBranchPoints="0" visitedBranchPoints="0" sequenceCoverage="100.0" branchCoverage="0" maxCyclomaticComplexity="0" minCyclomaticComplexity="0" maxCrapScore="0" minCrapScore="0" visitedClasses="0" numClasses="0" visitedMethods="1" numMethods="1" />
              <MetadataToken>100663355</MetadataToken>
              <Name>System.Void AwARe.RoomScan.Polygons.Objects.PolygonManager::set_Room(AwARe.RoomScan.Polygons.Logic.Room)</Name>
              <FileRef uid="46" />
              <SequencePoints>
                <SequencePoint vc="5" uspid="9933" ordinal="0" offset="0" sl="48" sc="33" el="48" ec="33" bec="0" bev="0" fileid="46" />
              </SequencePoints>
              <BranchPoints />
            </Method>
            <Method visited="true" cyclomaticComplexity="0" nPathComplexity="0" sequenceCoverage="100.0" branchCoverage="0" crapScore="0" isConstructor="false" isStatic="false" isGetter="true" isSetter="false">
              <Summary numSequencePoints="1" visitedSequencePoints="1" numBranchPoints="0" visitedBranchPoints="0" sequenceCoverage="100.0" branchCoverage="0" maxCyclomaticComplexity="0" minCyclomaticComplexity="0" maxCrapScore="0" minCrapScore="0" visitedClasses="0" numClasses="0" visitedMethods="1" numMethods="1" />
              <MetadataToken>100663356</MetadataToken>
              <Name>AwARe.Data.Logic.Polygon AwARe.RoomScan.Polygons.Objects.PolygonManager::get_CurrentPolygon()</Name>
              <FileRef uid="46" />
              <SequencePoints>
                <SequencePoint vc="9" uspid="9934" ordinal="0" offset="0" sl="51" sc="41" el="51" ec="41" bec="0" bev="0" fileid="46" />
              </SequencePoints>
              <BranchPoints />
            </Method>
            <Method visited="true" cyclomaticComplexity="0" nPathComplexity="0" sequenceCoverage="100.0" branchCoverage="0" crapScore="0" isConstructor="false" isStatic="false" isGetter="false" isSetter="true">
              <Summary numSequencePoints="1" visitedSequencePoints="1" numBranchPoints="0" visitedBranchPoints="0" sequenceCoverage="100.0" branchCoverage="0" maxCyclomaticComplexity="0" minCyclomaticComplexity="0" maxCrapScore="0" minCrapScore="0" visitedClasses="0" numClasses="0" visitedMethods="1" numMethods="1" />
              <MetadataToken>100663357</MetadataToken>
              <Name>System.Void AwARe.RoomScan.Polygons.Objects.PolygonManager::set_CurrentPolygon(AwARe.Data.Logic.Polygon)</Name>
              <FileRef uid="46" />
              <SequencePoints>
                <SequencePoint vc="7" uspid="9935" ordinal="0" offset="0" sl="51" sc="46" el="51" ec="46" bec="0" bev="0" fileid="46" />
              </SequencePoints>
              <BranchPoints />
            </Method>
            <Method visited="true" cyclomaticComplexity="0" nPathComplexity="0" sequenceCoverage="100.0" branchCoverage="0" crapScore="0" isConstructor="false" isStatic="false" isGetter="false" isSetter="false">
              <Summary numSequencePoints="19" visitedSequencePoints="19" numBranchPoints="0" visitedBranchPoints="0" sequenceCoverage="100.0" branchCoverage="0" maxCyclomaticComplexity="0" minCyclomaticComplexity="0" maxCrapScore="0" minCrapScore="0" visitedClasses="0" numClasses="0" visitedMethods="1" numMethods="1" />
              <MetadataToken>100663358</MetadataToken>
              <Name>System.Void AwARe.RoomScan.Polygons.Objects.PolygonManager::Awake()</Name>
              <FileRef uid="46" />
              <SequencePoints>
                <SequencePoint vc="4" uspid="9936" ordinal="0" offset="0" sl="54" sc="9" el="54" ec="9" bec="0" bev="0" fileid="46" />
                <SequencePoint vc="4" uspid="9937" ordinal="0" offset="1" sl="56" sc="13" el="56" ec="13" bec="0" bev="0" fileid="46" />
                <SequencePoint vc="4" uspid="9938" ordinal="0" offset="19" sl="57" sc="13" el="57" ec="13" bec="0" bev="0" fileid="46" />
                <SequencePoint vc="4" uspid="9939" ordinal="0" offset="20" sl="58" sc="17" el="58" ec="17" bec="0" bev="0" fileid="46" />
                <SequencePoint vc="4" uspid="9940" ordinal="0" offset="44" sl="59" sc="17" el="59" ec="17" bec="0" bev="0" fileid="46" />
                <SequencePoint vc="4" uspid="9941" ordinal="0" offset="56" sl="60" sc="13" el="60" ec="13" bec="0" bev="0" fileid="46" />
                <SequencePoint vc="4" uspid="9942" ordinal="0" offset="57" sl="63" sc="13" el="63" ec="13" bec="0" bev="0" fileid="46" />
                <SequencePoint vc="4" uspid="9943" ordinal="0" offset="95" sl="64" sc="13" el="64" ec="13" bec="0" bev="0" fileid="46" />
                <SequencePoint vc="4" uspid="9944" ordinal="0" offset="133" sl="65" sc="13" el="65" ec="13" bec="0" bev="0" fileid="46" />
                <SequencePoint vc="4" uspid="9945" ordinal="0" offset="171" sl="66" sc="13" el="66" ec="13" bec="0" bev="0" fileid="46" />
                <SequencePoint vc="4" uspid="9946" ordinal="0" offset="209" sl="67" sc="13" el="67" ec="13" bec="0" bev="0" fileid="46" />
                <SequencePoint vc="4" uspid="9947" ordinal="0" offset="248" sl="68" sc="13" el="68" ec="13" bec="0" bev="0" fileid="46" />
                <SequencePoint vc="4" uspid="9948" ordinal="0" offset="287" sl="69" sc="13" el="69" ec="13" bec="0" bev="0" fileid="46" />
                <SequencePoint vc="4" uspid="9949" ordinal="0" offset="311" sl="70" sc="13" el="70" ec="13" bec="0" bev="0" fileid="46" />
                <SequencePoint vc="4" uspid="9950" ordinal="0" offset="335" sl="71" sc="13" el="71" ec="13" bec="0" bev="0" fileid="46" />
                <SequencePoint vc="4" uspid="9951" ordinal="0" offset="359" sl="72" sc="13" el="72" ec="13" bec="0" bev="0" fileid="46" />
                <SequencePoint vc="4" uspid="9952" ordinal="0" offset="383" sl="73" sc="13" el="73" ec="13" bec="0" bev="0" fileid="46" />
                <SequencePoint vc="4" uspid="9953" ordinal="0" offset="408" sl="74" sc="13" el="74" ec="13" bec="0" bev="0" fileid="46" />
                <SequencePoint vc="4" uspid="9954" ordinal="0" offset="433" sl="75" sc="9" el="75" ec="9" bec="0" bev="0" fileid="46" />
              </SequencePoints>
              <BranchPoints />
            </Method>
            <Method visited="true" cyclomaticComplexity="0" nPathComplexity="0" sequenceCoverage="66.67" branchCoverage="0" crapScore="0" isConstructor="false" isStatic="false" isGetter="false" isSetter="false">
              <Summary numSequencePoints="9" visitedSequencePoints="6" numBranchPoints="0" visitedBranchPoints="0" sequenceCoverage="66.67" branchCoverage="0" maxCyclomaticComplexity="0" minCyclomaticComplexity="0" maxCrapScore="0" minCrapScore="0" visitedClasses="0" numClasses="0" visitedMethods="1" numMethods="1" />
              <MetadataToken>100663359</MetadataToken>
              <Name>System.Void AwARe.RoomScan.Polygons.Objects.PolygonManager::Start()</Name>
              <FileRef uid="46" />
              <SequencePoints>
                <SequencePoint vc="4" uspid="9955" ordinal="0" offset="0" sl="78" sc="9" el="78" ec="9" bec="0" bev="0" fileid="46" />
                <SequencePoint vc="4" uspid="9956" ordinal="0" offset="1" sl="79" sc="13" el="79" ec="13" bec="0" bev="0" fileid="46" />
                <SequencePoint vc="4" uspid="9957" ordinal="0" offset="13" sl="80" sc="13" el="80" ec="13" bec="0" bev="0" fileid="46" />
                <SequencePoint vc="4" uspid="9958" ordinal="0" offset="27" sl="85" sc="13" el="85" ec="13" bec="0" bev="0" fileid="46" />
                <SequencePoint vc="0" uspid="9959" ordinal="0" offset="54" sl="86" sc="13" el="86" ec="13" bec="0" bev="0" fileid="46" />
                <SequencePoint vc="0" uspid="9960" ordinal="0" offset="55" sl="87" sc="17" el="87" ec="17" bec="0" bev="0" fileid="46" />
                <SequencePoint vc="0" uspid="9961" ordinal="0" offset="63" sl="88" sc="13" el="88" ec="13" bec="0" bev="0" fileid="46" />
                <SequencePoint vc="4" uspid="9962" ordinal="0" offset="66" sl="89" sc="18" el="89" ec="18" bec="0" bev="0" fileid="46" />
                <SequencePoint vc="4" uspid="9963" ordinal="0" offset="74" sl="91" sc="9" el="91" ec="9" bec="0" bev="0" fileid="46" />
              </SequencePoints>
              <BranchPoints />
            </Method>
            <Method visited="true" cyclomaticComplexity="0" nPathComplexity="0" sequenceCoverage="75.00" branchCoverage="0" crapScore="0" isConstructor="false" isStatic="false" isGetter="false" isSetter="false">
              <Summary numSequencePoints="4" visitedSequencePoints="3" numBranchPoints="0" visitedBranchPoints="0" sequenceCoverage="75.00" branchCoverage="0" maxCyclomaticComplexity="0" minCyclomaticComplexity="0" maxCrapScore="0" minCrapScore="0" visitedClasses="0" numClasses="0" visitedMethods="1" numMethods="1" />
              <MetadataToken>100663360</MetadataToken>
              <Name>System.Void AwARe.RoomScan.Polygons.Objects.PolygonManager::Update()</Name>
              <FileRef uid="46" />
              <SequencePoints>
                <SequencePoint vc="17" uspid="9964" ordinal="0" offset="0" sl="93" sc="9" el="93" ec="9" bec="0" bev="0" fileid="46" />
                <SequencePoint vc="17" uspid="9965" ordinal="0" offset="1" sl="94" sc="13" el="94" ec="13" bec="0" bev="0" fileid="46" />
                <SequencePoint vc="0" uspid="9966" ordinal="0" offset="11" sl="95" sc="17" el="95" ec="17" bec="0" bev="0" fileid="46" />
                <SequencePoint vc="17" uspid="9967" ordinal="0" offset="29" sl="96" sc="9" el="96" ec="9" bec="0" bev="0" fileid="46" />
              </SequencePoints>
              <BranchPoints />
            </Method>
            <Method visited="true" cyclomaticComplexity="0" nPathComplexity="0" sequenceCoverage="100.0" branchCoverage="0" crapScore="0" isConstructor="false" isStatic="false" isGetter="false" isSetter="false">
              <Summary numSequencePoints="6" visitedSequencePoints="6" numBranchPoints="0" visitedBranchPoints="0" sequenceCoverage="100.0" branchCoverage="0" maxCyclomaticComplexity="0" minCyclomaticComplexity="0" maxCrapScore="0" minCrapScore="0" visitedClasses="0" numClasses="0" visitedMethods="1" numMethods="1" />
              <MetadataToken>100663361</MetadataToken>
              <Name>System.Void AwARe.RoomScan.Polygons.Objects.PolygonManager::StartScanning()</Name>
              <FileRef uid="46" />
              <SequencePoints>
                <SequencePoint vc="1" uspid="9968" ordinal="0" offset="0" sl="102" sc="9" el="102" ec="9" bec="0" bev="0" fileid="46" />
                <SequencePoint vc="1" uspid="9969" ordinal="0" offset="1" sl="103" sc="13" el="103" ec="13" bec="0" bev="0" fileid="46" />
                <SequencePoint vc="1" uspid="9970" ordinal="0" offset="13" sl="104" sc="13" el="104" ec="13" bec="0" bev="0" fileid="46" />
                <SequencePoint vc="1" uspid="9971" ordinal="0" offset="25" sl="105" sc="13" el="105" ec="13" bec="0" bev="0" fileid="46" />
                <SequencePoint vc="1" uspid="9972" ordinal="0" offset="37" sl="106" sc="13" el="106" ec="13" bec="0" bev="0" fileid="46" />
                <SequencePoint vc="1" uspid="9973" ordinal="0" offset="45" sl="107" sc="9" el="107" ec="9" bec="0" bev="0" fileid="46" />
              </SequencePoints>
              <BranchPoints />
            </Method>
            <Method visited="true" cyclomaticComplexity="0" nPathComplexity="0" sequenceCoverage="100.0" branchCoverage="0" crapScore="0" isConstructor="false" isStatic="false" isGetter="false" isSetter="false">
              <Summary numSequencePoints="4" visitedSequencePoints="4" numBranchPoints="0" visitedBranchPoints="0" sequenceCoverage="100.0" branchCoverage="0" maxCyclomaticComplexity="0" minCyclomaticComplexity="0" maxCrapScore="0" minCrapScore="0" visitedClasses="0" numClasses="0" visitedMethods="1" numMethods="1" />
              <MetadataToken>100663365</MetadataToken>
              <Name>System.Void AwARe.RoomScan.Polygons.Objects.PolygonManager::OnResetButtonClick()</Name>
              <FileRef uid="46" />
              <SequencePoints>
                <SequencePoint vc="1" uspid="9981" ordinal="0" offset="0" sl="134" sc="9" el="134" ec="9" bec="0" bev="0" fileid="46" />
                <SequencePoint vc="1" uspid="9982" ordinal="0" offset="1" sl="135" sc="13" el="135" ec="13" bec="0" bev="0" fileid="46" />
                <SequencePoint vc="1" uspid="9983" ordinal="0" offset="15" sl="136" sc="13" el="136" ec="13" bec="0" bev="0" fileid="46" />
                <SequencePoint vc="1" uspid="9984" ordinal="0" offset="22" sl="137" sc="9" el="137" ec="9" bec="0" bev="0" fileid="46" />
              </SequencePoints>
              <BranchPoints />
            </Method>
            <Method visited="true" cyclomaticComplexity="0" nPathComplexity="0" sequenceCoverage="100.0" branchCoverage="0" crapScore="0" isConstructor="false" isStatic="false" isGetter="false" isSetter="false">
              <Summary numSequencePoints="7" visitedSequencePoints="7" numBranchPoints="0" visitedBranchPoints="0" sequenceCoverage="100.0" branchCoverage="0" maxCyclomaticComplexity="0" minCyclomaticComplexity="0" maxCrapScore="0" minCrapScore="0" visitedClasses="0" numClasses="0" visitedMethods="1" numMethods="1" />
              <MetadataToken>100663366</MetadataToken>
              <Name>System.Void AwARe.RoomScan.Polygons.Objects.PolygonManager::OnApplyButtonClick()</Name>
              <FileRef uid="46" />
              <SequencePoints>
                <SequencePoint vc="3" uspid="9985" ordinal="0" offset="0" sl="143" sc="9" el="143" ec="9" bec="0" bev="0" fileid="46" />
                <SequencePoint vc="3" uspid="9986" ordinal="0" offset="1" sl="144" sc="13" el="144" ec="13" bec="0" bev="0" fileid="46" />
                <SequencePoint vc="3" uspid="9987" ordinal="0" offset="13" sl="145" sc="13" el="145" ec="13" bec="0" bev="0" fileid="46" />
                <SequencePoint vc="3" uspid="9988" ordinal="0" offset="21" sl="146" sc="13" el="146" ec="13" bec="0" bev="0" fileid="46" />
                <SequencePoint vc="3" uspid="9989" ordinal="0" offset="44" sl="148" sc="13" el="148" ec="13" bec="0" bev="0" fileid="46" />
                <SequencePoint vc="3" uspid="9990" ordinal="0" offset="81" sl="149" sc="13" el="149" ec="13" bec="0" bev="0" fileid="46" />
                <SequencePoint vc="3" uspid="9991" ordinal="0" offset="99" sl="151" sc="9" el="151" ec="9" bec="0" bev="0" fileid="46" />
              </SequencePoints>
              <BranchPoints />
            </Method>
            <Method visited="true" cyclomaticComplexity="0" nPathComplexity="0" sequenceCoverage="100.0" branchCoverage="0" crapScore="0" isConstructor="false" isStatic="false" isGetter="false" isSetter="false">
              <Summary numSequencePoints="4" visitedSequencePoints="4" numBranchPoints="0" visitedBranchPoints="0" sequenceCoverage="100.0" branchCoverage="0" maxCyclomaticComplexity="0" minCyclomaticComplexity="0" maxCrapScore="0" minCrapScore="0" visitedClasses="0" numClasses="0" visitedMethods="1" numMethods="1" />
              <MetadataToken>100663367</MetadataToken>
              <Name>System.Void AwARe.RoomScan.Polygons.Objects.PolygonManager::OnPathButtonClick()</Name>
              <FileRef uid="46" />
              <SequencePoints>
                <SequencePoint vc="4" uspid="9992" ordinal="0" offset="0" sl="157" sc="9" el="157" ec="9" bec="0" bev="0" fileid="46" />
                <SequencePoint vc="4" uspid="9993" ordinal="0" offset="1" sl="159" sc="13" el="159" ec="13" bec="0" bev="0" fileid="46" />
                <SequencePoint vc="4" uspid="9994" ordinal="0" offset="14" sl="160" sc="13" el="160" ec="13" bec="0" bev="0" fileid="46" />
                <SequencePoint vc="4" uspid="9995" ordinal="0" offset="27" sl="162" sc="9" el="162" ec="9" bec="0" bev="0" fileid="46" />
              </SequencePoints>
              <BranchPoints />
            </Method>
            <Method visited="true" cyclomaticComplexity="0" nPathComplexity="0" sequenceCoverage="76.47" branchCoverage="0" crapScore="0" isConstructor="false" isStatic="false" isGetter="false" isSetter="false">
              <Summary numSequencePoints="17" visitedSequencePoints="13" numBranchPoints="0" visitedBranchPoints="0" sequenceCoverage="76.47" branchCoverage="0" maxCyclomaticComplexity="0" minCyclomaticComplexity="0" maxCrapScore="0" minCrapScore="0" visitedClasses="0" numClasses="0" visitedMethods="1" numMethods="1" />
              <MetadataToken>100663370</MetadataToken>
              <Name>System.Void AwARe.RoomScan.Polygons.Objects.PolygonManager::GenerateAndDrawPath()</Name>
              <FileRef uid="46" />
              <SequencePoints>
                <SequencePoint vc="4" uspid="10000" ordinal="0" offset="0" sl="187" sc="9" el="187" ec="9" bec="0" bev="0" fileid="46" />
                <SequencePoint vc="4" uspid="10001" ordinal="0" offset="1" sl="188" sc="13" el="188" ec="13" bec="0" bev="0" fileid="46" />
                <SequencePoint vc="4" uspid="10002" ordinal="0" offset="7" sl="190" sc="13" el="190" ec="13" bec="0" bev="0" fileid="46" />
                <SequencePoint vc="4" uspid="10003" ordinal="0" offset="9" sl="192" sc="13" el="192" ec="13" bec="0" bev="0" fileid="46" />
                <SequencePoint vc="4" uspid="10004" ordinal="0" offset="150" sl="207" sc="13" el="207" ec="13" bec="0" bev="0" fileid="46" />
                <SequencePoint vc="4" uspid="10005" ordinal="0" offset="157" sl="210" sc="13" el="210" ec="13" bec="0" bev="0" fileid="46" />
                <SequencePoint vc="0" uspid="10006" ordinal="0" offset="164" sl="211" sc="13" el="211" ec="13" bec="0" bev="0" fileid="46" />
                <SequencePoint vc="0" uspid="10007" ordinal="0" offset="165" sl="212" sc="17" el="212" ec="17" bec="0" bev="0" fileid="46" />
                <SequencePoint vc="0" uspid="10008" ordinal="0" offset="185" sl="213" sc="17" el="213" ec="17" bec="0" bev="0" fileid="46" />
                <SequencePoint vc="0" uspid="10009" ordinal="0" offset="199" sl="214" sc="13" el="214" ec="13" bec="0" bev="0" fileid="46" />
                <SequencePoint vc="4" uspid="10010" ordinal="0" offset="202" sl="216" sc="13" el="216" ec="13" bec="0" bev="0" fileid="46" />
                <SequencePoint vc="4" uspid="10011" ordinal="0" offset="203" sl="217" sc="17" el="217" ec="17" bec="0" bev="0" fileid="46" />
                <SequencePoint vc="4" uspid="10012" ordinal="0" offset="233" sl="218" sc="13" el="218" ec="13" bec="0" bev="0" fileid="46" />
                <SequencePoint vc="4" uspid="10013" ordinal="0" offset="234" sl="220" sc="13" el="220" ec="13" bec="0" bev="0" fileid="46" />
                <SequencePoint vc="4" uspid="10014" ordinal="0" offset="257" sl="221" sc="13" el="221" ec="13" bec="0" bev="0" fileid="46" />
                <SequencePoint vc="4" uspid="10015" ordinal="0" offset="267" sl="222" sc="13" el="222" ec="13" bec="0" bev="0" fileid="46" />
                <SequencePoint vc="4" uspid="10016" ordinal="0" offset="275" sl="223" sc="9" el="223" ec="9" bec="0" bev="0" fileid="46" />
              </SequencePoints>
              <BranchPoints />
            </Method>
            <Method visited="true" cyclomaticComplexity="0" nPathComplexity="0" sequenceCoverage="100.0" branchCoverage="0" crapScore="0" isConstructor="false" isStatic="false" isGetter="false" isSetter="false">
              <Summary numSequencePoints="5" visitedSequencePoints="5" numBranchPoints="0" visitedBranchPoints="0" sequenceCoverage="100.0" branchCoverage="0" maxCyclomaticComplexity="0" minCyclomaticComplexity="0" maxCrapScore="0" minCrapScore="0" visitedClasses="0" numClasses="0" visitedMethods="1" numMethods="1" />
              <MetadataToken>100663376</MetadataToken>
              <Name>System.Void AwARe.RoomScan.Polygons.Objects.PolygonManager::SwitchToState(AwARe.RoomScan.Polygons.Objects.State)</Name>
              <FileRef uid="46" />
              <SequencePoints>
                <SequencePoint vc="8" uspid="10073" ordinal="0" offset="0" sl="337" sc="9" el="337" ec="9" bec="0" bev="0" fileid="46" />
                <SequencePoint vc="8" uspid="10074" ordinal="0" offset="1" sl="339" sc="13" el="339" ec="13" bec="0" bev="0" fileid="46" />
                <SequencePoint vc="8" uspid="10075" ordinal="0" offset="9" sl="342" sc="13" el="342" ec="13" bec="0" bev="0" fileid="46" />
                <SequencePoint vc="8" uspid="10076" ordinal="0" offset="19" sl="343" sc="13" el="343" ec="13" bec="0" bev="0" fileid="46" />
                <SequencePoint vc="8" uspid="10077" ordinal="0" offset="32" sl="344" sc="9" el="344" ec="9" bec="0" bev="0" fileid="46" />
              </SequencePoints>
              <BranchPoints />
            </Method>
            <Method visited="true" cyclomaticComplexity="0" nPathComplexity="0" sequenceCoverage="100.0" branchCoverage="0" crapScore="0" isConstructor="false" isStatic="false" isGetter="false" isSetter="false">
              <Summary numSequencePoints="12" visitedSequencePoints="12" numBranchPoints="0" visitedBranchPoints="0" sequenceCoverage="100.0" branchCoverage="0" maxCyclomaticComplexity="0" minCyclomaticComplexity="0" maxCrapScore="0" minCrapScore="0" visitedClasses="0" numClasses="0" visitedMethods="1" numMethods="1" />
              <MetadataToken>100663377</MetadataToken>
              <Name>System.Void AwARe.RoomScan.Polygons.Objects.PolygonManager::SetActive(AwARe.RoomScan.Polygons.Objects.State)</Name>
              <FileRef uid="46" />
              <SequencePoints>
                <SequencePoint vc="8" uspid="10078" ordinal="0" offset="0" sl="351" sc="9" el="351" ec="9" bec="0" bev="0" fileid="46" />
                <SequencePoint vc="8" uspid="10079" ordinal="0" offset="1" sl="353" sc="13" el="353" ec="13" bec="0" bev="0" fileid="46" />
                <SequencePoint vc="8" uspid="10080" ordinal="0" offset="14" sl="356" sc="13" el="356" ec="13" bec="0" bev="0" fileid="46" />
                <SequencePoint vc="8" uspid="10081" ordinal="0" offset="16" sl="356" sc="32" el="356" ec="32" bec="0" bev="0" fileid="46" />
                <SequencePoint vc="8" uspid="10082" ordinal="0" offset="18" sl="357" sc="13" el="357" ec="13" bec="0" bev="0" fileid="46" />
                <SequencePoint vc="1" uspid="10083" ordinal="0" offset="34" sl="360" sc="21" el="360" ec="21" bec="0" bev="0" fileid="46" />
                <SequencePoint vc="1" uspid="10084" ordinal="0" offset="36" sl="361" sc="21" el="361" ec="21" bec="0" bev="0" fileid="46" />
                <SequencePoint vc="3" uspid="10085" ordinal="0" offset="38" sl="363" sc="21" el="363" ec="21" bec="0" bev="0" fileid="46" />
                <SequencePoint vc="3" uspid="10086" ordinal="0" offset="40" sl="364" sc="21" el="364" ec="21" bec="0" bev="0" fileid="46" />
                <SequencePoint vc="8" uspid="10087" ordinal="0" offset="42" sl="368" sc="13" el="368" ec="13" bec="0" bev="0" fileid="46" />
                <SequencePoint vc="8" uspid="10088" ordinal="0" offset="60" sl="369" sc="13" el="369" ec="13" bec="0" bev="0" fileid="46" />
                <SequencePoint vc="8" uspid="10089" ordinal="0" offset="78" sl="370" sc="9" el="370" ec="9" bec="0" bev="0" fileid="46" />
              </SequencePoints>
              <BranchPoints />
            </Method>
            <Method visited="true" cyclomaticComplexity="0" nPathComplexity="0" sequenceCoverage="100.0" branchCoverage="0" crapScore="0" isConstructor="false" isStatic="false" isGetter="false" isSetter="false">
              <Summary numSequencePoints="3" visitedSequencePoints="3" numBranchPoints="0" visitedBranchPoints="0" sequenceCoverage="100.0" branchCoverage="0" maxCyclomaticComplexity="0" minCyclomaticComplexity="0" maxCrapScore="0" minCrapScore="0" visitedClasses="0" numClasses="0" visitedMethods="1" numMethods="1" />
              <MetadataToken>100663378</MetadataToken>
              <Name>System.Void AwARe.RoomScan.Polygons.Objects.PolygonManager::SetCurrentPolygon(AwARe.Data.Logic.Polygon)</Name>
              <FileRef uid="46" />
              <SequencePoints>
                <SequencePoint vc="2" uspid="10090" ordinal="0" offset="0" sl="377" sc="9" el="377" ec="9" bec="0" bev="0" fileid="46" />
                <SequencePoint vc="2" uspid="10091" ordinal="0" offset="1" sl="378" sc="13" el="378" ec="13" bec="0" bev="0" fileid="46" />
                <SequencePoint vc="2" uspid="10092" ordinal="0" offset="9" sl="379" sc="9" el="379" ec="9" bec="0" bev="0" fileid="46" />
              </SequencePoints>
              <BranchPoints />
            </Method>
            <Method visited="true" cyclomaticComplexity="0" nPathComplexity="0" sequenceCoverage="100.0" branchCoverage="0" crapScore="0" isConstructor="true" isStatic="false" isGetter="false" isSetter="false">
              <Summary numSequencePoints="1" visitedSequencePoints="1" numBranchPoints="0" visitedBranchPoints="0" sequenceCoverage="100.0" branchCoverage="0" maxCyclomaticComplexity="0" minCyclomaticComplexity="0" maxCrapScore="0" minCrapScore="0" visitedClasses="0" numClasses="0" visitedMethods="1" numMethods="1" />
              <MetadataToken>100663379</MetadataToken>
              <Name>AwARe.RoomScan.Polygons.Objects.PolygonManager::PolygonManager()</Name>
              <FileRef uid="46" />
              <SequencePoints>
                <SequencePoint vc="8" uspid="10114" ordinal="0" offset="0" sl="45" sc="9" el="45" ec="9" bec="0" bev="0" fileid="46" />
              </SequencePoints>
              <BranchPoints />
            </Method>
          </Methods>
        </Class>
        <Class>
          <Summary numSequencePoints="49" visitedSequencePoints="38" numBranchPoints="0" visitedBranchPoints="0" sequenceCoverage="77.55" branchCoverage="0.0" maxCyclomaticComplexity="0" minCyclomaticComplexity="0" maxCrapScore="0" minCrapScore="0" visitedClasses="1" numClasses="1" visitedMethods="1" numMethods="1" />
          <FullName>AwARe.RoomScan.Polygons.Objects.PolygonUI</FullName>
          <Methods>
            <Method visited="true" cyclomaticComplexity="0" nPathComplexity="0" sequenceCoverage="77.55" branchCoverage="0" crapScore="0" isConstructor="false" isStatic="false" isGetter="false" isSetter="false">
              <Summary numSequencePoints="49" visitedSequencePoints="38" numBranchPoints="0" visitedBranchPoints="0" sequenceCoverage="77.55" branchCoverage="0" maxCyclomaticComplexity="0" minCyclomaticComplexity="0" maxCrapScore="0" minCrapScore="0" visitedClasses="0" numClasses="0" visitedMethods="1" numMethods="1" />
              <MetadataToken>100663388</MetadataToken>
              <Name>System.Void AwARe.RoomScan.Polygons.Objects.PolygonUI::SetActive(AwARe.RoomScan.Polygons.Objects.State)</Name>
              <FileRef uid="48" />
              <SequencePoints>
                <SequencePoint vc="8" uspid="10139" ordinal="0" offset="0" sl="46" sc="9" el="46" ec="9" bec="0" bev="0" fileid="48" />
                <SequencePoint vc="8" uspid="10140" ordinal="0" offset="1" sl="47" sc="13" el="47" ec="13" bec="0" bev="0" fileid="48" />
                <SequencePoint vc="8" uspid="10141" ordinal="0" offset="3" sl="48" sc="17" el="48" ec="17" bec="0" bev="0" fileid="48" />
                <SequencePoint vc="8" uspid="10142" ordinal="0" offset="5" sl="49" sc="17" el="49" ec="17" bec="0" bev="0" fileid="48" />
                <SequencePoint vc="8" uspid="10143" ordinal="0" offset="7" sl="50" sc="17" el="50" ec="17" bec="0" bev="0" fileid="48" />
                <SequencePoint vc="8" uspid="10144" ordinal="0" offset="9" sl="51" sc="17" el="51" ec="17" bec="0" bev="0" fileid="48" />
                <SequencePoint vc="8" uspid="10145" ordinal="0" offset="12" sl="52" sc="17" el="52" ec="17" bec="0" bev="0" fileid="48" />
                <SequencePoint vc="8" uspid="10146" ordinal="0" offset="15" sl="53" sc="17" el="53" ec="17" bec="0" bev="0" fileid="48" />
                <SequencePoint vc="8" uspid="10147" ordinal="0" offset="18" sl="54" sc="17" el="54" ec="17" bec="0" bev="0" fileid="48" />
                <SequencePoint vc="8" uspid="10148" ordinal="0" offset="21" sl="55" sc="17" el="55" ec="17" bec="0" bev="0" fileid="48" />
                <SequencePoint vc="8" uspid="10149" ordinal="0" offset="24" sl="56" sc="17" el="56" ec="17" bec="0" bev="0" fileid="48" />
                <SequencePoint vc="8" uspid="10150" ordinal="0" offset="27" sl="57" sc="17" el="57" ec="17" bec="0" bev="0" fileid="48" />
                <SequencePoint vc="8" uspid="10151" ordinal="0" offset="30" sl="58" sc="17" el="58" ec="17" bec="0" bev="0" fileid="48" />
                <SequencePoint vc="8" uspid="10152" ordinal="0" offset="33" sl="59" sc="17" el="59" ec="17" bec="0" bev="0" fileid="48" />
                <SequencePoint vc="8" uspid="10153" ordinal="0" offset="36" sl="60" sc="13" el="60" ec="13" bec="0" bev="0" fileid="48" />
                <SequencePoint vc="0" uspid="10154" ordinal="0" offset="80" sl="63" sc="21" el="63" ec="21" bec="0" bev="0" fileid="48" />
                <SequencePoint vc="0" uspid="10155" ordinal="0" offset="82" sl="64" sc="21" el="64" ec="21" bec="0" bev="0" fileid="48" />
                <SequencePoint vc="0" uspid="10156" ordinal="0" offset="85" sl="65" sc="21" el="65" ec="21" bec="0" bev="0" fileid="48" />
                <SequencePoint vc="0" uspid="10157" ordinal="0" offset="88" sl="66" sc="21" el="66" ec="21" bec="0" bev="0" fileid="48" />
                <SequencePoint vc="0" uspid="10158" ordinal="0" offset="90" sl="68" sc="21" el="68" ec="21" bec="0" bev="0" fileid="48" />
                <SequencePoint vc="0" uspid="10159" ordinal="0" offset="93" sl="69" sc="21" el="69" ec="21" bec="0" bev="0" fileid="48" />
                <SequencePoint vc="0" uspid="10160" ordinal="0" offset="95" sl="71" sc="21" el="71" ec="21" bec="0" bev="0" fileid="48" />
                <SequencePoint vc="0" uspid="10161" ordinal="0" offset="98" sl="72" sc="21" el="72" ec="21" bec="0" bev="0" fileid="48" />
                <SequencePoint vc="0" uspid="10162" ordinal="0" offset="100" sl="74" sc="21" el="74" ec="21" bec="0" bev="0" fileid="48" />
                <SequencePoint vc="0" uspid="10163" ordinal="0" offset="103" sl="75" sc="21" el="75" ec="21" bec="0" bev="0" fileid="48" />
                <SequencePoint vc="0" uspid="10164" ordinal="0" offset="106" sl="76" sc="21" el="76" ec="21" bec="0" bev="0" fileid="48" />
                <SequencePoint vc="1" uspid="10165" ordinal="0" offset="108" sl="78" sc="21" el="78" ec="21" bec="0" bev="0" fileid="48" />
                <SequencePoint vc="1" uspid="10166" ordinal="0" offset="110" sl="79" sc="21" el="79" ec="21" bec="0" bev="0" fileid="48" />
                <SequencePoint vc="1" uspid="10167" ordinal="0" offset="112" sl="80" sc="21" el="80" ec="21" bec="0" bev="0" fileid="48" />
                <SequencePoint vc="1" uspid="10168" ordinal="0" offset="115" sl="81" sc="21" el="81" ec="21" bec="0" bev="0" fileid="48" />
                <SequencePoint vc="3" uspid="10169" ordinal="0" offset="117" sl="83" sc="21" el="83" ec="21" bec="0" bev="0" fileid="48" />
                <SequencePoint vc="3" uspid="10170" ordinal="0" offset="120" sl="84" sc="21" el="84" ec="21" bec="0" bev="0" fileid="48" />
                <SequencePoint vc="3" uspid="10171" ordinal="0" offset="122" sl="85" sc="21" el="85" ec="21" bec="0" bev="0" fileid="48" />
                <SequencePoint vc="4" uspid="10172" ordinal="0" offset="124" sl="88" sc="21" el="88" ec="21" bec="0" bev="0" fileid="48" />
                <SequencePoint vc="4" uspid="10173" ordinal="0" offset="126" sl="89" sc="21" el="89" ec="21" bec="0" bev="0" fileid="48" />
                <SequencePoint vc="8" uspid="10174" ordinal="0" offset="128" sl="93" sc="13" el="93" ec="13" bec="0" bev="0" fileid="48" />
                <SequencePoint vc="8" uspid="10175" ordinal="0" offset="141" sl="94" sc="13" el="94" ec="13" bec="0" bev="0" fileid="48" />
                <SequencePoint vc="8" uspid="10176" ordinal="0" offset="154" sl="95" sc="13" el="95" ec="13" bec="0" bev="0" fileid="48" />
                <SequencePoint vc="8" uspid="10177" ordinal="0" offset="167" sl="96" sc="13" el="96" ec="13" bec="0" bev="0" fileid="48" />
                <SequencePoint vc="8" uspid="10178" ordinal="0" offset="180" sl="97" sc="13" el="97" ec="13" bec="0" bev="0" fileid="48" />
                <SequencePoint vc="8" uspid="10179" ordinal="0" offset="194" sl="98" sc="13" el="98" ec="13" bec="0" bev="0" fileid="48" />
                <SequencePoint vc="8" uspid="10180" ordinal="0" offset="208" sl="99" sc="13" el="99" ec="13" bec="0" bev="0" fileid="48" />
                <SequencePoint vc="8" uspid="10181" ordinal="0" offset="222" sl="100" sc="13" el="100" ec="13" bec="0" bev="0" fileid="48" />
                <SequencePoint vc="8" uspid="10182" ordinal="0" offset="236" sl="101" sc="13" el="101" ec="13" bec="0" bev="0" fileid="48" />
                <SequencePoint vc="8" uspid="10183" ordinal="0" offset="250" sl="102" sc="13" el="102" ec="13" bec="0" bev="0" fileid="48" />
                <SequencePoint vc="8" uspid="10184" ordinal="0" offset="264" sl="103" sc="13" el="103" ec="13" bec="0" bev="0" fileid="48" />
                <SequencePoint vc="8" uspid="10185" ordinal="0" offset="278" sl="104" sc="13" el="104" ec="13" bec="0" bev="0" fileid="48" />
                <SequencePoint vc="8" uspid="10186" ordinal="0" offset="292" sl="105" sc="13" el="105" ec="13" bec="0" bev="0" fileid="48" />
                <SequencePoint vc="8" uspid="10187" ordinal="0" offset="306" sl="106" sc="9" el="106" ec="9" bec="0" bev="0" fileid="48" />
              </SequencePoints>
              <BranchPoints />
            </Method>
          </Methods>
        </Class>
        <Class>
          <Summary numSequencePoints="22" visitedSequencePoints="17" numBranchPoints="0" visitedBranchPoints="0" sequenceCoverage="77.27" branchCoverage="0.0" maxCyclomaticComplexity="0" minCyclomaticComplexity="0" maxCrapScore="0" minCrapScore="0" visitedClasses="1" numClasses="1" visitedMethods="6" numMethods="6" />
          <FullName>AwARe.RoomScan.Polygons.Logic.Room</FullName>
          <Methods>
            <Method visited="true" cyclomaticComplexity="0" nPathComplexity="0" sequenceCoverage="100.0" branchCoverage="0" crapScore="0" isConstructor="false" isStatic="false" isGetter="true" isSetter="false">
              <Summary numSequencePoints="1" visitedSequencePoints="1" numBranchPoints="0" visitedBranchPoints="0" sequenceCoverage="100.0" branchCoverage="0" maxCyclomaticComplexity="0" minCyclomaticComplexity="0" maxCrapScore="0" minCrapScore="0" visitedClasses="0" numClasses="0" visitedMethods="1" numMethods="1" />
              <MetadataToken>100663390</MetadataToken>
              <Name>AwARe.Data.Logic.Polygon AwARe.RoomScan.Polygons.Logic.Room::get_PositivePolygon()</Name>
              <FileRef uid="49" />
              <SequencePoints>
                <SequencePoint vc="12086" uspid="10188" ordinal="0" offset="0" sl="23" sc="42" el="23" ec="42" bec="0" bev="0" fileid="49" />
              </SequencePoints>
              <BranchPoints />
            </Method>
            <Method visited="true" cyclomaticComplexity="0" nPathComplexity="0" sequenceCoverage="100.0" branchCoverage="0" crapScore="0" isConstructor="false" isStatic="false" isGetter="false" isSetter="true">
              <Summary numSequencePoints="1" visitedSequencePoints="1" numBranchPoints="0" visitedBranchPoints="0" sequenceCoverage="100.0" branchCoverage="0" maxCyclomaticComplexity="0" minCyclomaticComplexity="0" maxCrapScore="0" minCrapScore="0" visitedClasses="0" numClasses="0" visitedMethods="1" numMethods="1" />
              <MetadataToken>100663391</MetadataToken>
              <Name>System.Void AwARe.RoomScan.Polygons.Logic.Room::set_PositivePolygon(AwARe.Data.Logic.Polygon)</Name>
              <FileRef uid="49" />
              <SequencePoints>
                <SequencePoint vc="12" uspid="10189" ordinal="0" offset="0" sl="23" sc="47" el="23" ec="47" bec="0" bev="0" fileid="49" />
              </SequencePoints>
              <BranchPoints />
            </Method>
            <Method visited="true" cyclomaticComplexity="0" nPathComplexity="0" sequenceCoverage="100.0" branchCoverage="0" crapScore="0" isConstructor="false" isStatic="false" isGetter="true" isSetter="false">
              <Summary numSequencePoints="1" visitedSequencePoints="1" numBranchPoints="0" visitedBranchPoints="0" sequenceCoverage="100.0" branchCoverage="0" maxCyclomaticComplexity="0" minCyclomaticComplexity="0" maxCrapScore="0" minCrapScore="0" visitedClasses="0" numClasses="0" visitedMethods="1" numMethods="1" />
              <MetadataToken>100663392</MetadataToken>
              <Name>System.Collections.Generic.List[Polygon] AwARe.RoomScan.Polygons.Logic.Room::get_NegativePolygons()</Name>
              <FileRef uid="49" />
              <SequencePoints>
                <SequencePoint vc="22650" uspid="10190" ordinal="0" offset="0" sl="29" sc="49" el="29" ec="49" bec="0" bev="0" fileid="49" />
              </SequencePoints>
              <BranchPoints />
            </Method>
            <Method visited="true" cyclomaticComplexity="0" nPathComplexity="0" sequenceCoverage="100.0" branchCoverage="0" crapScore="0" isConstructor="false" isStatic="false" isGetter="false" isSetter="true">
              <Summary numSequencePoints="1" visitedSequencePoints="1" numBranchPoints="0" visitedBranchPoints="0" sequenceCoverage="100.0" branchCoverage="0" maxCyclomaticComplexity="0" minCyclomaticComplexity="0" maxCrapScore="0" minCrapScore="0" visitedClasses="0" numClasses="0" visitedMethods="1" numMethods="1" />
              <MetadataToken>100663393</MetadataToken>
              <Name>System.Void AwARe.RoomScan.Polygons.Logic.Room::set_NegativePolygons(System.Collections.Generic.List[Polygon])</Name>
              <FileRef uid="49" />
              <SequencePoints>
                <SequencePoint vc="9" uspid="10191" ordinal="0" offset="0" sl="29" sc="54" el="29" ec="54" bec="0" bev="0" fileid="49" />
              </SequencePoints>
              <BranchPoints />
            </Method>
            <Method visited="true" cyclomaticComplexity="0" nPathComplexity="0" sequenceCoverage="66.67" branchCoverage="0" crapScore="0" isConstructor="false" isStatic="false" isGetter="false" isSetter="false">
              <Summary numSequencePoints="9" visitedSequencePoints="6" numBranchPoints="0" visitedBranchPoints="0" sequenceCoverage="66.67" branchCoverage="0" maxCyclomaticComplexity="0" minCyclomaticComplexity="0" maxCrapScore="0" minCrapScore="0" visitedClasses="0" numClasses="0" visitedMethods="1" numMethods="1" />
[...]
                <SequencePoint vc="1" uspid="13527" ordinal="0" offset="116" sl="177" sc="9" el="177" ec="9" bec="0" bev="0" fileid="127" />
                <SequencePoint vc="1" uspid="13528" ordinal="0" offset="132" sl="179" sc="9" el="179" ec="9" bec="0" bev="0" fileid="127" />
                <SequencePoint vc="1" uspid="13529" ordinal="0" offset="149" sl="180" sc="5" el="180" ec="5" bec="0" bev="0" fileid="127" />
              </SequencePoints>
              <BranchPoints />
            </Method>
          </Methods>
        </Class>
        <Class>
          <Summary numSequencePoints="7" visitedSequencePoints="7" numBranchPoints="0" visitedBranchPoints="0" sequenceCoverage="100.0" branchCoverage="0.0" maxCyclomaticComplexity="0" minCyclomaticComplexity="0" maxCrapScore="0" minCrapScore="0" visitedClasses="1" numClasses="1" visitedMethods="1" numMethods="1" />
          <FullName>QuestionnaireMockJsonTests/&lt;Test_RadioButtonCreation&gt;d__8</FullName>
          <Methods>
            <Method visited="true" cyclomaticComplexity="0" nPathComplexity="0" sequenceCoverage="100.0" branchCoverage="0" crapScore="0" isConstructor="false" isStatic="false" isGetter="false" isSetter="false">
              <Summary numSequencePoints="7" visitedSequencePoints="7" numBranchPoints="0" visitedBranchPoints="0" sequenceCoverage="100.0" branchCoverage="0" maxCyclomaticComplexity="0" minCyclomaticComplexity="0" maxCrapScore="0" minCrapScore="0" visitedClasses="0" numClasses="0" visitedMethods="1" numMethods="1" />
              <MetadataToken>100663388</MetadataToken>
              <Name>System.Boolean QuestionnaireMockJsonTests/&lt;Test_RadioButtonCreation&gt;d__8::MoveNext()</Name>
              <FileRef uid="127" />
              <SequencePoints>
                <SequencePoint vc="1" uspid="13530" ordinal="0" offset="31" sl="156" sc="5" el="156" ec="5" bec="0" bev="0" fileid="127" />
                <SequencePoint vc="1" uspid="13531" ordinal="0" offset="32" sl="158" sc="9" el="158" ec="9" bec="0" bev="0" fileid="127" />
                <SequencePoint vc="1" uspid="13532" ordinal="0" offset="71" sl="160" sc="9" el="160" ec="9" bec="0" bev="0" fileid="127" />
                <SequencePoint vc="1" uspid="13533" ordinal="0" offset="93" sl="161" sc="9" el="161" ec="9" bec="0" bev="0" fileid="127" />
                <SequencePoint vc="1" uspid="13534" ordinal="0" offset="116" sl="163" sc="9" el="163" ec="9" bec="0" bev="0" fileid="127" />
                <SequencePoint vc="1" uspid="13535" ordinal="0" offset="132" sl="165" sc="9" el="165" ec="9" bec="0" bev="0" fileid="127" />
                <SequencePoint vc="1" uspid="13536" ordinal="0" offset="150" sl="166" sc="5" el="166" ec="5" bec="0" bev="0" fileid="127" />
              </SequencePoints>
              <BranchPoints />
            </Method>
          </Methods>
        </Class>
        <Class>
          <Summary numSequencePoints="10" visitedSequencePoints="10" numBranchPoints="0" visitedBranchPoints="0" sequenceCoverage="100.0" branchCoverage="0.0" maxCyclomaticComplexity="0" minCyclomaticComplexity="0" maxCrapScore="0" minCrapScore="0" visitedClasses="1" numClasses="1" visitedMethods="1" numMethods="1" />
          <FullName>QuestionnaireMockJsonTests/&lt;Test_ToggleIfYes&gt;d__10</FullName>
          <Methods>
            <Method visited="true" cyclomaticComplexity="0" nPathComplexity="0" sequenceCoverage="100.0" branchCoverage="0" crapScore="0" isConstructor="false" isStatic="false" isGetter="false" isSetter="false">
              <Summary numSequencePoints="10" visitedSequencePoints="10" numBranchPoints="0" visitedBranchPoints="0" sequenceCoverage="100.0" branchCoverage="0" maxCyclomaticComplexity="0" minCyclomaticComplexity="0" maxCrapScore="0" minCrapScore="0" visitedClasses="0" numClasses="0" visitedMethods="1" numMethods="1" />
              <MetadataToken>100663394</MetadataToken>
              <Name>System.Boolean QuestionnaireMockJsonTests/&lt;Test_ToggleIfYes&gt;d__10::MoveNext()</Name>
              <FileRef uid="127" />
              <SequencePoints>
                <SequencePoint vc="1" uspid="13537" ordinal="0" offset="31" sl="184" sc="5" el="184" ec="5" bec="0" bev="0" fileid="127" />
                <SequencePoint vc="1" uspid="13538" ordinal="0" offset="32" sl="186" sc="9" el="186" ec="9" bec="0" bev="0" fileid="127" />
                <SequencePoint vc="1" uspid="13539" ordinal="0" offset="71" sl="187" sc="9" el="187" ec="9" bec="0" bev="0" fileid="127" />
                <SequencePoint vc="1" uspid="13540" ordinal="0" offset="93" sl="188" sc="9" el="188" ec="9" bec="0" bev="0" fileid="127" />
                <SequencePoint vc="1" uspid="13541" ordinal="0" offset="116" sl="190" sc="9" el="190" ec="9" bec="0" bev="0" fileid="127" />
                <SequencePoint vc="1" uspid="13542" ordinal="0" offset="133" sl="191" sc="9" el="191" ec="9" bec="0" bev="0" fileid="127" />
                <SequencePoint vc="1" uspid="13543" ordinal="0" offset="150" sl="192" sc="9" el="192" ec="9" bec="0" bev="0" fileid="127" />
                <SequencePoint vc="1" uspid="13544" ordinal="0" offset="175" sl="193" sc="9" el="193" ec="9" bec="0" bev="0" fileid="127" />
                <SequencePoint vc="1" uspid="13545" ordinal="0" offset="191" sl="195" sc="9" el="195" ec="9" bec="0" bev="0" fileid="127" />
                <SequencePoint vc="1" uspid="13546" ordinal="0" offset="209" sl="196" sc="5" el="196" ec="5" bec="0" bev="0" fileid="127" />
              </SequencePoints>
              <BranchPoints />
            </Method>
          </Methods>
        </Class>
        <Class>
          <Summary numSequencePoints="7" visitedSequencePoints="7" numBranchPoints="0" visitedBranchPoints="0" sequenceCoverage="100.0" branchCoverage="0.0" maxCyclomaticComplexity="0" minCyclomaticComplexity="0" maxCrapScore="0" minCrapScore="0" visitedClasses="1" numClasses="1" visitedMethods="1" numMethods="1" />
          <FullName>AwARe.ObjectGenerationPlayModeTest/&lt;EmptyIngredientListRenderingNoCrash&gt;d__3</FullName>
          <Methods>
            <Method visited="true" cyclomaticComplexity="0" nPathComplexity="0" sequenceCoverage="100.0" branchCoverage="0" crapScore="0" isConstructor="false" isStatic="false" isGetter="false" isSetter="false">
              <Summary numSequencePoints="7" visitedSequencePoints="7" numBranchPoints="0" visitedBranchPoints="0" sequenceCoverage="100.0" branchCoverage="0" maxCyclomaticComplexity="0" minCyclomaticComplexity="0" maxCrapScore="0" minCrapScore="0" visitedClasses="0" numClasses="0" visitedMethods="1" numMethods="1" />
              <MetadataToken>100663400</MetadataToken>
              <Name>System.Boolean AwARe.ObjectGenerationPlayModeTest/&lt;EmptyIngredientListRenderingNoCrash&gt;d__3::MoveNext()</Name>
              <FileRef uid="128" />
              <SequencePoints>
                <SequencePoint vc="1" uspid="13547" ordinal="0" offset="31" sl="41" sc="9" el="41" ec="9" bec="0" bev="0" fileid="128" />
                <SequencePoint vc="1" uspid="13548" ordinal="0" offset="32" sl="43" sc="13" el="43" ec="13" bec="0" bev="0" fileid="128" />
                <SequencePoint vc="1" uspid="13549" ordinal="0" offset="53" sl="46" sc="13" el="46" ec="13" bec="0" bev="0" fileid="128" />
                <SequencePoint vc="1" uspid="13550" ordinal="0" offset="64" sl="47" sc="13" el="47" ec="13" bec="0" bev="0" fileid="128" />
                <SequencePoint vc="1" uspid="13551" ordinal="0" offset="82" sl="51" sc="13" el="51" ec="13" bec="0" bev="0" fileid="128" />
                <SequencePoint vc="1" uspid="13552" ordinal="0" offset="105" sl="53" sc="13" el="53" ec="13" bec="0" bev="0" fileid="128" />
                <SequencePoint vc="1" uspid="13553" ordinal="0" offset="128" sl="54" sc="9" el="54" ec="9" bec="0" bev="0" fileid="128" />
              </SequencePoints>
              <BranchPoints />
            </Method>
          </Methods>
        </Class>
        <Class>
          <Summary numSequencePoints="9" visitedSequencePoints="9" numBranchPoints="0" visitedBranchPoints="0" sequenceCoverage="100.0" branchCoverage="0.0" maxCyclomaticComplexity="0" minCyclomaticComplexity="0" maxCrapScore="0" minCrapScore="0" visitedClasses="1" numClasses="1" visitedMethods="1" numMethods="1" />
          <FullName>AwARe.ObjectGenerationPlayModeTest/&lt;ObjectDestroyerWorks&gt;d__7</FullName>
          <Methods>
            <Method visited="true" cyclomaticComplexity="0" nPathComplexity="0" sequenceCoverage="100.0" branchCoverage="0" crapScore="0" isConstructor="false" isStatic="false" isGetter="false" isSetter="false">
              <Summary numSequencePoints="9" visitedSequencePoints="9" numBranchPoints="0" visitedBranchPoints="0" sequenceCoverage="100.0" branchCoverage="0" maxCyclomaticComplexity="0" minCyclomaticComplexity="0" maxCrapScore="0" minCrapScore="0" visitedClasses="0" numClasses="0" visitedMethods="1" numMethods="1" />
              <MetadataToken>100663406</MetadataToken>
              <Name>System.Boolean AwARe.ObjectGenerationPlayModeTest/&lt;ObjectDestroyerWorks&gt;d__7::MoveNext()</Name>
              <FileRef uid="128" />
              <SequencePoints>
                <SequencePoint vc="1" uspid="13554" ordinal="0" offset="31" sl="105" sc="9" el="105" ec="9" bec="0" bev="0" fileid="128" />
                <SequencePoint vc="1" uspid="13555" ordinal="0" offset="32" sl="107" sc="13" el="107" ec="13" bec="0" bev="0" fileid="128" />
                <SequencePoint vc="1" uspid="13556" ordinal="0" offset="43" sl="108" sc="13" el="108" ec="13" bec="0" bev="0" fileid="128" />
                <SequencePoint vc="1" uspid="13557" ordinal="0" offset="72" sl="109" sc="13" el="109" ec="13" bec="0" bev="0" fileid="128" />
                <SequencePoint vc="1" uspid="13558" ordinal="0" offset="89" sl="112" sc="13" el="112" ec="13" bec="0" bev="0" fileid="128" />
                <SequencePoint vc="1" uspid="13559" ordinal="0" offset="105" sl="114" sc="13" el="114" ec="13" bec="0" bev="0" fileid="128" />
                <SequencePoint vc="1" uspid="13560" ordinal="0" offset="128" sl="115" sc="13" el="115" ec="13" bec="0" bev="0" fileid="128" />
                <SequencePoint vc="1" uspid="13561" ordinal="0" offset="145" sl="118" sc="13" el="118" ec="13" bec="0" bev="0" fileid="128" />
                <SequencePoint vc="1" uspid="13562" ordinal="0" offset="174" sl="119" sc="9" el="119" ec="9" bec="0" bev="0" fileid="128" />
              </SequencePoints>
              <BranchPoints />
            </Method>
          </Methods>
        </Class>
        <Class>
          <Summary numSequencePoints="8" visitedSequencePoints="8" numBranchPoints="0" visitedBranchPoints="0" sequenceCoverage="100.0" branchCoverage="0.0" maxCyclomaticComplexity="0" minCyclomaticComplexity="0" maxCrapScore="0" minCrapScore="0" visitedClasses="1" numClasses="1" visitedMethods="1" numMethods="1" />
          <FullName>AwARe.ObjectGenerationPlayModeTest/&lt;ObjectObtainerWorks&gt;d__6</FullName>
          <Methods>
            <Method visited="true" cyclomaticComplexity="0" nPathComplexity="0" sequenceCoverage="100.0" branchCoverage="0" crapScore="0" isConstructor="false" isStatic="false" isGetter="false" isSetter="false">
              <Summary numSequencePoints="8" visitedSequencePoints="8" numBranchPoints="0" visitedBranchPoints="0" sequenceCoverage="100.0" branchCoverage="0" maxCyclomaticComplexity="0" minCyclomaticComplexity="0" maxCrapScore="0" minCrapScore="0" visitedClasses="0" numClasses="0" visitedMethods="1" numMethods="1" />
              <MetadataToken>100663412</MetadataToken>
              <Name>System.Boolean AwARe.ObjectGenerationPlayModeTest/&lt;ObjectObtainerWorks&gt;d__6::MoveNext()</Name>
              <FileRef uid="128" />
              <SequencePoints>
                <SequencePoint vc="1" uspid="13563" ordinal="0" offset="31" sl="89" sc="9" el="89" ec="9" bec="0" bev="0" fileid="128" />
                <SequencePoint vc="1" uspid="13564" ordinal="0" offset="32" sl="91" sc="13" el="91" ec="13" bec="0" bev="0" fileid="128" />
                <SequencePoint vc="1" uspid="13565" ordinal="0" offset="43" sl="92" sc="13" el="92" ec="13" bec="0" bev="0" fileid="128" />
                <SequencePoint vc="1" uspid="13566" ordinal="0" offset="60" sl="93" sc="13" el="93" ec="13" bec="0" bev="0" fileid="128" />
                <SequencePoint vc="1" uspid="13567" ordinal="0" offset="94" sl="94" sc="13" el="94" ec="13" bec="0" bev="0" fileid="128" />
                <SequencePoint vc="1" uspid="13568" ordinal="0" offset="117" sl="97" sc="13" el="97" ec="13" bec="0" bev="0" fileid="128" />
                <SequencePoint vc="1" uspid="13569" ordinal="0" offset="134" sl="100" sc="13" el="100" ec="13" bec="0" bev="0" fileid="128" />
                <SequencePoint vc="1" uspid="13570" ordinal="0" offset="162" sl="101" sc="9" el="101" ec="9" bec="0" bev="0" fileid="128" />
              </SequencePoints>
              <BranchPoints />
            </Method>
          </Methods>
        </Class>
        <Class>
          <Summary numSequencePoints="6" visitedSequencePoints="6" numBranchPoints="0" visitedBranchPoints="0" sequenceCoverage="100.0" branchCoverage="0.0" maxCyclomaticComplexity="0" minCyclomaticComplexity="0" maxCrapScore="0" minCrapScore="0" visitedClasses="1" numClasses="1" visitedMethods="1" numMethods="1" />
          <FullName>AwARe.ObjectGenerationPlayModeTest/&lt;Setup&gt;d__2</FullName>
          <Methods>
            <Method visited="true" cyclomaticComplexity="0" nPathComplexity="0" sequenceCoverage="100.0" branchCoverage="0" crapScore="0" isConstructor="false" isStatic="false" isGetter="false" isSetter="false">
              <Summary numSequencePoints="6" visitedSequencePoints="6" numBranchPoints="0" visitedBranchPoints="0" sequenceCoverage="100.0" branchCoverage="0" maxCyclomaticComplexity="0" minCyclomaticComplexity="0" maxCrapScore="0" minCrapScore="0" visitedClasses="0" numClasses="0" visitedMethods="1" numMethods="1" />
              <MetadataToken>100663418</MetadataToken>
              <Name>System.Boolean AwARe.ObjectGenerationPlayModeTest/&lt;Setup&gt;d__2::MoveNext()</Name>
              <FileRef uid="128" />
              <SequencePoints>
                <SequencePoint vc="5" uspid="13571" ordinal="0" offset="42" sl="32" sc="9" el="32" ec="9" bec="0" bev="0" fileid="128" />
                <SequencePoint vc="5" uspid="13572" ordinal="0" offset="43" sl="33" sc="13" el="33" ec="13" bec="0" bev="0" fileid="128" />
                <SequencePoint vc="5" uspid="13573" ordinal="0" offset="66" sl="34" sc="13" el="34" ec="13" bec="0" bev="0" fileid="128" />
                <SequencePoint vc="5" uspid="13574" ordinal="0" offset="85" sl="35" sc="13" el="35" ec="13" bec="0" bev="0" fileid="128" />
                <SequencePoint vc="5" uspid="13575" ordinal="0" offset="108" sl="36" sc="13" el="36" ec="13" bec="0" bev="0" fileid="128" />
                <SequencePoint vc="5" uspid="13576" ordinal="0" offset="134" sl="37" sc="9" el="37" ec="9" bec="0" bev="0" fileid="128" />
              </SequencePoints>
              <BranchPoints />
            </Method>
          </Methods>
        </Class>
        <Class>
          <Summary numSequencePoints="7" visitedSequencePoints="7" numBranchPoints="0" visitedBranchPoints="0" sequenceCoverage="100.0" branchCoverage="0.0" maxCyclomaticComplexity="0" minCyclomaticComplexity="0" maxCrapScore="0" minCrapScore="0" visitedClasses="1" numClasses="1" visitedMethods="1" numMethods="1" />
          <FullName>AwARe.ObjectGenerationPlayModeTest/&lt;SmallObjectCanBePlaced&gt;d__5</FullName>
          <Methods>
            <Method visited="true" cyclomaticComplexity="0" nPathComplexity="0" sequenceCoverage="100.0" branchCoverage="0" crapScore="0" isConstructor="false" isStatic="false" isGetter="false" isSetter="false">
              <Summary numSequencePoints="7" visitedSequencePoints="7" numBranchPoints="0" visitedBranchPoints="0" sequenceCoverage="100.0" branchCoverage="0" maxCyclomaticComplexity="0" minCyclomaticComplexity="0" maxCrapScore="0" minCrapScore="0" visitedClasses="0" numClasses="0" visitedMethods="1" numMethods="1" />
              <MetadataToken>100663424</MetadataToken>
              <Name>System.Boolean AwARe.ObjectGenerationPlayModeTest/&lt;SmallObjectCanBePlaced&gt;d__5::MoveNext()</Name>
              <FileRef uid="128" />
              <SequencePoints>
                <SequencePoint vc="1" uspid="13577" ordinal="0" offset="31" sl="74" sc="9" el="74" ec="9" bec="0" bev="0" fileid="128" />
                <SequencePoint vc="1" uspid="13578" ordinal="0" offset="32" sl="76" sc="13" el="76" ec="13" bec="0" bev="0" fileid="128" />
                <SequencePoint vc="1" uspid="13579" ordinal="0" offset="54" sl="79" sc="13" el="79" ec="13" bec="0" bev="0" fileid="128" />
                <SequencePoint vc="1" uspid="13580" ordinal="0" offset="87" sl="82" sc="13" el="82" ec="13" bec="0" bev="0" fileid="128" />
                <SequencePoint vc="1" uspid="13581" ordinal="0" offset="110" sl="83" sc="13" el="83" ec="13" bec="0" bev="0" fileid="128" />
                <SequencePoint vc="1" uspid="13582" ordinal="0" offset="126" sl="84" sc="13" el="84" ec="13" bec="0" bev="0" fileid="128" />
                <SequencePoint vc="1" uspid="13583" ordinal="0" offset="143" sl="85" sc="9" el="85" ec="9" bec="0" bev="0" fileid="128" />
              </SequencePoints>
              <BranchPoints />
            </Method>
          </Methods>
        </Class>
        <Class>
          <Summary numSequencePoints="7" visitedSequencePoints="7" numBranchPoints="0" visitedBranchPoints="0" sequenceCoverage="100.0" branchCoverage="0.0" maxCyclomaticComplexity="0" minCyclomaticComplexity="0" maxCrapScore="0" minCrapScore="0" visitedClasses="1" numClasses="1" visitedMethods="1" numMethods="1" />
          <FullName>AwARe.ObjectGenerationPlayModeTest/&lt;TooBigObjectCanNotBePlaced&gt;d__4</FullName>
          <Methods>
            <Method visited="true" cyclomaticComplexity="0" nPathComplexity="0" sequenceCoverage="100.0" branchCoverage="0" crapScore="0" isConstructor="false" isStatic="false" isGetter="false" isSetter="false">
              <Summary numSequencePoints="7" visitedSequencePoints="7" numBranchPoints="0" visitedBranchPoints="0" sequenceCoverage="100.0" branchCoverage="0" maxCyclomaticComplexity="0" minCyclomaticComplexity="0" maxCrapScore="0" minCrapScore="0" visitedClasses="0" numClasses="0" visitedMethods="1" numMethods="1" />
              <MetadataToken>100663430</MetadataToken>
              <Name>System.Boolean AwARe.ObjectGenerationPlayModeTest/&lt;TooBigObjectCanNotBePlaced&gt;d__4::MoveNext()</Name>
              <FileRef uid="128" />
              <SequencePoints>
                <SequencePoint vc="1" uspid="13584" ordinal="0" offset="31" sl="58" sc="9" el="58" ec="9" bec="0" bev="0" fileid="128" />
                <SequencePoint vc="1" uspid="13585" ordinal="0" offset="32" sl="60" sc="13" el="60" ec="13" bec="0" bev="0" fileid="128" />
                <SequencePoint vc="1" uspid="13586" ordinal="0" offset="54" sl="63" sc="13" el="63" ec="13" bec="0" bev="0" fileid="128" />
                <SequencePoint vc="1" uspid="13587" ordinal="0" offset="87" sl="67" sc="13" el="67" ec="13" bec="0" bev="0" fileid="128" />
                <SequencePoint vc="1" uspid="13588" ordinal="0" offset="110" sl="68" sc="13" el="68" ec="13" bec="0" bev="0" fileid="128" />
                <SequencePoint vc="1" uspid="13589" ordinal="0" offset="126" sl="69" sc="13" el="69" ec="13" bec="0" bev="0" fileid="128" />
                <SequencePoint vc="1" uspid="13590" ordinal="0" offset="141" sl="70" sc="9" el="70" ec="9" bec="0" bev="0" fileid="128" />
              </SequencePoints>
              <BranchPoints />
            </Method>
          </Methods>
        </Class>
      </Classes>
    </Module>
  </Modules>
</CoverageSession>