<?xml version="1.0" encoding="utf-8"?>
<CoverageSession xmlns:xsd="http://www.w3.org/2001/XMLSchema" xmlns:xsi="http://www.w3.org/2001/XMLSchema-instance" Version="0.0.0.0">
  <Summary numSequencePoints="927" visitedSequencePoints="710" numBranchPoints="0" visitedBranchPoints="0" sequenceCoverage="76.59" branchCoverage="0.0" maxCyclomaticComplexity="0" minCyclomaticComplexity="0" maxCrapScore="0" minCrapScore="0" visitedClasses="39" numClasses="55" visitedMethods="164" numMethods="197" />
  <Modules>
    <Module>
      <Summary numSequencePoints="927" visitedSequencePoints="710" numBranchPoints="0" visitedBranchPoints="0" sequenceCoverage="76.59" branchCoverage="0.0" maxCyclomaticComplexity="0" minCyclomaticComplexity="0" maxCrapScore="0" minCrapScore="0" visitedClasses="39" numClasses="55" visitedMethods="164" numMethods="197" />
      <ModuleTime>0001-01-01T00:00:00</ModuleTime>
      <ModuleName>Scripts</ModuleName>
      <Files>
        <File uid="1" fullPath="C:/Users/marco/Documents/GitHub/awARe/AwARe/Assets/FirstParty/Application/Scripts/Temporary/ARScenePhaseManager.cs" />
        <File uid="2" fullPath="C:/Users/marco/Documents/GitHub/awARe/AwARe/Assets/FirstParty/Application/Scripts/Temporary/CameraMovement.cs" />
        <File uid="3" fullPath="C:/Users/marco/Documents/GitHub/awARe/AwARe/Assets/FirstParty/Application/Scripts/Temporary/DevScreenSelectorHandler.cs" />
        <File uid="4" fullPath="C:/Users/marco/Documents/GitHub/awARe/AwARe/Assets/FirstParty/Application/Scripts/Temporary/NavigationScriptTO.cs" />
        <File uid="5" fullPath="C:/Users/marco/Documents/GitHub/awARe/AwARe/Assets/FirstParty/Application/Scripts/Temporary/ObjectDataWindow.cs" />
        <File uid="6" fullPath="C:/Users/marco/Documents/GitHub/awARe/AwARe/Assets/FirstParty/Application/Scripts/MainFeatures/RoomScan/Polygons/Objects/PolygonDrawer.cs" />
        <File uid="7" fullPath="C:/Users/marco/Documents/GitHub/awARe/AwARe/Assets/FirstParty/Application/Scripts/MainFeatures/RoomScan/Polygons/Objects/PolygonManager.cs" />
        <File uid="8" fullPath="C:/Users/marco/Documents/GitHub/awARe/AwARe/Assets/FirstParty/Application/Scripts/MainFeatures/RoomScan/Polygons/Objects/PolygonScan.cs" />
        <File uid="9" fullPath="C:/Users/marco/Documents/GitHub/awARe/AwARe/Assets/FirstParty/Application/Scripts/MainFeatures/RoomScan/Polygons/Objects/PolygonUI.cs" />
        <File uid="10" fullPath="C:/Users/marco/Documents/GitHub/awARe/AwARe/Assets/FirstParty/Application/Scripts/MainFeatures/RoomScan/Polygons/Logic/Room.cs" />
        <File uid="11" fullPath="C:/Users/marco/Documents/GitHub/awARe/AwARe/Assets/FirstParty/Application/Scripts/MainFeatures/RoomScan/Polygons/Logic/TestRoom.cs" />
        <File uid="12" fullPath="C:/Users/marco/Documents/GitHub/awARe/AwARe/Assets/FirstParty/Application/Scripts/MainFeatures/RoomScan/Path/ErosionHandler.cs" />
        <File uid="13" fullPath="C:/Users/marco/Documents/GitHub/awARe/AwARe/Assets/FirstParty/Application/Scripts/MainFeatures/RoomScan/Path/FloodFillHandler.cs" />
        <File uid="14" fullPath="C:/Users/marco/Documents/GitHub/awARe/AwARe/Assets/FirstParty/Application/Scripts/MainFeatures/RoomScan/Path/GridConverter.cs" />
        <File uid="15" fullPath="C:/Users/marco/Documents/GitHub/awARe/AwARe/Assets/FirstParty/Application/Scripts/MainFeatures/RoomScan/Path/LineDrawer.cs" />
        <File uid="16" fullPath="C:/Users/marco/Documents/GitHub/awARe/AwARe/Assets/FirstParty/Application/Scripts/MainFeatures/RoomScan/Path/PathData.cs" />
        <File uid="17" fullPath="C:/Users/marco/Documents/GitHub/awARe/AwARe/Assets/FirstParty/Application/Scripts/MainFeatures/RoomScan/Path/PathGenerator.cs" />
        <File uid="18" fullPath="C:/Users/marco/Documents/GitHub/awARe/AwARe/Assets/FirstParty/Application/Scripts/MainFeatures/RoomScan/Path/PathVisualizer.cs" />
        <File uid="19" fullPath="C:/Users/marco/Documents/GitHub/awARe/AwARe/Assets/FirstParty/Application/Scripts/MainFeatures/RoomScan/Path/PostFilteringHandler.cs" />
        <File uid="20" fullPath="C:/Users/marco/Documents/GitHub/awARe/AwARe/Assets/FirstParty/Application/Scripts/MainFeatures/RoomScan/Path/ThinningHandler.cs" />
        <File uid="21" fullPath="C:/Users/marco/Documents/GitHub/awARe/AwARe/Assets/FirstParty/Application/Scripts/MainFeatures/RoomScan/Path/Jobs/CheckHitOrMissJob.cs" />
        <File uid="22" fullPath="C:/Users/marco/Documents/GitHub/awARe/AwARe/Assets/FirstParty/Application/Scripts/MainFeatures/RoomScan/Path/Jobs/CheckInPolygonJob.cs" />
        <File uid="23" fullPath="C:/Users/marco/Documents/GitHub/awARe/AwARe/Assets/FirstParty/Application/Scripts/MainFeatures/RoomScan/Path/Jobs/ErosionScanJob.cs" />
        <File uid="24" fullPath="C:/Users/marco/Documents/GitHub/awARe/AwARe/Assets/FirstParty/Application/Scripts/MainFeatures/ResourcePipeline/Objects/PipelineManager.cs" />
        <File uid="25" fullPath="C:/Users/marco/Documents/GitHub/awARe/AwARe/Assets/FirstParty/Application/Scripts/MainFeatures/ResourcePipeline/Logic/ModelCalculator.cs" />
        <File uid="26" fullPath="C:/Users/marco/Documents/GitHub/awARe/AwARe/Assets/FirstParty/Application/Scripts/MainFeatures/ResourcePipeline/Logic/ModelDictionary.cs" />
        <File uid="27" fullPath="C:/Users/marco/Documents/GitHub/awARe/AwARe/Assets/FirstParty/Application/Scripts/MainFeatures/ResourcePipeline/Logic/ResourceCalculator.cs" />
        <File uid="28" fullPath="C:/Users/marco/Documents/GitHub/awARe/AwARe/Assets/FirstParty/Application/Scripts/MainFeatures/ResourcePipeline/Logic/ResourceDictionary.cs" />
        <File uid="29" fullPath="C:/Users/marco/Documents/GitHub/awARe/AwARe/Assets/FirstParty/Application/Scripts/MainFeatures/Questionnaire/Objects/AnswerOptionSpawner.cs" />
        <File uid="30" fullPath="C:/Users/marco/Documents/GitHub/awARe/AwARe/Assets/FirstParty/Application/Scripts/MainFeatures/Questionnaire/Objects/Question.cs" />
        <File uid="31" fullPath="C:/Users/marco/Documents/GitHub/awARe/AwARe/Assets/FirstParty/Application/Scripts/MainFeatures/Questionnaire/Objects/Questionnaire.cs" />
        <File uid="32" fullPath="C:/Users/marco/Documents/GitHub/awARe/AwARe/Assets/FirstParty/Application/Scripts/MainFeatures/Questionnaire/Objects/QuestionnaireConstructor.cs" />
        <File uid="33" fullPath="C:/Users/marco/Documents/GitHub/awARe/AwARe/Assets/FirstParty/Application/Scripts/MainFeatures/Questionnaire/Objects/SubmitButton.cs" />
        <File uid="34" fullPath="C:/Users/marco/Documents/GitHub/awARe/AwARe/Assets/FirstParty/Application/Scripts/MainFeatures/Questionnaire/Objects/ToggleHandler.cs" />
        <File uid="35" fullPath="C:/Users/marco/Documents/GitHub/awARe/AwARe/Assets/FirstParty/Application/Scripts/MainFeatures/ObjectInteraction/Objects/InteractObjectHandler.cs" />
        <File uid="36" fullPath="C:/Users/marco/Documents/GitHub/awARe/AwARe/Assets/FirstParty/Application/Scripts/MainFeatures/ObjectGeneration/BoxColliderHelper.cs" />
        <File uid="37" fullPath="C:/Users/marco/Documents/GitHub/awARe/AwARe/Assets/FirstParty/Application/Scripts/MainFeatures/ObjectGeneration/ObjectCreationManager.cs" />
        <File uid="38" fullPath="C:/Users/marco/Documents/GitHub/awARe/AwARe/Assets/FirstParty/Application/Scripts/MainFeatures/ObjectGeneration/ObjectDestroyer.cs" />
        <File uid="39" fullPath="C:/Users/marco/Documents/GitHub/awARe/AwARe/Assets/FirstParty/Application/Scripts/MainFeatures/ObjectGeneration/ObjectObtainer.cs" />
        <File uid="40" fullPath="C:/Users/marco/Documents/GitHub/awARe/AwARe/Assets/FirstParty/Application/Scripts/MainFeatures/ObjectGeneration/ObjectPlacer.cs" />
        <File uid="41" fullPath="C:/Users/marco/Documents/GitHub/awARe/AwARe/Assets/FirstParty/Application/Scripts/MainFeatures/ObjectGeneration/PolygonHelper.cs" />
        <File uid="42" fullPath="C:/Users/marco/Documents/GitHub/awARe/AwARe/Assets/FirstParty/Application/Scripts/MainFeatures/ObjectGeneration/Renderable.cs" />
        <File uid="43" fullPath="C:/Users/marco/Documents/GitHub/awARe/AwARe/Assets/FirstParty/Application/Scripts/MainFeatures/ObjectGeneration/SpawnPoints/MockSpawnPointHandler.cs" />
        <File uid="44" fullPath="C:/Users/marco/Documents/GitHub/awARe/AwARe/Assets/FirstParty/Application/Scripts/MainFeatures/ObjectGeneration/SpawnPoints/PolygonSpawnPointHandler.cs" />
        <File uid="45" fullPath="C:/Users/marco/Documents/GitHub/awARe/AwARe/Assets/FirstParty/Application/Scripts/MainFeatures/IngredientList/Objects/IngredientItem.cs" />
        <File uid="46" fullPath="C:/Users/marco/Documents/GitHub/awARe/AwARe/Assets/FirstParty/Application/Scripts/MainFeatures/IngredientList/Objects/IngredientListManager.cs" />
        <File uid="47" fullPath="C:/Users/marco/Documents/GitHub/awARe/AwARe/Assets/FirstParty/Application/Scripts/MainFeatures/IngredientList/Objects/IngredientListScreen.cs" />
        <File uid="48" fullPath="C:/Users/marco/Documents/GitHub/awARe/AwARe/Assets/FirstParty/Application/Scripts/MainFeatures/IngredientList/Objects/IngredientScreen.cs" />
        <File uid="49" fullPath="C:/Users/marco/Documents/GitHub/awARe/AwARe/Assets/FirstParty/Application/Scripts/MainFeatures/IngredientList/Objects/ListItem.cs" />
        <File uid="50" fullPath="C:/Users/marco/Documents/GitHub/awARe/AwARe/Assets/FirstParty/Application/Scripts/MainFeatures/IngredientList/Objects/ListsOverviewScreen.cs" />
        <File uid="51" fullPath="C:/Users/marco/Documents/GitHub/awARe/AwARe/Assets/FirstParty/Application/Scripts/MainFeatures/IngredientList/Objects/SearchItem.cs" />
        <File uid="52" fullPath="C:/Users/marco/Documents/GitHub/awARe/AwARe/Assets/FirstParty/Application/Scripts/MainFeatures/IngredientList/Objects/SearchScreen.cs" />
        <File uid="53" fullPath="C:/Users/marco/Documents/GitHub/awARe/AwARe/Assets/FirstParty/Application/Scripts/MainFeatures/IngredientList/Logic/IngredientFileHandler.cs" />
        <File uid="54" fullPath="C:/Users/marco/Documents/GitHub/awARe/AwARe/Assets/FirstParty/Application/Scripts/MainFeatures/IngredientList/Logic/IngredientList.cs" />
        <File uid="55" fullPath="C:/Users/marco/Documents/GitHub/awARe/AwARe/Assets/FirstParty/Application/Scripts/General/Utility/Visualizers/PointClouds/ARMath.cs" />
        <File uid="56" fullPath="C:/Users/marco/Documents/GitHub/awARe/AwARe/Assets/FirstParty/Application/Scripts/General/Utility/Visualizers/PointClouds/ARPointCloudManagerVisualizer.cs" />
        <File uid="57" fullPath="C:/Users/marco/Documents/GitHub/awARe/AwARe/Assets/FirstParty/Application/Scripts/General/Utility/Visualizers/PointClouds/ARPointCloudVisualizer.cs" />
        <File uid="58" fullPath="C:/Users/marco/Documents/GitHub/awARe/AwARe/Assets/FirstParty/Application/Scripts/General/Utility/Visualizers/PointClouds/BasicVisualizers.cs" />
        <File uid="59" fullPath="C:/Users/marco/Documents/GitHub/awARe/AwARe/Assets/FirstParty/Application/Scripts/General/Utility/Visualizers/Special/GroupVisualizers.cs" />
        <File uid="60" fullPath="C:/Users/marco/Documents/GitHub/awARe/AwARe/Assets/FirstParty/Application/Scripts/General/Utility/Singleton/Logic/Singleton.cs" />
        <File uid="61" fullPath="C:/Users/marco/Documents/GitHub/awARe/AwARe/Assets/FirstParty/Application/Scripts/General/Utility/Containers/Objects/Container.cs" />
        <File uid="62" fullPath="C:/Users/marco/Documents/GitHub/awARe/AwARe/Assets/FirstParty/Application/Scripts/General/Utility/Containers/Objects/ContainerSpawner.cs" />
        <File uid="63" fullPath="C:/Users/marco/Documents/GitHub/awARe/AwARe/Assets/FirstParty/Application/Scripts/General/Utility/Spawners/Objects/BasicSpawners.cs" />
        <File uid="64" fullPath="C:/Users/marco/Documents/GitHub/awARe/AwARe/Assets/FirstParty/Application/Scripts/General/UI/Objects/Buttons/ActivityToggle.cs" />
        <File uid="65" fullPath="C:/Users/marco/Documents/GitHub/awARe/AwARe/Assets/FirstParty/Application/Scripts/General/UI/Objects/Buttons/ShowHideBtns.cs" />
        <File uid="66" fullPath="C:/Users/marco/Documents/GitHub/awARe/AwARe/Assets/FirstParty/Application/Scripts/General/UI/Objects/Buttons/SwitchSceneButton.cs" />
        <File uid="67" fullPath="C:/Users/marco/Documents/GitHub/awARe/AwARe/Assets/FirstParty/Application/Scripts/General/NotImplemented/Objects/NotImplemented.cs" />
        <File uid="68" fullPath="C:/Users/marco/Documents/GitHub/awARe/AwARe/Assets/FirstParty/Application/Scripts/General/NotImplemented/Objects/NotImplementedHandler.cs" />
        <File uid="69" fullPath="C:/Users/marco/Documents/GitHub/awARe/AwARe/Assets/FirstParty/Application/Scripts/General/IO/Server/Objects/ClientBehaviour.cs" />
        <File uid="70" fullPath="C:/Users/marco/Documents/GitHub/awARe/AwARe/Assets/FirstParty/Application/Scripts/General/IO/Server/Logic/Client.cs" />
        <File uid="71" fullPath="C:/Users/marco/Documents/GitHub/awARe/AwARe/Assets/FirstParty/Application/Scripts/General/IO/Notifications/Objects/NotificationScheduler.cs" />
        <File uid="72" fullPath="C:/Users/marco/Documents/GitHub/awARe/AwARe/Assets/FirstParty/Application/Scripts/General/IO/Notifications/Logic/AndroidNotif.cs" />
        <File uid="73" fullPath="C:/Users/marco/Documents/GitHub/awARe/AwARe/Assets/FirstParty/Application/Scripts/General/IO/Notifications/Logic/EditorNotif.cs" />
        <File uid="74" fullPath="C:/Users/marco/Documents/GitHub/awARe/AwARe/Assets/FirstParty/Application/Scripts/General/IO/Database/Logic/MockupIngredientDatabase.cs" />
        <File uid="75" fullPath="C:/Users/marco/Documents/GitHub/awARe/AwARe/Assets/FirstParty/Application/Scripts/General/IO/Database/Logic/MockupIngrToResDatabase.cs" />
        <File uid="76" fullPath="C:/Users/marco/Documents/GitHub/awARe/AwARe/Assets/FirstParty/Application/Scripts/General/IO/Database/Logic/MockupModelDatabase.cs" />
        <File uid="77" fullPath="C:/Users/marco/Documents/GitHub/awARe/AwARe/Assets/FirstParty/Application/Scripts/General/IO/Database/Logic/MockupResourceDatabase.cs" />
        <File uid="78" fullPath="C:/Users/marco/Documents/GitHub/awARe/AwARe/Assets/FirstParty/Application/Scripts/General/InterScenes/Objects/ARSecretary.cs" />
        <File uid="79" fullPath="C:/Users/marco/Documents/GitHub/awARe/AwARe/Assets/FirstParty/Application/Scripts/General/InterScenes/Objects/SceneObjectsBundler.cs" />
        <File uid="80" fullPath="C:/Users/marco/Documents/GitHub/awARe/AwARe/Assets/FirstParty/Application/Scripts/General/InterScenes/Objects/SceneSecretary.cs" />
        <File uid="81" fullPath="C:/Users/marco/Documents/GitHub/awARe/AwARe/Assets/FirstParty/Application/Scripts/General/InterScenes/Objects/SceneSwitcher.cs" />
        <File uid="82" fullPath="C:/Users/marco/Documents/GitHub/awARe/AwARe/Assets/FirstParty/Application/Scripts/General/InterScenes/Objects/StartLoader.cs" />
        <File uid="83" fullPath="C:/Users/marco/Documents/GitHub/awARe/AwARe/Assets/FirstParty/Application/Scripts/General/InterScenes/Objects/Storage.cs" />
        <File uid="84" fullPath="C:/Users/marco/Documents/GitHub/awARe/AwARe/Assets/FirstParty/Application/Scripts/General/InterScenes/Logic/Storage.cs" />
        <File uid="85" fullPath="C:/Users/marco/Documents/GitHub/awARe/AwARe/Assets/FirstParty/Application/Scripts/General/Data/Types/Polygons/Objects/PolygonMesh.cs" />
        <File uid="86" fullPath="C:/Users/marco/Documents/GitHub/awARe/AwARe/Assets/FirstParty/Application/Scripts/General/Data/Types/Polygons/Logic/Polygon.cs" />
      </Files>
      <Classes>
        <Class>
          <Summary numSequencePoints="19" visitedSequencePoints="15" numBranchPoints="0" visitedBranchPoints="0" sequenceCoverage="78.95" branchCoverage="0.0" maxCyclomaticComplexity="0" minCyclomaticComplexity="0" maxCrapScore="0" minCrapScore="0" visitedClasses="1" numClasses="1" visitedMethods="5" numMethods="5" />
          <FullName>AwARe.RoomScan.Polygons.Objects.PolygonDrawer</FullName>
          <Methods>
            <Method visited="true" cyclomaticComplexity="0" nPathComplexity="0" sequenceCoverage="100.0" branchCoverage="0" crapScore="0" isConstructor="false" isStatic="false" isGetter="true" isSetter="false">
              <Summary numSequencePoints="1" visitedSequencePoints="1" numBranchPoints="0" visitedBranchPoints="0" sequenceCoverage="100.0" branchCoverage="0" maxCyclomaticComplexity="0" minCyclomaticComplexity="0" maxCrapScore="0" minCrapScore="0" visitedClasses="0" numClasses="0" visitedMethods="1" numMethods="1" />
              <MetadataToken>100663328</MetadataToken>
              <Name>AwARe.Data.Logic.Polygon AwARe.RoomScan.Polygons.Objects.PolygonDrawer::get_ScanningPolygon()</Name>
              <FileRef uid="6" />
              <SequencePoints>
                <SequencePoint vc="74" uspid="3656" ordinal="0" offset="0" sl="28" sc="41" el="28" ec="41" bec="0" bev="0" fileid="6" />
              </SequencePoints>
              <BranchPoints />
            </Method>
            <Method visited="true" cyclomaticComplexity="0" nPathComplexity="0" sequenceCoverage="100.0" branchCoverage="0" crapScore="0" isConstructor="false" isStatic="false" isGetter="false" isSetter="false">
              <Summary numSequencePoints="7" visitedSequencePoints="7" numBranchPoints="0" visitedBranchPoints="0" sequenceCoverage="100.0" branchCoverage="0" maxCyclomaticComplexity="0" minCyclomaticComplexity="0" maxCrapScore="0" minCrapScore="0" visitedClasses="0" numClasses="0" visitedMethods="1" numMethods="1" />
              <MetadataToken>100663330</MetadataToken>
              <Name>System.Void AwARe.RoomScan.Polygons.Objects.PolygonDrawer::Start()</Name>
              <FileRef uid="6" />
              <SequencePoints>
                <SequencePoint vc="16" uspid="3658" ordinal="0" offset="0" sl="31" sc="9" el="31" ec="9" bec="0" bev="0" fileid="6" />
                <SequencePoint vc="16" uspid="3659" ordinal="0" offset="1" sl="32" sc="13" el="32" ec="13" bec="0" bev="0" fileid="6" />
                <SequencePoint vc="16" uspid="3660" ordinal="0" offset="34" sl="33" sc="13" el="33" ec="13" bec="0" bev="0" fileid="6" />
                <SequencePoint vc="16" uspid="3661" ordinal="0" offset="52" sl="34" sc="13" el="34" ec="13" bec="0" bev="0" fileid="6" />
                <SequencePoint vc="16" uspid="3662" ordinal="0" offset="85" sl="35" sc="13" el="35" ec="13" bec="0" bev="0" fileid="6" />
                <SequencePoint vc="16" uspid="3663" ordinal="0" offset="103" sl="36" sc="13" el="36" ec="13" bec="0" bev="0" fileid="6" />
                <SequencePoint vc="16" uspid="3664" ordinal="0" offset="120" sl="37" sc="9" el="37" ec="9" bec="0" bev="0" fileid="6" />
              </SequencePoints>
              <BranchPoints />
            </Method>
            <Method visited="true" cyclomaticComplexity="0" nPathComplexity="0" sequenceCoverage="42.86" branchCoverage="0" crapScore="0" isConstructor="false" isStatic="false" isGetter="false" isSetter="false">
              <Summary numSequencePoints="7" visitedSequencePoints="3" numBranchPoints="0" visitedBranchPoints="0" sequenceCoverage="42.86" branchCoverage="0" maxCyclomaticComplexity="0" minCyclomaticComplexity="0" maxCrapScore="0" minCrapScore="0" visitedClasses="0" numClasses="0" visitedMethods="1" numMethods="1" />
              <MetadataToken>100663331</MetadataToken>
              <Name>System.Void AwARe.RoomScan.Polygons.Objects.PolygonDrawer::Update()</Name>
              <FileRef uid="6" />
              <SequencePoints>
                <SequencePoint vc="74" uspid="3665" ordinal="0" offset="0" sl="40" sc="9" el="40" ec="9" bec="0" bev="0" fileid="6" />
                <SequencePoint vc="74" uspid="3666" ordinal="0" offset="1" sl="41" sc="13" el="41" ec="13" bec="0" bev="0" fileid="6" />
                <SequencePoint vc="0" uspid="3667" ordinal="0" offset="14" sl="42" sc="13" el="42" ec="13" bec="0" bev="0" fileid="6" />
                <SequencePoint vc="0" uspid="3668" ordinal="0" offset="15" sl="43" sc="17" el="43" ec="17" bec="0" bev="0" fileid="6" />
                <SequencePoint vc="0" uspid="3669" ordinal="0" offset="22" sl="44" sc="17" el="44" ec="17" bec="0" bev="0" fileid="6" />
                <SequencePoint vc="0" uspid="3670" ordinal="0" offset="29" sl="45" sc="13" el="45" ec="13" bec="0" bev="0" fileid="6" />
                <SequencePoint vc="74" uspid="3671" ordinal="0" offset="30" sl="46" sc="9" el="46" ec="9" bec="0" bev="0" fileid="6" />
              </SequencePoints>
              <BranchPoints />
            </Method>
            <Method visited="true" cyclomaticComplexity="0" nPathComplexity="0" sequenceCoverage="100.0" branchCoverage="0" crapScore="0" isConstructor="false" isStatic="false" isGetter="false" isSetter="false">
              <Summary numSequencePoints="3" visitedSequencePoints="3" numBranchPoints="0" visitedBranchPoints="0" sequenceCoverage="100.0" branchCoverage="0" maxCyclomaticComplexity="0" minCyclomaticComplexity="0" maxCrapScore="0" minCrapScore="0" visitedClasses="0" numClasses="0" visitedMethods="1" numMethods="1" />
              <MetadataToken>100663341</MetadataToken>
              <Name>System.Void AwARe.RoomScan.Polygons.Objects.PolygonDrawer::SetLineColor(UnityEngine.LineRenderer, UnityEngine.Color)</Name>
              <FileRef uid="6" />
              <SequencePoints>
                <SequencePoint vc="32" uspid="3735" ordinal="0" offset="0" sl="168" sc="9" el="168" ec="9" bec="0" bev="0" fileid="6" />
                <SequencePoint vc="32" uspid="3736" ordinal="0" offset="1" sl="169" sc="13" el="169" ec="13" bec="0" bev="0" fileid="6" />
                <SequencePoint vc="32" uspid="3737" ordinal="0" offset="19" sl="170" sc="9" el="170" ec="9" bec="0" bev="0" fileid="6" />
              </SequencePoints>
              <BranchPoints />
            </Method>
            <Method visited="true" cyclomaticComplexity="0" nPathComplexity="0" sequenceCoverage="100.0" branchCoverage="0" crapScore="0" isConstructor="true" isStatic="false" isGetter="false" isSetter="false">
              <Summary numSequencePoints="1" visitedSequencePoints="1" numBranchPoints="0" visitedBranchPoints="0" sequenceCoverage="100.0" branchCoverage="0" maxCyclomaticComplexity="0" minCyclomaticComplexity="0" maxCrapScore="0" minCrapScore="0" visitedClasses="0" numClasses="0" visitedMethods="1" numMethods="1" />
              <MetadataToken>100663342</MetadataToken>
              <Name>AwARe.RoomScan.Polygons.Objects.PolygonDrawer::PolygonDrawer()</Name>
              <FileRef uid="6" />
              <SequencePoints>
                <SequencePoint vc="32" uspid="3738" ordinal="0" offset="0" sl="23" sc="9" el="23" ec="9" bec="0" bev="0" fileid="6" />
              </SequencePoints>
              <BranchPoints />
            </Method>
          </Methods>
        </Class>
        <Class>
          <Summary numSequencePoints="13" visitedSequencePoints="11" numBranchPoints="0" visitedBranchPoints="0" sequenceCoverage="84.62" branchCoverage="0.0" maxCyclomaticComplexity="0" minCyclomaticComplexity="0" maxCrapScore="0" minCrapScore="0" visitedClasses="1" numClasses="1" visitedMethods="5" numMethods="5" />
          <FullName>AwARe.RoomScan.Polygons.Logic.Room</FullName>
          <Methods>
            <Method visited="true" cyclomaticComplexity="0" nPathComplexity="0" sequenceCoverage="100.0" branchCoverage="0" crapScore="0" isConstructor="false" isStatic="false" isGetter="true" isSetter="false">
              <Summary numSequencePoints="1" visitedSequencePoints="1" numBranchPoints="0" visitedBranchPoints="0" sequenceCoverage="100.0" branchCoverage="0" maxCyclomaticComplexity="0" minCyclomaticComplexity="0" maxCrapScore="0" minCrapScore="0" visitedClasses="0" numClasses="0" visitedMethods="1" numMethods="1" />
              <MetadataToken>100663367</MetadataToken>
              <Name>AwARe.Data.Logic.Polygon AwARe.RoomScan.Polygons.Logic.Room::get_PositivePolygon()</Name>
              <FileRef uid="10" />
              <SequencePoints>
                <SequencePoint vc="176946" uspid="3883" ordinal="0" offset="0" sl="23" sc="42" el="23" ec="42" bec="0" bev="0" fileid="10" />
              </SequencePoints>
              <BranchPoints />
            </Method>
            <Method visited="true" cyclomaticComplexity="0" nPathComplexity="0" sequenceCoverage="100.0" branchCoverage="0" crapScore="0" isConstructor="false" isStatic="false" isGetter="false" isSetter="true">
              <Summary numSequencePoints="1" visitedSequencePoints="1" numBranchPoints="0" visitedBranchPoints="0" sequenceCoverage="100.0" branchCoverage="0" maxCyclomaticComplexity="0" minCyclomaticComplexity="0" maxCrapScore="0" minCrapScore="0" visitedClasses="0" numClasses="0" visitedMethods="1" numMethods="1" />
              <MetadataToken>100663368</MetadataToken>
              <Name>System.Void AwARe.RoomScan.Polygons.Logic.Room::set_PositivePolygon(AwARe.Data.Logic.Polygon)</Name>
              <FileRef uid="10" />
              <SequencePoints>
                <SequencePoint vc="10" uspid="3884" ordinal="0" offset="0" sl="23" sc="47" el="23" ec="47" bec="0" bev="0" fileid="10" />
              </SequencePoints>
              <BranchPoints />
            </Method>
            <Method visited="true" cyclomaticComplexity="0" nPathComplexity="0" sequenceCoverage="100.0" branchCoverage="0" crapScore="0" isConstructor="false" isStatic="false" isGetter="true" isSetter="false">
              <Summary numSequencePoints="1" visitedSequencePoints="1" numBranchPoints="0" visitedBranchPoints="0" sequenceCoverage="100.0" branchCoverage="0" maxCyclomaticComplexity="0" minCyclomaticComplexity="0" maxCrapScore="0" minCrapScore="0" visitedClasses="0" numClasses="0" visitedMethods="1" numMethods="1" />
              <MetadataToken>100663369</MetadataToken>
              <Name>System.Collections.Generic.List[Polygon] AwARe.RoomScan.Polygons.Logic.Room::get_NegativePolygons()</Name>
              <FileRef uid="10" />
              <SequencePoints>
                <SequencePoint vc="159962" uspid="3885" ordinal="0" offset="0" sl="29" sc="49" el="29" ec="49" bec="0" bev="0" fileid="10" />
              </SequencePoints>
              <BranchPoints />
            </Method>
            <Method visited="true" cyclomaticComplexity="0" nPathComplexity="0" sequenceCoverage="100.0" branchCoverage="0" crapScore="0" isConstructor="false" isStatic="false" isGetter="false" isSetter="true">
              <Summary numSequencePoints="1" visitedSequencePoints="1" numBranchPoints="0" visitedBranchPoints="0" sequenceCoverage="100.0" branchCoverage="0" maxCyclomaticComplexity="0" minCyclomaticComplexity="0" maxCrapScore="0" minCrapScore="0" visitedClasses="0" numClasses="0" visitedMethods="1" numMethods="1" />
              <MetadataToken>100663370</MetadataToken>
              <Name>System.Void AwARe.RoomScan.Polygons.Logic.Room::set_NegativePolygons(System.Collections.Generic.List[Polygon])</Name>
              <FileRef uid="10" />
              <SequencePoints>
                <SequencePoint vc="10" uspid="3886" ordinal="0" offset="0" sl="29" sc="54" el="29" ec="54" bec="0" bev="0" fileid="10" />
              </SequencePoints>
              <BranchPoints />
            </Method>
            <Method visited="true" cyclomaticComplexity="0" nPathComplexity="0" sequenceCoverage="77.78" branchCoverage="0" crapScore="0" isConstructor="true" isStatic="false" isGetter="false" isSetter="false">
              <Summary numSequencePoints="9" visitedSequencePoints="7" numBranchPoints="0" visitedBranchPoints="0" sequenceCoverage="77.78" branchCoverage="0" maxCyclomaticComplexity="0" minCyclomaticComplexity="0" maxCrapScore="0" minCrapScore="0" visitedClasses="0" numClasses="0" visitedMethods="1" numMethods="1" />
              <MetadataToken>100663371</MetadataToken>
              <Name>AwARe.RoomScan.Polygons.Logic.Room::Room(AwARe.Data.Logic.Polygon, System.Collections.Generic.List[Polygon])</Name>
              <FileRef uid="10" />
              <SequencePoints>
                <SequencePoint vc="5" uspid="3896" ordinal="0" offset="0" sl="37" sc="9" el="37" ec="9" bec="0" bev="0" fileid="10" />
                <SequencePoint vc="5" uspid="3897" ordinal="0" offset="7" sl="38" sc="9" el="38" ec="9" bec="0" bev="0" fileid="10" />
                <SequencePoint vc="5" uspid="3898" ordinal="0" offset="8" sl="39" sc="13" el="39" ec="13" bec="0" bev="0" fileid="10" />
                <SequencePoint vc="0" uspid="3899" ordinal="0" offset="16" sl="40" sc="17" el="40" ec="17" bec="0" bev="0" fileid="10" />
                <SequencePoint vc="5" uspid="3900" ordinal="0" offset="26" sl="42" sc="17" el="42" ec="17" bec="0" bev="0" fileid="10" />
                <SequencePoint vc="5" uspid="3901" ordinal="0" offset="39" sl="44" sc="13" el="44" ec="13" bec="0" bev="0" fileid="10" />
                <SequencePoint vc="0" uspid="3902" ordinal="0" offset="47" sl="45" sc="17" el="45" ec="17" bec="0" bev="0" fileid="10" />
                <SequencePoint vc="5" uspid="3903" ordinal="0" offset="57" sl="47" sc="17" el="47" ec="17" bec="0" bev="0" fileid="10" />
                <SequencePoint vc="5" uspid="3904" ordinal="0" offset="69" sl="48" sc="9" el="48" ec="9" bec="0" bev="0" fileid="10" />
              </SequencePoints>
              <BranchPoints />
            </Method>
          </Methods>
        </Class>
        <Class>
          <Summary numSequencePoints="19" visitedSequencePoints="19" numBranchPoints="0" visitedBranchPoints="0" sequenceCoverage="100.0" branchCoverage="0.0" maxCyclomaticComplexity="0" minCyclomaticComplexity="0" maxCrapScore="0" minCrapScore="0" visitedClasses="1" numClasses="1" visitedMethods="2" numMethods="2" />
          <FullName>AwARe.RoomScan.Polygons.Logic.TestRoom</FullName>
          <Methods>
            <Method visited="true" cyclomaticComplexity="0" nPathComplexity="0" sequenceCoverage="100.0" branchCoverage="0" crapScore="0" isConstructor="false" isStatic="false" isGetter="false" isSetter="false">
              <Summary numSequencePoints="11" visitedSequencePoints="11" numBranchPoints="0" visitedBranchPoints="0" sequenceCoverage="100.0" branchCoverage="0" maxCyclomaticComplexity="0" minCyclomaticComplexity="0" maxCrapScore="0" minCrapScore="0" visitedClasses="0" numClasses="0" visitedMethods="1" numMethods="1" />
              <MetadataToken>100663374</MetadataToken>
              <Name>AwARe.Data.Logic.Polygon AwARe.RoomScan.Polygons.Logic.TestRoom::CreatePolygon(System.Collections.Generic.List[Vector3])</Name>
              <FileRef uid="11" />
              <SequencePoints>
                <SequencePoint vc="15" uspid="3905" ordinal="0" offset="0" sl="65" sc="9" el="65" ec="9" bec="0" bev="0" fileid="11" />
                <SequencePoint vc="15" uspid="3906" ordinal="0" offset="1" sl="66" sc="13" el="66" ec="13" bec="0" bev="0" fileid="11" />
                <SequencePoint vc="15" uspid="3907" ordinal="0" offset="8" sl="67" sc="13" el="67" ec="13" bec="0" bev="0" fileid="11" />
                <SequencePoint vc="15" uspid="3908" ordinal="0" offset="9" sl="67" sc="39" el="67" ec="39" bec="0" bev="0" fileid="11" />
                <SequencePoint vc="65" uspid="3909" ordinal="0" offset="18" sl="67" sc="22" el="67" ec="22" bec="0" bev="0" fileid="11" />
                <SequencePoint vc="65" uspid="3910" ordinal="0" offset="26" sl="68" sc="13" el="68" ec="13" bec="0" bev="0" fileid="11" />
                <SequencePoint vc="65" uspid="3911" ordinal="0" offset="27" sl="69" sc="17" el="69" ec="17" bec="0" bev="0" fileid="11" />
                <SequencePoint vc="65" uspid="3912" ordinal="0" offset="35" sl="70" sc="13" el="70" ec="13" bec="0" bev="0" fileid="11" />
                <SequencePoint vc="80" uspid="3913" ordinal="0" offset="36" sl="67" sc="36" el="67" ec="36" bec="0" bev="0" fileid="11" />
                <SequencePoint vc="15" uspid="3914" ordinal="0" offset="62" sl="71" sc="13" el="71" ec="13" bec="0" bev="0" fileid="11" />
                <SequencePoint vc="15" uspid="3915" ordinal="0" offset="66" sl="72" sc="9" el="72" ec="9" bec="0" bev="0" fileid="11" />
              </SequencePoints>
              <BranchPoints />
            </Method>
            <Method visited="true" cyclomaticComplexity="0" nPathComplexity="0" sequenceCoverage="100.0" branchCoverage="0" crapScore="0" isConstructor="true" isStatic="false" isGetter="false" isSetter="false">
              <Summary numSequencePoints="8" visitedSequencePoints="8" numBranchPoints="0" visitedBranchPoints="0" sequenceCoverage="100.0" branchCoverage="0" maxCyclomaticComplexity="0" minCyclomaticComplexity="0" maxCrapScore="0" minCrapScore="0" visitedClasses="0" numClasses="0" visitedMethods="1" numMethods="1" />
              <MetadataToken>100663373</MetadataToken>
              <Name>AwARe.RoomScan.Polygons.Logic.TestRoom::TestRoom()</Name>
              <FileRef uid="11" />
              <SequencePoints>
                <SequencePoint vc="5" uspid="3916" ordinal="0" offset="0" sl="24" sc="9" el="24" ec="9" bec="0" bev="0" fileid="11" />
                <SequencePoint vc="5" uspid="3917" ordinal="0" offset="9" sl="25" sc="9" el="25" ec="9" bec="0" bev="0" fileid="11" />
                <SequencePoint vc="5" uspid="3918" ordinal="0" offset="10" sl="26" sc="13" el="26" ec="13" bec="0" bev="0" fileid="11" />
                <SequencePoint vc="5" uspid="3919" ordinal="0" offset="124" sl="34" sc="13" el="34" ec="13" bec="0" bev="0" fileid="11" />
                <SequencePoint vc="5" uspid="3920" ordinal="0" offset="238" sl="42" sc="13" el="42" ec="13" bec="0" bev="0" fileid="11" />
                <SequencePoint vc="5" uspid="3921" ordinal="0" offset="379" sl="51" sc="13" el="51" ec="13" bec="0" bev="0" fileid="11" />
                <SequencePoint vc="5" uspid="3922" ordinal="0" offset="393" sl="52" sc="13" el="52" ec="13" bec="0" bev="0" fileid="11" />
                <SequencePoint vc="5" uspid="3923" ordinal="0" offset="433" sl="57" sc="9" el="57" ec="9" bec="0" bev="0" fileid="11" />
              </SequencePoints>
              <BranchPoints />
            </Method>
          </Methods>
        </Class>
        <Class>
          <Summary numSequencePoints="54" visitedSequencePoints="36" numBranchPoints="0" visitedBranchPoints="0" sequenceCoverage="66.67" branchCoverage="0.0" maxCyclomaticComplexity="0" minCyclomaticComplexity="0" maxCrapScore="0" minCrapScore="0" visitedClasses="1" numClasses="1" visitedMethods="6" numMethods="6" />
          <FullName>AwARe.ResourcePipeline.Objects.PipelineManager</FullName>
          <Methods>
            <Method visited="true" cyclomaticComplexity="0" nPathComplexity="0" sequenceCoverage="100.0" branchCoverage="0" crapScore="0" isConstructor="false" isStatic="false" isGetter="false" isSetter="false">
              <Summary numSequencePoints="5" visitedSequencePoints="5" numBranchPoints="0" visitedBranchPoints="0" sequenceCoverage="100.0" branchCoverage="0" maxCyclomaticComplexity="0" minCyclomaticComplexity="0" maxCrapScore="0" minCrapScore="0" visitedClasses="0" numClasses="0" visitedMethods="1" numMethods="1" />
              <MetadataToken>100663428</MetadataToken>
              <Name>System.Collections.Generic.List[Renderable] AwARe.ResourcePipeline.Objects.PipelineManager::GetRenderableList(AwARe.IngredientList.Logic.IngredientList)</Name>
              <FileRef uid="24" />
              <SequencePoints>
                <SequencePoint vc="1" uspid="4935" ordinal="0" offset="0" sl="36" sc="9" el="36" ec="9" bec="0" bev="0" fileid="24" />
                <SequencePoint vc="1" uspid="4936" ordinal="0" offset="1" sl="37" sc="13" el="37" ec="13" bec="0" bev="0" fileid="24" />
                <SequencePoint vc="1" uspid="4937" ordinal="0" offset="9" sl="38" sc="13" el="38" ec="13" bec="0" bev="0" fileid="24" />
                <SequencePoint vc="1" uspid="4938" ordinal="0" offset="17" sl="39" sc="13" el="39" ec="13" bec="0" bev="0" fileid="24" />
                <SequencePoint vc="1" uspid="4939" ordinal="0" offset="27" sl="40" sc="9" el="40" ec="9" bec="0" bev="0" fileid="24" />
              </SequencePoints>
              <BranchPoints />
            </Method>
            <Method visited="true" cyclomaticComplexity="0" nPathComplexity="0" sequenceCoverage="100.0" branchCoverage="0" crapScore="0" isConstructor="false" isStatic="false" isGetter="false" isSetter="false">
              <Summary numSequencePoints="4" visitedSequencePoints="4" numBranchPoints="0" visitedBranchPoints="0" sequenceCoverage="100.0" branchCoverage="0" maxCyclomaticComplexity="0" minCyclomaticComplexity="0" maxCrapScore="0" minCrapScore="0" visitedClasses="0" numClasses="0" visitedMethods="1" numMethods="1" />
              <MetadataToken>100663429</MetadataToken>
              <Name>AwARe.ResourcePipeline.Logic.ResourceDictionary AwARe.ResourcePipeline.Objects.PipelineManager::IngredientListToResourceList(AwARe.IngredientList.Logic.IngredientList)</Name>
              <FileRef uid="24" />
              <SequencePoints>
                <SequencePoint vc="1" uspid="4940" ordinal="0" offset="0" sl="47" sc="9" el="47" ec="9" bec="0" bev="0" fileid="24" />
                <SequencePoint vc="1" uspid="4941" ordinal="0" offset="1" sl="48" sc="13" el="48" ec="13" bec="0" bev="0" fileid="24" />
                <SequencePoint vc="1" uspid="4942" ordinal="0" offset="7" sl="49" sc="13" el="49" ec="13" bec="0" bev="0" fileid="24" />
                <SequencePoint vc="1" uspid="4943" ordinal="0" offset="17" sl="50" sc="9" el="50" ec="9" bec="0" bev="0" fileid="24" />
              </SequencePoints>
              <BranchPoints />
            </Method>
            <Method visited="true" cyclomaticComplexity="0" nPathComplexity="0" sequenceCoverage="61.54" branchCoverage="0" crapScore="0" isConstructor="false" isStatic="false" isGetter="false" isSetter="false">
              <Summary numSequencePoints="13" visitedSequencePoints="8" numBranchPoints="0" visitedBranchPoints="0" sequenceCoverage="61.54" branchCoverage="0" maxCyclomaticComplexity="0" minCyclomaticComplexity="0" maxCrapScore="0" minCrapScore="0" visitedClasses="0" numClasses="0" visitedMethods="1" numMethods="1" />
              <MetadataToken>100663430</MetadataToken>
              <Name>System.Collections.Generic.Dictionary[Int32,Int32] AwARe.ResourcePipeline.Objects.PipelineManager::ResourceListToModelQuantities(AwARe.ResourcePipeline.Logic.ResourceDictionary)</Name>
              <FileRef uid="24" />
              <SequencePoints>
                <SequencePoint vc="1" uspid="4944" ordinal="0" offset="0" sl="58" sc="9" el="58" ec="9" bec="0" bev="0" fileid="24" />
                <SequencePoint vc="1" uspid="4945" ordinal="0" offset="1" sl="59" sc="13" el="59" ec="13" bec="0" bev="0" fileid="24" />
                <SequencePoint vc="1" uspid="4946" ordinal="0" offset="7" sl="61" sc="13" el="61" ec="13" bec="0" bev="0" fileid="24" />
                <SequencePoint vc="1" uspid="4947" ordinal="0" offset="13" sl="62" sc="13" el="62" ec="13" bec="0" bev="0" fileid="24" />
                <SequencePoint vc="1" uspid="4948" ordinal="0" offset="14" sl="62" sc="66" el="62" ec="66" bec="0" bev="0" fileid="24" />
                <SequencePoint vc="0" uspid="4949" ordinal="0" offset="28" sl="62" sc="22" el="62" ec="22" bec="0" bev="0" fileid="24" />
                <SequencePoint vc="0" uspid="4950" ordinal="0" offset="56" sl="63" sc="13" el="63" ec="13" bec="0" bev="0" fileid="24" />
                <SequencePoint vc="0" uspid="4951" ordinal="0" offset="57" sl="64" sc="17" el="64" ec="17" bec="0" bev="0" fileid="24" />
                <SequencePoint vc="0" uspid="4952" ordinal="0" offset="65" sl="65" sc="17" el="65" ec="17" bec="0" bev="0" fileid="24" />
                <SequencePoint vc="0" uspid="4953" ordinal="0" offset="83" sl="66" sc="13" el="66" ec="13" bec="0" bev="0" fileid="24" />
                <SequencePoint vc="1" uspid="4954" ordinal="0" offset="84" sl="62" sc="63" el="62" ec="63" bec="0" bev="0" fileid="24" />
                <SequencePoint vc="1" uspid="4955" ordinal="0" offset="110" sl="67" sc="13" el="67" ec="13" bec="0" bev="0" fileid="24" />
                <SequencePoint vc="1" uspid="4956" ordinal="0" offset="115" sl="68" sc="9" el="68" ec="9" bec="0" bev="0" fileid="24" />
              </SequencePoints>
              <BranchPoints />
            </Method>
            <Method visited="true" cyclomaticComplexity="0" nPathComplexity="0" sequenceCoverage="38.10" branchCoverage="0" crapScore="0" isConstructor="false" isStatic="false" isGetter="false" isSetter="false">
              <Summary numSequencePoints="21" visitedSequencePoints="8" numBranchPoints="0" visitedBranchPoints="0" sequenceCoverage="38.10" branchCoverage="0" maxCyclomaticComplexity="0" minCyclomaticComplexity="0" maxCrapScore="0" minCrapScore="0" visitedClasses="0" numClasses="0" visitedMethods="1" numMethods="1" />
              <MetadataToken>100663431</MetadataToken>
              <Name>System.Collections.Generic.List[Renderable] AwARe.ResourcePipeline.Objects.PipelineManager::QuantityDictToRenderables(System.Collections.Generic.Dictionary[Int32,Int32])</Name>
              <FileRef uid="24" />
              <SequencePoints>
                <SequencePoint vc="1" uspid="4957" ordinal="0" offset="0" sl="77" sc="9" el="77" ec="9" bec="0" bev="0" fileid="24" />
                <SequencePoint vc="1" uspid="4958" ordinal="0" offset="1" sl="79" sc="13" el="79" ec="13" bec="0" bev="0" fileid="24" />
                <SequencePoint vc="1" uspid="4959" ordinal="0" offset="7" sl="80" sc="13" el="80" ec="13" bec="0" bev="0" fileid="24" />
                <SequencePoint vc="1" uspid="4960" ordinal="0" offset="8" sl="80" sc="53" el="80" ec="53" bec="0" bev="0" fileid="24" />
                <SequencePoint vc="0" uspid="4961" ordinal="0" offset="20" sl="80" sc="22" el="80" ec="22" bec="0" bev="0" fileid="24" />
                <SequencePoint vc="0" uspid="4962" ordinal="0" offset="47" sl="81" sc="13" el="81" ec="13" bec="0" bev="0" fileid="24" />
                <SequencePoint vc="0" uspid="4963" ordinal="0" offset="48" sl="82" sc="17" el="82" ec="17" bec="0" bev="0" fileid="24" />
                <SequencePoint vc="0" uspid="4964" ordinal="0" offset="83" sl="83" sc="17" el="83" ec="17" bec="0" bev="0" fileid="24" />
                <SequencePoint vc="0" uspid="4965" ordinal="0" offset="92" sl="86" sc="17" el="86" ec="17" bec="0" bev="0" fileid="24" />
                <SequencePoint vc="0" uspid="4966" ordinal="0" offset="111" sl="87" sc="17" el="87" ec="17" bec="0" bev="0" fileid="24" />
                <SequencePoint vc="0" uspid="4967" ordinal="0" offset="126" sl="88" sc="21" el="88" ec="21" bec="0" bev="0" fileid="24" />
                <SequencePoint vc="0" uspid="4968" ordinal="0" offset="133" sl="90" sc="17" el="90" ec="17" bec="0" bev="0" fileid="24" />
                <SequencePoint vc="0" uspid="4969" ordinal="0" offset="157" sl="91" sc="17" el="91" ec="17" bec="0" bev="0" fileid="24" />
                <SequencePoint vc="0" uspid="4970" ordinal="0" offset="168" sl="92" sc="17" el="92" ec="17" bec="0" bev="0" fileid="24" />
                <SequencePoint vc="0" uspid="4971" ordinal="0" offset="187" sl="93" sc="17" el="93" ec="17" bec="0" bev="0" fileid="24" />
                <SequencePoint vc="0" uspid="4972" ordinal="0" offset="203" sl="94" sc="17" el="94" ec="17" bec="0" bev="0" fileid="24" />
                <SequencePoint vc="0" uspid="4973" ordinal="0" offset="212" sl="95" sc="13" el="95" ec="13" bec="0" bev="0" fileid="24" />
                <SequencePoint vc="1" uspid="4974" ordinal="0" offset="213" sl="80" sc="50" el="80" ec="50" bec="0" bev="0" fileid="24" />
                <SequencePoint vc="1" uspid="4975" ordinal="0" offset="242" sl="96" sc="13" el="96" ec="13" bec="0" bev="0" fileid="24" />
                <SequencePoint vc="1" uspid="4976" ordinal="0" offset="249" sl="97" sc="13" el="97" ec="13" bec="0" bev="0" fileid="24" />
                <SequencePoint vc="1" uspid="4977" ordinal="0" offset="254" sl="98" sc="9" el="98" ec="9" bec="0" bev="0" fileid="24" />
              </SequencePoints>
              <BranchPoints />
            </Method>
            <Method visited="true" cyclomaticComplexity="0" nPathComplexity="0" sequenceCoverage="100.0" branchCoverage="0" crapScore="0" isConstructor="false" isStatic="true" isGetter="false" isSetter="false">
              <Summary numSequencePoints="7" visitedSequencePoints="7" numBranchPoints="0" visitedBranchPoints="0" sequenceCoverage="100.0" branchCoverage="0" maxCyclomaticComplexity="0" minCyclomaticComplexity="0" maxCrapScore="0" minCrapScore="0" visitedClasses="0" numClasses="0" visitedMethods="1" numMethods="1" />
              <MetadataToken>100663433</MetadataToken>
              <Name>static UnityEngine.Vector3 AwARe.ResourcePipeline.Objects.PipelineManager::GetHalfExtents(UnityEngine.GameObject)</Name>
              <FileRef uid="24" />
              <SequencePoints>
                <SequencePoint vc="5" uspid="4987" ordinal="0" offset="0" sl="123" sc="9" el="123" ec="9" bec="0" bev="0" fileid="24" />
                <SequencePoint vc="5" uspid="4988" ordinal="0" offset="1" sl="125" sc="13" el="125" ec="13" bec="0" bev="0" fileid="24" />
                <SequencePoint vc="5" uspid="4989" ordinal="0" offset="18" sl="126" sc="13" el="126" ec="13" bec="0" bev="0" fileid="24" />
                <SequencePoint vc="5" uspid="4990" ordinal="0" offset="25" sl="127" sc="13" el="127" ec="13" bec="0" bev="0" fileid="24" />
                <SequencePoint vc="5" uspid="4991" ordinal="0" offset="42" sl="128" sc="13" el="128" ec="13" bec="0" bev="0" fileid="24" />
                <SequencePoint vc="5" uspid="4992" ordinal="0" offset="49" sl="130" sc="13" el="130" ec="13" bec="0" bev="0" fileid="24" />
                <SequencePoint vc="5" uspid="4993" ordinal="0" offset="53" sl="131" sc="9" el="131" ec="9" bec="0" bev="0" fileid="24" />
              </SequencePoints>
              <BranchPoints />
            </Method>
            <Method visited="true" cyclomaticComplexity="0" nPathComplexity="0" sequenceCoverage="100.0" branchCoverage="0" crapScore="0" isConstructor="true" isStatic="false" isGetter="false" isSetter="false">
              <Summary numSequencePoints="4" visitedSequencePoints="4" numBranchPoints="0" visitedBranchPoints="0" sequenceCoverage="100.0" branchCoverage="0" maxCyclomaticComplexity="0" minCyclomaticComplexity="0" maxCrapScore="0" minCrapScore="0" visitedClasses="0" numClasses="0" visitedMethods="1" numMethods="1" />
              <MetadataToken>100663427</MetadataToken>
              <Name>AwARe.ResourcePipeline.Objects.PipelineManager::PipelineManager()</Name>
              <FileRef uid="24" />
              <SequencePoints>
                <SequencePoint vc="1" uspid="4994" ordinal="0" offset="0" sl="23" sc="9" el="23" ec="9" bec="0" bev="0" fileid="24" />
                <SequencePoint vc="1" uspid="4995" ordinal="0" offset="7" sl="24" sc="9" el="24" ec="9" bec="0" bev="0" fileid="24" />
                <SequencePoint vc="1" uspid="4996" ordinal="0" offset="8" sl="25" sc="13" el="25" ec="13" bec="0" bev="0" fileid="24" />
                <SequencePoint vc="1" uspid="4997" ordinal="0" offset="19" sl="26" sc="9" el="26" ec="9" bec="0" bev="0" fileid="24" />
              </SequencePoints>
              <BranchPoints />
            </Method>
          </Methods>
        </Class>
        <Class>
          <Summary numSequencePoints="11" visitedSequencePoints="11" numBranchPoints="0" visitedBranchPoints="0" sequenceCoverage="100.0" branchCoverage="0.0" maxCyclomaticComplexity="0" minCyclomaticComplexity="0" maxCrapScore="0" minCrapScore="0" visitedClasses="1" numClasses="1" visitedMethods="1" numMethods="1" />
          <FullName>AwARe.ResourcePipeline.Logic.Model</FullName>
          <Methods>
            <Method visited="true" cyclomaticComplexity="0" nPathComplexity="0" sequenceCoverage="100.0" branchCoverage="0" crapScore="0" isConstructor="true" isStatic="false" isGetter="false" isSetter="false">
              <Summary numSequencePoints="11" visitedSequencePoints="11" numBranchPoints="0" visitedBranchPoints="0" sequenceCoverage="100.0" branchCoverage="0" maxCyclomaticComplexity="0" minCyclomaticComplexity="0" maxCrapScore="0" minCrapScore="0" visitedClasses="0" numClasses="0" visitedMethods="1" numMethods="1" />
              <MetadataToken>100663448</MetadataToken>
              <Name>AwARe.ResourcePipeline.Logic.Model::Model(System.Int32, AwARe.ResourcePipeline.Logic.ResourceType, System.String, System.Single, System.Single, System.Single, System.Single, System.Single)</Name>
              <FileRef uid="26" />
              <SequencePoints>
                <SequencePoint vc="10" uspid="5026" ordinal="0" offset="0" sl="86" sc="9" el="86" ec="9" bec="0" bev="0" fileid="26" />
                <SequencePoint vc="10" uspid="5027" ordinal="0" offset="7" sl="95" sc="9" el="95" ec="9" bec="0" bev="0" fileid="26" />
                <SequencePoint vc="10" uspid="5028" ordinal="0" offset="8" sl="96" sc="13" el="96" ec="13" bec="0" bev="0" fileid="26" />
                <SequencePoint vc="10" uspid="5029" ordinal="0" offset="15" sl="97" sc="13" el="97" ec="13" bec="0" bev="0" fileid="26" />
                <SequencePoint vc="10" uspid="5030" ordinal="0" offset="22" sl="98" sc="13" el="98" ec="13" bec="0" bev="0" fileid="26" />
                <SequencePoint vc="10" uspid="5031" ordinal="0" offset="29" sl="99" sc="13" el="99" ec="13" bec="0" bev="0" fileid="26" />
                <SequencePoint vc="10" uspid="5032" ordinal="0" offset="37" sl="100" sc="13" el="100" ec="13" bec="0" bev="0" fileid="26" />
                <SequencePoint vc="10" uspid="5033" ordinal="0" offset="45" sl="101" sc="13" el="101" ec="13" bec="0" bev="0" fileid="26" />
                <SequencePoint vc="10" uspid="5034" ordinal="0" offset="53" sl="102" sc="13" el="102" ec="13" bec="0" bev="0" fileid="26" />
                <SequencePoint vc="10" uspid="5035" ordinal="0" offset="61" sl="103" sc="13" el="103" ec="13" bec="0" bev="0" fileid="26" />
                <SequencePoint vc="10" uspid="5036" ordinal="0" offset="69" sl="104" sc="9" el="104" ec="9" bec="0" bev="0" fileid="26" />
              </SequencePoints>
              <BranchPoints />
            </Method>
          </Methods>
        </Class>
        <Class>
          <Summary numSequencePoints="25" visitedSequencePoints="12" numBranchPoints="0" visitedBranchPoints="0" sequenceCoverage="48.00" branchCoverage="0.0" maxCyclomaticComplexity="0" minCyclomaticComplexity="0" maxCrapScore="0" minCrapScore="0" visitedClasses="1" numClasses="1" visitedMethods="2" numMethods="2" />
          <FullName>AwARe.ResourcePipeline.Logic.ResourceCalculator</FullName>
          <Methods>
            <Method visited="true" cyclomaticComplexity="0" nPathComplexity="0" sequenceCoverage="35.00" branchCoverage="0" crapScore="0" isConstructor="false" isStatic="false" isGetter="false" isSetter="false">
              <Summary numSequencePoints="20" visitedSequencePoints="7" numBranchPoints="0" visitedBranchPoints="0" sequenceCoverage="35.00" branchCoverage="0" maxCyclomaticComplexity="0" minCyclomaticComplexity="0" maxCrapScore="0" minCrapScore="0" visitedClasses="0" numClasses="0" visitedMethods="1" numMethods="1" />
              <MetadataToken>100663453</MetadataToken>
              <Name>AwARe.ResourcePipeline.Logic.ResourceDictionary AwARe.ResourcePipeline.Logic.ResourceCalculator::IngredientsToResources(AwARe.IngredientList.Logic.IngredientList)</Name>
              <FileRef uid="27" />
              <SequencePoints>
                <SequencePoint vc="1" uspid="5037" ordinal="0" offset="0" sl="31" sc="9" el="31" ec="9" bec="0" bev="0" fileid="27" />
                <SequencePoint vc="1" uspid="5038" ordinal="0" offset="1" sl="32" sc="13" el="32" ec="13" bec="0" bev="0" fileid="27" />
                <SequencePoint vc="1" uspid="5039" ordinal="0" offset="7" sl="34" sc="13" el="34" ec="13" bec="0" bev="0" fileid="27" />
                <SequencePoint vc="1" uspid="5040" ordinal="0" offset="8" sl="35" sc="25" el="35" ec="25" bec="0" bev="0" fileid="27" />
                <SequencePoint vc="0" uspid="5041" ordinal="0" offset="25" sl="34" sc="22" el="34" ec="22" bec="0" bev="0" fileid="27" />
                <SequencePoint vc="0" uspid="5042" ordinal="0" offset="65" sl="36" sc="13" el="36" ec="13" bec="0" bev="0" fileid="27" />
                <SequencePoint vc="0" uspid="5043" ordinal="0" offset="66" sl="37" sc="17" el="37" ec="17" bec="0" bev="0" fileid="27" />
                <SequencePoint vc="0" uspid="5044" ordinal="0" offset="78" sl="39" sc="17" el="39" ec="17" bec="0" bev="0" fileid="27" />
                <SequencePoint vc="0" uspid="5045" ordinal="0" offset="79" sl="39" sc="73" el="39" ec="73" bec="0" bev="0" fileid="27" />
                <SequencePoint vc="0" uspid="5046" ordinal="0" offset="95" sl="39" sc="26" el="39" ec="26" bec="0" bev="0" fileid="27" />
                <SequencePoint vc="0" uspid="5047" ordinal="0" offset="124" sl="40" sc="17" el="40" ec="17" bec="0" bev="0" fileid="27" />
                <SequencePoint vc="0" uspid="5048" ordinal="0" offset="125" sl="42" sc="21" el="42" ec="21" bec="0" bev="0" fileid="27" />
                <SequencePoint vc="0" uspid="5049" ordinal="0" offset="142" sl="43" sc="25" el="43" ec="25" bec="0" bev="0" fileid="27" />
                <SequencePoint vc="0" uspid="5050" ordinal="0" offset="155" sl="45" sc="25" el="45" ec="25" bec="0" bev="0" fileid="27" />
                <SequencePoint vc="0" uspid="5051" ordinal="0" offset="184" sl="46" sc="17" el="46" ec="17" bec="0" bev="0" fileid="27" />
                <SequencePoint vc="0" uspid="5052" ordinal="0" offset="185" sl="39" sc="70" el="39" ec="70" bec="0" bev="0" fileid="27" />
                <SequencePoint vc="0" uspid="5053" ordinal="0" offset="211" sl="47" sc="13" el="47" ec="13" bec="0" bev="0" fileid="27" />
                <SequencePoint vc="1" uspid="5054" ordinal="0" offset="212" sl="35" sc="22" el="35" ec="22" bec="0" bev="0" fileid="27" />
                <SequencePoint vc="1" uspid="5055" ordinal="0" offset="241" sl="49" sc="13" el="49" ec="13" bec="0" bev="0" fileid="27" />
                <SequencePoint vc="1" uspid="5056" ordinal="0" offset="251" sl="50" sc="9" el="50" ec="9" bec="0" bev="0" fileid="27" />
              </SequencePoints>
              <BranchPoints />
            </Method>
            <Method visited="true" cyclomaticComplexity="0" nPathComplexity="0" sequenceCoverage="100.0" branchCoverage="0" crapScore="0" isConstructor="true" isStatic="false" isGetter="false" isSetter="false">
              <Summary numSequencePoints="5" visitedSequencePoints="5" numBranchPoints="0" visitedBranchPoints="0" sequenceCoverage="100.0" branchCoverage="0" maxCyclomaticComplexity="0" minCyclomaticComplexity="0" maxCrapScore="0" minCrapScore="0" visitedClasses="0" numClasses="0" visitedMethods="1" numMethods="1" />
              <MetadataToken>100663452</MetadataToken>
              <Name>AwARe.ResourcePipeline.Logic.ResourceCalculator::ResourceCalculator()</Name>
              <FileRef uid="27" />
              <SequencePoints>
                <SequencePoint vc="1" uspid="5072" ordinal="0" offset="0" sl="17" sc="9" el="17" ec="9" bec="0" bev="0" fileid="27" />
                <SequencePoint vc="1" uspid="5073" ordinal="0" offset="7" sl="18" sc="9" el="18" ec="9" bec="0" bev="0" fileid="27" />
                <SequencePoint vc="1" uspid="5074" ordinal="0" offset="8" sl="19" sc="13" el="19" ec="13" bec="0" bev="0" fileid="27" />
                <SequencePoint vc="1" uspid="5075" ordinal="0" offset="19" sl="20" sc="13" el="20" ec="13" bec="0" bev="0" fileid="27" />
                <SequencePoint vc="1" uspid="5076" ordinal="0" offset="30" sl="21" sc="9" el="21" ec="9" bec="0" bev="0" fileid="27" />
              </SequencePoints>
              <BranchPoints />
            </Method>
          </Methods>
        </Class>
        <Class>
          <Summary numSequencePoints="6" visitedSequencePoints="6" numBranchPoints="0" visitedBranchPoints="0" sequenceCoverage="100.0" branchCoverage="0.0" maxCyclomaticComplexity="0" minCyclomaticComplexity="0" maxCrapScore="0" minCrapScore="0" visitedClasses="1" numClasses="1" visitedMethods="3" numMethods="3" />
          <FullName>AwARe.ResourcePipeline.Logic.ResourceDictionary</FullName>
          <Methods>
            <Method visited="true" cyclomaticComplexity="0" nPathComplexity="0" sequenceCoverage="100.0" branchCoverage="0" crapScore="0" isConstructor="false" isStatic="false" isGetter="true" isSetter="false">
              <Summary numSequencePoints="1" visitedSequencePoints="1" numBranchPoints="0" visitedBranchPoints="0" sequenceCoverage="100.0" branchCoverage="0" maxCyclomaticComplexity="0" minCyclomaticComplexity="0" maxCrapScore="0" minCrapScore="0" visitedClasses="0" numClasses="0" visitedMethods="1" numMethods="1" />
              <MetadataToken>100663455</MetadataToken>
              <Name>System.Collections.Generic.Dictionary[Resource,Single] AwARe.ResourcePipeline.Logic.ResourceDictionary::get_Resources()</Name>
              <FileRef uid="28" />
              <SequencePoints>
                <SequencePoint vc="1" uspid="5077" ordinal="0" offset="0" sl="14" sc="56" el="14" ec="56" bec="0" bev="0" fileid="28" />
              </SequencePoints>
              <BranchPoints />
            </Method>
            <Method visited="true" cyclomaticComplexity="0" nPathComplexity="0" sequenceCoverage="100.0" branchCoverage="0" crapScore="0" isConstructor="false" isStatic="false" isGetter="false" isSetter="true">
              <Summary numSequencePoints="1" visitedSequencePoints="1" numBranchPoints="0" visitedBranchPoints="0" sequenceCoverage="100.0" branchCoverage="0" maxCyclomaticComplexity="0" minCyclomaticComplexity="0" maxCrapScore="0" minCrapScore="0" visitedClasses="0" numClasses="0" visitedMethods="1" numMethods="1" />
              <MetadataToken>100663456</MetadataToken>
              <Name>System.Void AwARe.ResourcePipeline.Logic.ResourceDictionary::set_Resources(System.Collections.Generic.Dictionary[Resource,Single])</Name>
              <FileRef uid="28" />
              <SequencePoints>
                <SequencePoint vc="1" uspid="5078" ordinal="0" offset="0" sl="14" sc="61" el="14" ec="61" bec="0" bev="0" fileid="28" />
              </SequencePoints>
              <BranchPoints />
            </Method>
            <Method visited="true" cyclomaticComplexity="0" nPathComplexity="0" sequenceCoverage="100.0" branchCoverage="0" crapScore="0" isConstructor="true" isStatic="false" isGetter="false" isSetter="false">
              <Summary numSequencePoints="4" visitedSequencePoints="4" numBranchPoints="0" visitedBranchPoints="0" sequenceCoverage="100.0" branchCoverage="0" maxCyclomaticComplexity="0" minCyclomaticComplexity="0" maxCrapScore="0" minCrapScore="0" visitedClasses="0" numClasses="0" visitedMethods="1" numMethods="1" />
              <MetadataToken>100663457</MetadataToken>
              <Name>AwARe.ResourcePipeline.Logic.ResourceDictionary::ResourceDictionary(System.Collections.Generic.Dictionary[Resource,Single])</Name>
              <FileRef uid="28" />
              <SequencePoints>
                <SequencePoint vc="1" uspid="5081" ordinal="0" offset="0" sl="21" sc="9" el="21" ec="9" bec="0" bev="0" fileid="28" />
                <SequencePoint vc="1" uspid="5082" ordinal="0" offset="7" sl="22" sc="9" el="22" ec="9" bec="0" bev="0" fileid="28" />
                <SequencePoint vc="1" uspid="5083" ordinal="0" offset="8" sl="23" sc="13" el="23" ec="13" bec="0" bev="0" fileid="28" />
                <SequencePoint vc="1" uspid="5084" ordinal="0" offset="25" sl="24" sc="9" el="24" ec="9" bec="0" bev="0" fileid="28" />
              </SequencePoints>
              <BranchPoints />
            </Method>
          </Methods>
        </Class>
        <Class>
          <Summary numSequencePoints="8" visitedSequencePoints="8" numBranchPoints="0" visitedBranchPoints="0" sequenceCoverage="100.0" branchCoverage="0.0" maxCyclomaticComplexity="0" minCyclomaticComplexity="0" maxCrapScore="0" minCrapScore="0" visitedClasses="1" numClasses="1" visitedMethods="1" numMethods="1" />
          <FullName>AwARe.ResourcePipeline.Logic.Resource</FullName>
          <Methods>
            <Method visited="true" cyclomaticComplexity="0" nPathComplexity="0" sequenceCoverage="100.0" branchCoverage="0" crapScore="0" isConstructor="true" isStatic="false" isGetter="false" isSetter="false">
              <Summary numSequencePoints="8" visitedSequencePoints="8" numBranchPoints="0" visitedBranchPoints="0" sequenceCoverage="100.0" branchCoverage="0" maxCyclomaticComplexity="0" minCyclomaticComplexity="0" maxCrapScore="0" minCrapScore="0" visitedClasses="0" numClasses="0" visitedMethods="1" numMethods="1" />
              <MetadataToken>100663465</MetadataToken>
              <Name>AwARe.ResourcePipeline.Logic.Resource::Resource(System.Int32, System.String, AwARe.ResourcePipeline.Logic.ResourceType, System.Nullable[Int32], System.Int32)</Name>
              <FileRef uid="28" />
              <SequencePoints>
                <SequencePoint vc="19" uspid="5093" ordinal="0" offset="0" sl="74" sc="9" el="74" ec="9" bec="0" bev="0" fileid="28" />
                <SequencePoint vc="19" uspid="5094" ordinal="0" offset="7" sl="75" sc="9" el="75" ec="9" bec="0" bev="0" fileid="28" />
                <SequencePoint vc="19" uspid="5095" ordinal="0" offset="8" sl="76" sc="13" el="76" ec="13" bec="0" bev="0" fileid="28" />
                <SequencePoint vc="19" uspid="5096" ordinal="0" offset="15" sl="77" sc="13" el="77" ec="13" bec="0" bev="0" fileid="28" />
                <SequencePoint vc="19" uspid="5097" ordinal="0" offset="22" sl="78" sc="13" el="78" ec="13" bec="0" bev="0" fileid="28" />
                <SequencePoint vc="19" uspid="5098" ordinal="0" offset="29" sl="79" sc="13" el="79" ec="13" bec="0" bev="0" fileid="28" />
                <SequencePoint vc="19" uspid="5099" ordinal="0" offset="37" sl="80" sc="13" el="80" ec="13" bec="0" bev="0" fileid="28" />
                <SequencePoint vc="19" uspid="5100" ordinal="0" offset="45" sl="81" sc="9" el="81" ec="9" bec="0" bev="0" fileid="28" />
              </SequencePoints>
              <BranchPoints />
            </Method>
          </Methods>
        </Class>
        <Class>
          <Summary numSequencePoints="22" visitedSequencePoints="21" numBranchPoints="0" visitedBranchPoints="0" sequenceCoverage="95.45" branchCoverage="0.0" maxCyclomaticComplexity="0" minCyclomaticComplexity="0" maxCrapScore="0" minCrapScore="0" visitedClasses="1" numClasses="1" visitedMethods="7" numMethods="7" />
          <FullName>AwARe.Questionnaire.Objects.AnswerOptionSpawner</FullName>
          <Methods>
            <Method visited="true" cyclomaticComplexity="0" nPathComplexity="0" sequenceCoverage="100.0" branchCoverage="0" crapScore="0" isConstructor="false" isStatic="false" isGetter="true" isSetter="false">
              <Summary numSequencePoints="1" visitedSequencePoints="1" numBranchPoints="0" visitedBranchPoints="0" sequenceCoverage="100.0" branchCoverage="0" maxCyclomaticComplexity="0" minCyclomaticComplexity="0" maxCrapScore="0" minCrapScore="0" visitedClasses="0" numClasses="0" visitedMethods="1" numMethods="1" />
              <MetadataToken>100663469</MetadataToken>
              <Name>UnityEngine.GameObject AwARe.Questionnaire.Objects.AnswerOptionSpawner::get_Question()</Name>
              <FileRef uid="29" />
              <SequencePoints>
                <SequencePoint vc="287" uspid="5101" ordinal="0" offset="0" sl="16" sc="41" el="16" ec="41" bec="0" bev="0" fileid="29" />
              </SequencePoints>
              <BranchPoints />
            </Method>
            <Method visited="true" cyclomaticComplexity="0" nPathComplexity="0" sequenceCoverage="100.0" branchCoverage="0" crapScore="0" isConstructor="false" isStatic="false" isGetter="false" isSetter="true">
              <Summary numSequencePoints="1" visitedSequencePoints="1" numBranchPoints="0" visitedBranchPoints="0" sequenceCoverage="100.0" branchCoverage="0" maxCyclomaticComplexity="0" minCyclomaticComplexity="0" maxCrapScore="0" minCrapScore="0" visitedClasses="0" numClasses="0" visitedMethods="1" numMethods="1" />
              <MetadataToken>100663470</MetadataToken>
              <Name>System.Void AwARe.Questionnaire.Objects.AnswerOptionSpawner::set_Question(UnityEngine.GameObject)</Name>
              <FileRef uid="29" />
              <SequencePoints>
                <SequencePoint vc="147" uspid="5102" ordinal="0" offset="0" sl="16" sc="46" el="16" ec="46" bec="0" bev="0" fileid="29" />
              </SequencePoints>
              <BranchPoints />
            </Method>
            <Method visited="true" cyclomaticComplexity="0" nPathComplexity="0" sequenceCoverage="100.0" branchCoverage="0" crapScore="0" isConstructor="false" isStatic="false" isGetter="true" isSetter="false">
              <Summary numSequencePoints="1" visitedSequencePoints="1" numBranchPoints="0" visitedBranchPoints="0" sequenceCoverage="100.0" branchCoverage="0" maxCyclomaticComplexity="0" minCyclomaticComplexity="0" maxCrapScore="0" minCrapScore="0" visitedClasses="0" numClasses="0" visitedMethods="1" numMethods="1" />
              <MetadataToken>100663471</MetadataToken>
              <Name>UnityEngine.GameObject AwARe.Questionnaire.Objects.AnswerOptionSpawner::get_AnswerOptionPrefab()</Name>
              <FileRef uid="29" />
              <SequencePoints>
                <SequencePoint vc="147" uspid="5103" ordinal="0" offset="0" sl="20" sc="51" el="20" ec="51" bec="0" bev="0" fileid="29" />
              </SequencePoints>
              <BranchPoints />
            </Method>
            <Method visited="true" cyclomaticComplexity="0" nPathComplexity="0" sequenceCoverage="100.0" branchCoverage="0" crapScore="0" isConstructor="false" isStatic="false" isGetter="false" isSetter="true">
              <Summary numSequencePoints="1" visitedSequencePoints="1" numBranchPoints="0" visitedBranchPoints="0" sequenceCoverage="100.0" branchCoverage="0" maxCyclomaticComplexity="0" minCyclomaticComplexity="0" maxCrapScore="0" minCrapScore="0" visitedClasses="0" numClasses="0" visitedMethods="1" numMethods="1" />
              <MetadataToken>100663472</MetadataToken>
              <Name>System.Void AwARe.Questionnaire.Objects.AnswerOptionSpawner::set_AnswerOptionPrefab(UnityEngine.GameObject)</Name>
              <FileRef uid="29" />
              <SequencePoints>
                <SequencePoint vc="147" uspid="5104" ordinal="0" offset="0" sl="20" sc="56" el="20" ec="56" bec="0" bev="0" fileid="29" />
              </SequencePoints>
              <BranchPoints />
            </Method>
            <Method visited="true" cyclomaticComplexity="0" nPathComplexity="0" sequenceCoverage="100.0" branchCoverage="0" crapScore="0" isConstructor="false" isStatic="false" isGetter="false" isSetter="false">
              <Summary numSequencePoints="7" visitedSequencePoints="7" numBranchPoints="0" visitedBranchPoints="0" sequenceCoverage="100.0" branchCoverage="0" maxCyclomaticComplexity="0" minCyclomaticComplexity="0" maxCrapScore="0" minCrapScore="0" visitedClasses="0" numClasses="0" visitedMethods="1" numMethods="1" />
              <MetadataToken>100663475</MetadataToken>
              <Name>System.Void AwARe.Questionnaire.Objects.AnswerOptionSpawner::InitializeAnswerOption(UnityEngine.GameObject, System.String)</Name>
              <FileRef uid="29" />
              <SequencePoints>
                <SequencePoint vc="147" uspid="5105" ordinal="0" offset="0" sl="46" sc="9" el="46" ec="9" bec="0" bev="0" fileid="29" />
                <SequencePoint vc="147" uspid="5106" ordinal="0" offset="1" sl="47" sc="13" el="47" ec="13" bec="0" bev="0" fileid="29" />
                <SequencePoint vc="147" uspid="5107" ordinal="0" offset="9" sl="48" sc="13" el="48" ec="13" bec="0" bev="0" fileid="29" />
                <SequencePoint vc="147" uspid="5108" ordinal="0" offset="32" sl="50" sc="13" el="50" ec="13" bec="0" bev="0" fileid="29" />
                <SequencePoint vc="7" uspid="5109" ordinal="0" offset="48" sl="50" sc="63" el="50" ec="63" bec="0" bev="0" fileid="29" />
                <SequencePoint vc="140" uspid="5110" ordinal="0" offset="50" sl="51" sc="13" el="51" ec="13" bec="0" bev="0" fileid="29" />
                <SequencePoint vc="147" uspid="5111" ordinal="0" offset="78" sl="52" sc="9" el="52" ec="9" bec="0" bev="0" fileid="29" />
              </SequencePoints>
              <BranchPoints />
            </Method>
            <Method visited="true" cyclomaticComplexity="0" nPathComplexity="0" sequenceCoverage="83.33" branchCoverage="0" crapScore="0" isConstructor="false" isStatic="false" isGetter="false" isSetter="false">
              <Summary numSequencePoints="6" visitedSequencePoints="5" numBranchPoints="0" visitedBranchPoints="0" sequenceCoverage="83.33" branchCoverage="0" maxCyclomaticComplexity="0" minCyclomaticComplexity="0" maxCrapScore="0" minCrapScore="0" visitedClasses="0" numClasses="0" visitedMethods="1" numMethods="1" />
              <MetadataToken>100663476</MetadataToken>
              <Name>System.Void AwARe.Questionnaire.Objects.AnswerOptionSpawner::InitializeToggleHandler(UnityEngine.GameObject, System.Int32)</Name>
              <FileRef uid="29" />
              <SequencePoints>
                <SequencePoint vc="140" uspid="5112" ordinal="0" offset="0" sl="60" sc="9" el="60" ec="9" bec="0" bev="0" fileid="29" />
                <SequencePoint vc="140" uspid="5113" ordinal="0" offset="1" sl="61" sc="13" el="61" ec="13" bec="0" bev="0" fileid="29" />
                <SequencePoint vc="0" uspid="5114" ordinal="0" offset="16" sl="61" sc="81" el="61" ec="81" bec="0" bev="0" fileid="29" />
                <SequencePoint vc="140" uspid="5115" ordinal="0" offset="18" sl="62" sc="13" el="62" ec="13" bec="0" bev="0" fileid="29" />
                <SequencePoint vc="140" uspid="5116" ordinal="0" offset="31" sl="63" sc="13" el="63" ec="13" bec="0" bev="0" fileid="29" />
                <SequencePoint vc="140" uspid="5117" ordinal="0" offset="39" sl="64" sc="9" el="64" ec="9" bec="0" bev="0" fileid="29" />
              </SequencePoints>
              <BranchPoints />
            </Method>
            <Method visited="true" cyclomaticComplexity="0" nPathComplexity="0" sequenceCoverage="100.0" branchCoverage="0" crapScore="0" isConstructor="true" isStatic="false" isGetter="false" isSetter="false">
              <Summary numSequencePoints="5" visitedSequencePoints="5" numBranchPoints="0" visitedBranchPoints="0" sequenceCoverage="100.0" branchCoverage="0" maxCyclomaticComplexity="0" minCyclomaticComplexity="0" maxCrapScore="0" minCrapScore="0" visitedClasses="0" numClasses="0" visitedMethods="1" numMethods="1" />
              <MetadataToken>100663473</MetadataToken>
              <Name>AwARe.Questionnaire.Objects.AnswerOptionSpawner::AnswerOptionSpawner(UnityEngine.GameObject, UnityEngine.GameObject)</Name>
              <FileRef uid="29" />
              <SequencePoints>
                <SequencePoint vc="147" uspid="5118" ordinal="0" offset="0" sl="27" sc="9" el="27" ec="9" bec="0" bev="0" fileid="29" />
                <SequencePoint vc="147" uspid="5119" ordinal="0" offset="7" sl="28" sc="9" el="28" ec="9" bec="0" bev="0" fileid="29" />
                <SequencePoint vc="147" uspid="5120" ordinal="0" offset="8" sl="29" sc="13" el="29" ec="13" bec="0" bev="0" fileid="29" />
                <SequencePoint vc="147" uspid="5121" ordinal="0" offset="16" sl="30" sc="13" el="30" ec="13" bec="0" bev="0" fileid="29" />
                <SequencePoint vc="147" uspid="5122" ordinal="0" offset="24" sl="31" sc="9" el="31" ec="9" bec="0" bev="0" fileid="29" />
              </SequencePoints>
              <BranchPoints />
            </Method>
          </Methods>
        </Class>
        <Class>
          <Summary numSequencePoints="10" visitedSequencePoints="10" numBranchPoints="0" visitedBranchPoints="0" sequenceCoverage="100.0" branchCoverage="0.0" maxCyclomaticComplexity="0" minCyclomaticComplexity="0" maxCrapScore="0" minCrapScore="0" visitedClasses="1" numClasses="1" visitedMethods="2" numMethods="2" />
          <FullName>AwARe.Questionnaire.Objects.TextAnswerOption</FullName>
          <Methods>
            <Method visited="true" cyclomaticComplexity="0" nPathComplexity="0" sequenceCoverage="100.0" branchCoverage="0" crapScore="0" isConstructor="false" isStatic="false" isGetter="false" isSetter="false">
              <Summary numSequencePoints="7" visitedSequencePoints="7" numBranchPoints="0" visitedBranchPoints="0" sequenceCoverage="100.0" branchCoverage="0" maxCyclomaticComplexity="0" minCyclomaticComplexity="0" maxCrapScore="0" minCrapScore="0" visitedClasses="0" numClasses="0" visitedMethods="1" numMethods="1" />
              <MetadataToken>100663478</MetadataToken>
              <Name>UnityEngine.GameObject AwARe.Questionnaire.Objects.TextAnswerOption::CreateAnswerOption(System.String)</Name>
              <FileRef uid="29" />
              <SequencePoints>
                <SequencePoint vc="7" uspid="5123" ordinal="0" offset="0" sl="86" sc="9" el="86" ec="9" bec="0" bev="0" fileid="29" />
                <SequencePoint vc="7" uspid="5124" ordinal="0" offset="1" sl="87" sc="13" el="87" ec="13" bec="0" bev="0" fileid="29" />
                <SequencePoint vc="7" uspid="5125" ordinal="0" offset="13" sl="88" sc="13" el="88" ec="13" bec="0" bev="0" fileid="29" />
                <SequencePoint vc="7" uspid="5126" ordinal="0" offset="22" sl="89" sc="13" el="89" ec="13" bec="0" bev="0" fileid="29" />
                <SequencePoint vc="7" uspid="5127" ordinal="0" offset="50" sl="91" sc="13" el="91" ec="13" bec="0" bev="0" fileid="29" />
                <SequencePoint vc="7" uspid="5128" ordinal="0" offset="62" sl="92" sc="13" el="92" ec="13" bec="0" bev="0" fileid="29" />
                <SequencePoint vc="7" uspid="5129" ordinal="0" offset="66" sl="93" sc="9" el="93" ec="9" bec="0" bev="0" fileid="29" />
              </SequencePoints>
              <BranchPoints />
            </Method>
            <Method visited="true" cyclomaticComplexity="0" nPathComplexity="0" sequenceCoverage="100.0" branchCoverage="0" crapScore="0" isConstructor="true" isStatic="false" isGetter="false" isSetter="false">
              <Summary numSequencePoints="3" visitedSequencePoints="3" numBranchPoints="0" visitedBranchPoints="0" sequenceCoverage="100.0" branchCoverage="0" maxCyclomaticComplexity="0" minCyclomaticComplexity="0" maxCrapScore="0" minCrapScore="0" visitedClasses="0" numClasses="0" visitedMethods="1" numMethods="1" />
              <MetadataToken>100663477</MetadataToken>
              <Name>AwARe.Questionnaire.Objects.TextAnswerOption::TextAnswerOption(UnityEngine.GameObject, UnityEngine.GameObject)</Name>
              <FileRef uid="29" />
              <SequencePoints>
                <SequencePoint vc="7" uspid="5130" ordinal="0" offset="0" sl="78" sc="15" el="78" ec="15" bec="0" bev="0" fileid="29" />
                <SequencePoint vc="7" uspid="5131" ordinal="0" offset="9" sl="78" sc="56" el="78" ec="56" bec="0" bev="0" fileid="29" />
                <SequencePoint vc="7" uspid="5132" ordinal="0" offset="10" sl="78" sc="58" el="78" ec="58" bec="0" bev="0" fileid="29" />
              </SequencePoints>
              <BranchPoints />
            </Method>
          </Methods>
        </Class>
        <Class>
          <Summary numSequencePoints="17" visitedSequencePoints="17" numBranchPoints="0" visitedBranchPoints="0" sequenceCoverage="100.0" branchCoverage="0.0" maxCyclomaticComplexity="0" minCyclomaticComplexity="0" maxCrapScore="0" minCrapScore="0" visitedClasses="1" numClasses="1" visitedMethods="2" numMethods="2" />
          <FullName>AwARe.Questionnaire.Objects.RadioAnswerOption</FullName>
          <Methods>
            <Method visited="true" cyclomaticComplexity="0" nPathComplexity="0" sequenceCoverage="100.0" branchCoverage="0" crapScore="0" isConstructor="false" isStatic="false" isGetter="false" isSetter="false">
              <Summary numSequencePoints="8" visitedSequencePoints="8" numBranchPoints="0" visitedBranchPoints="0" sequenceCoverage="100.0" branchCoverage="0" maxCyclomaticComplexity="0" minCyclomaticComplexity="0" maxCrapScore="0" minCrapScore="0" visitedClasses="0" numClasses="0" visitedMethods="1" numMethods="1" />
              <MetadataToken>100663480</MetadataToken>
              <Name>UnityEngine.GameObject AwARe.Questionnaire.Objects.RadioAnswerOption::CreateAnswerOption(System.String)</Name>
              <FileRef uid="29" />
              <SequencePoints>
                <SequencePoint vc="119" uspid="5133" ordinal="0" offset="0" sl="128" sc="9" el="128" ec="9" bec="0" bev="0" fileid="29" />
                <SequencePoint vc="119" uspid="5134" ordinal="0" offset="1" sl="129" sc="13" el="129" ec="13" bec="0" bev="0" fileid="29" />
                <SequencePoint vc="119" uspid="5135" ordinal="0" offset="13" sl="130" sc="13" el="130" ec="13" bec="0" bev="0" fileid="29" />
                <SequencePoint vc="119" uspid="5136" ordinal="0" offset="31" sl="131" sc="13" el="131" ec="13" bec="0" bev="0" fileid="29" />
                <SequencePoint vc="119" uspid="5137" ordinal="0" offset="40" sl="132" sc="13" el="132" ec="13" bec="0" bev="0" fileid="29" />
                <SequencePoint vc="119" uspid="5138" ordinal="0" offset="54" sl="133" sc="13" el="133" ec="13" bec="0" bev="0" fileid="29" />
                <SequencePoint vc="119" uspid="5139" ordinal="0" offset="66" sl="134" sc="13" el="134" ec="13" bec="0" bev="0" fileid="29" />
                <SequencePoint vc="119" uspid="5140" ordinal="0" offset="70" sl="135" sc="9" el="135" ec="9" bec="0" bev="0" fileid="29" />
              </SequencePoints>
              <BranchPoints />
            </Method>
            <Method visited="true" cyclomaticComplexity="0" nPathComplexity="0" sequenceCoverage="100.0" branchCoverage="0" crapScore="0" isConstructor="true" isStatic="false" isGetter="false" isSetter="false">
              <Summary numSequencePoints="9" visitedSequencePoints="9" numBranchPoints="0" visitedBranchPoints="0" sequenceCoverage="100.0" branchCoverage="0" maxCyclomaticComplexity="0" minCyclomaticComplexity="0" maxCrapScore="0" minCrapScore="0" visitedClasses="0" numClasses="0" visitedMethods="1" numMethods="1" />
              <MetadataToken>100663479</MetadataToken>
              <Name>AwARe.Questionnaire.Objects.RadioAnswerOption::RadioAnswerOption(UnityEngine.GameObject, UnityEngine.GameObject, System.Int32)</Name>
              <FileRef uid="29" />
              <SequencePoints>
                <SequencePoint vc="119" uspid="5141" ordinal="0" offset="0" sl="111" sc="15" el="111" ec="15" bec="0" bev="0" fileid="29" />
                <SequencePoint vc="119" uspid="5142" ordinal="0" offset="9" sl="112" sc="9" el="112" ec="9" bec="0" bev="0" fileid="29" />
                <SequencePoint vc="119" uspid="5143" ordinal="0" offset="10" sl="113" sc="13" el="113" ec="13" bec="0" bev="0" fileid="29" />
                <SequencePoint vc="119" uspid="5144" ordinal="0" offset="17" sl="116" sc="13" el="116" ec="13" bec="0" bev="0" fileid="29" />
                <SequencePoint vc="119" uspid="5145" ordinal="0" offset="29" sl="117" sc="13" el="117" ec="13" bec="0" bev="0" fileid="29" />
                <SequencePoint vc="77" uspid="5146" ordinal="0" offset="45" sl="117" sc="43" el="117" ec="43" bec="0" bev="0" fileid="29" />
[...]
              <FileRef uid="40" />
              <SequencePoints>
                <SequencePoint vc="9690342" uspid="6889" ordinal="0" offset="0" sl="292" sc="54" el="292" ec="54" bec="0" bev="0" fileid="40" />
              </SequencePoints>
              <BranchPoints />
            </Method>
          </Methods>
        </Class>
        <Class>
          <Summary numSequencePoints="1" visitedSequencePoints="1" numBranchPoints="0" visitedBranchPoints="0" sequenceCoverage="100.0" branchCoverage="0.0" maxCyclomaticComplexity="0" minCyclomaticComplexity="0" maxCrapScore="0" minCrapScore="0" visitedClasses="1" numClasses="1" visitedMethods="1" numMethods="1" />
          <FullName>AwARe.ObjectGeneration.PolygonHelper/&lt;&gt;c__DisplayClass3_0</FullName>
          <Methods>
            <Method visited="true" cyclomaticComplexity="0" nPathComplexity="0" sequenceCoverage="100.0" branchCoverage="0" crapScore="0" isConstructor="false" isStatic="false" isGetter="false" isSetter="false">
              <Summary numSequencePoints="1" visitedSequencePoints="1" numBranchPoints="0" visitedBranchPoints="0" sequenceCoverage="100.0" branchCoverage="0" maxCyclomaticComplexity="0" minCyclomaticComplexity="0" maxCrapScore="0" minCrapScore="0" visitedClasses="0" numClasses="0" visitedMethods="1" numMethods="1" />
              <MetadataToken>100663993</MetadataToken>
              <Name>System.Boolean AwARe.ObjectGeneration.PolygonHelper/&lt;&gt;c__DisplayClass3_0::&lt;ObjectColliderInPolygon&gt;b__0(UnityEngine.Vector3)</Name>
              <FileRef uid="41" />
              <SequencePoints>
                <SequencePoint vc="176942" uspid="6890" ordinal="0" offset="0" sl="99" sc="38" el="99" ec="38" bec="0" bev="0" fileid="41" />
              </SequencePoints>
              <BranchPoints />
            </Method>
          </Methods>
        </Class>
        <Class>
          <Summary numSequencePoints="4" visitedSequencePoints="0" numBranchPoints="0" visitedBranchPoints="0" sequenceCoverage="0.0" branchCoverage="0.0" maxCyclomaticComplexity="0" minCyclomaticComplexity="0" maxCrapScore="0" minCrapScore="0" visitedClasses="0" numClasses="1" visitedMethods="0" numMethods="1" />
          <FullName>AwARe.Server.Logic.Client&lt;&gt;c__DisplayClass16_0[B]</FullName>
          <Methods>
            <Method visited="false" cyclomaticComplexity="0" nPathComplexity="0" sequenceCoverage="0.0" branchCoverage="0" crapScore="0" isConstructor="false" isStatic="false" isGetter="false" isSetter="false">
              <Summary numSequencePoints="4" visitedSequencePoints="0" numBranchPoints="0" visitedBranchPoints="0" sequenceCoverage="0.0" branchCoverage="0" maxCyclomaticComplexity="0" minCyclomaticComplexity="0" maxCrapScore="0" minCrapScore="0" visitedClasses="0" numClasses="0" visitedMethods="0" numMethods="1" />
              <MetadataToken>100664052</MetadataToken>
              <Name>System.Void AwARe.Server.Logic.Client&lt;&gt;c__DisplayClass16_0[B]::&lt;SendPostRequest&gt;b__0(System.Threading.Tasks.TaskCompletionSource[Boolean])</Name>
              <FileRef uid="70" />
              <SequencePoints>
                <SequencePoint vc="0" uspid="6974" ordinal="0" offset="20" sl="195" sc="0" el="195" ec="0" bec="0" bev="0" fileid="70" />
                <SequencePoint vc="0" uspid="6975" ordinal="0" offset="21" sl="196" sc="0" el="196" ec="0" bec="0" bev="0" fileid="70" />
                <SequencePoint vc="0" uspid="6976" ordinal="0" offset="73" sl="201" sc="0" el="201" ec="0" bec="0" bev="0" fileid="70" />
                <SequencePoint vc="0" uspid="6977" ordinal="0" offset="124" sl="213" sc="0" el="213" ec="0" bec="0" bev="0" fileid="70" />
              </SequencePoints>
              <BranchPoints />
            </Method>
          </Methods>
        </Class>
        <Class>
          <Summary numSequencePoints="9" visitedSequencePoints="0" numBranchPoints="0" visitedBranchPoints="0" sequenceCoverage="0.0" branchCoverage="0.0" maxCyclomaticComplexity="0" minCyclomaticComplexity="0" maxCrapScore="0" minCrapScore="0" visitedClasses="0" numClasses="1" visitedMethods="0" numMethods="2" />
          <FullName>AwARe.Server.Logic.Client&lt;&gt;c__DisplayClass16_1[B]</FullName>
          <Methods>
            <Method visited="false" cyclomaticComplexity="0" nPathComplexity="0" sequenceCoverage="0.0" branchCoverage="0" crapScore="0" isConstructor="false" isStatic="false" isGetter="false" isSetter="false">
              <Summary numSequencePoints="5" visitedSequencePoints="0" numBranchPoints="0" visitedBranchPoints="0" sequenceCoverage="0.0" branchCoverage="0" maxCyclomaticComplexity="0" minCyclomaticComplexity="0" maxCrapScore="0" minCrapScore="0" visitedClasses="0" numClasses="0" visitedMethods="0" numMethods="1" />
              <MetadataToken>100664054</MetadataToken>
              <Name>System.Void AwARe.Server.Logic.Client&lt;&gt;c__DisplayClass16_1[B]::&lt;SendPostRequest&gt;b__1(Proyecto26.ResponseHelper)</Name>
              <FileRef uid="70" />
              <SequencePoints>
                <SequencePoint vc="0" uspid="6978" ordinal="0" offset="0" sl="202" sc="0" el="202" ec="0" bec="0" bev="0" fileid="70" />
                <SequencePoint vc="0" uspid="6979" ordinal="0" offset="1" sl="203" sc="0" el="203" ec="0" bec="0" bev="0" fileid="70" />
                <SequencePoint vc="0" uspid="6980" ordinal="0" offset="13" sl="204" sc="0" el="204" ec="0" bec="0" bev="0" fileid="70" />
                <SequencePoint vc="0" uspid="6981" ordinal="0" offset="31" sl="206" sc="0" el="206" ec="0" bec="0" bev="0" fileid="70" />
                <SequencePoint vc="0" uspid="6982" ordinal="0" offset="44" sl="207" sc="0" el="207" ec="0" bec="0" bev="0" fileid="70" />
              </SequencePoints>
              <BranchPoints />
            </Method>
            <Method visited="false" cyclomaticComplexity="0" nPathComplexity="0" sequenceCoverage="0.0" branchCoverage="0" crapScore="0" isConstructor="false" isStatic="false" isGetter="false" isSetter="false">
              <Summary numSequencePoints="4" visitedSequencePoints="0" numBranchPoints="0" visitedBranchPoints="0" sequenceCoverage="0.0" branchCoverage="0" maxCyclomaticComplexity="0" minCyclomaticComplexity="0" maxCrapScore="0" minCrapScore="0" visitedClasses="0" numClasses="0" visitedMethods="0" numMethods="1" />
              <MetadataToken>100664055</MetadataToken>
              <Name>System.Void AwARe.Server.Logic.Client&lt;&gt;c__DisplayClass16_1[B]::&lt;SendPostRequest&gt;b__2(System.Exception)</Name>
              <FileRef uid="70" />
              <SequencePoints>
                <SequencePoint vc="0" uspid="6983" ordinal="0" offset="0" sl="208" sc="0" el="208" ec="0" bec="0" bev="0" fileid="70" />
                <SequencePoint vc="0" uspid="6984" ordinal="0" offset="1" sl="209" sc="0" el="209" ec="0" bec="0" bev="0" fileid="70" />
                <SequencePoint vc="0" uspid="6985" ordinal="0" offset="19" sl="211" sc="0" el="211" ec="0" bec="0" bev="0" fileid="70" />
                <SequencePoint vc="0" uspid="6986" ordinal="0" offset="32" sl="212" sc="0" el="212" ec="0" bec="0" bev="0" fileid="70" />
              </SequencePoints>
              <BranchPoints />
            </Method>
          </Methods>
        </Class>
        <Class>
          <Summary numSequencePoints="4" visitedSequencePoints="0" numBranchPoints="0" visitedBranchPoints="0" sequenceCoverage="0.0" branchCoverage="0.0" maxCyclomaticComplexity="0" minCyclomaticComplexity="0" maxCrapScore="0" minCrapScore="0" visitedClasses="0" numClasses="1" visitedMethods="0" numMethods="1" />
          <FullName>AwARe.Server.Logic.Client&lt;&gt;c__DisplayClass17_0[B]</FullName>
          <Methods>
            <Method visited="false" cyclomaticComplexity="0" nPathComplexity="0" sequenceCoverage="0.0" branchCoverage="0" crapScore="0" isConstructor="false" isStatic="false" isGetter="false" isSetter="false">
              <Summary numSequencePoints="4" visitedSequencePoints="0" numBranchPoints="0" visitedBranchPoints="0" sequenceCoverage="0.0" branchCoverage="0" maxCyclomaticComplexity="0" minCyclomaticComplexity="0" maxCrapScore="0" minCrapScore="0" visitedClasses="0" numClasses="0" visitedMethods="0" numMethods="1" />
              <MetadataToken>100664057</MetadataToken>
              <Name>System.Void AwARe.Server.Logic.Client&lt;&gt;c__DisplayClass17_0[B]::&lt;SendGetRequest&gt;b__0(System.Threading.Tasks.TaskCompletionSource[Boolean])</Name>
              <FileRef uid="70" />
              <SequencePoints>
                <SequencePoint vc="0" uspid="6987" ordinal="0" offset="20" sl="219" sc="0" el="219" ec="0" bec="0" bev="0" fileid="70" />
                <SequencePoint vc="0" uspid="6988" ordinal="0" offset="21" sl="220" sc="0" el="220" ec="0" bec="0" bev="0" fileid="70" />
                <SequencePoint vc="0" uspid="6989" ordinal="0" offset="73" sl="225" sc="0" el="225" ec="0" bec="0" bev="0" fileid="70" />
                <SequencePoint vc="0" uspid="6990" ordinal="0" offset="124" sl="237" sc="0" el="237" ec="0" bec="0" bev="0" fileid="70" />
              </SequencePoints>
              <BranchPoints />
            </Method>
          </Methods>
        </Class>
        <Class>
          <Summary numSequencePoints="9" visitedSequencePoints="0" numBranchPoints="0" visitedBranchPoints="0" sequenceCoverage="0.0" branchCoverage="0.0" maxCyclomaticComplexity="0" minCyclomaticComplexity="0" maxCrapScore="0" minCrapScore="0" visitedClasses="0" numClasses="1" visitedMethods="0" numMethods="2" />
          <FullName>AwARe.Server.Logic.Client&lt;&gt;c__DisplayClass17_1[B]</FullName>
          <Methods>
            <Method visited="false" cyclomaticComplexity="0" nPathComplexity="0" sequenceCoverage="0.0" branchCoverage="0" crapScore="0" isConstructor="false" isStatic="false" isGetter="false" isSetter="false">
              <Summary numSequencePoints="5" visitedSequencePoints="0" numBranchPoints="0" visitedBranchPoints="0" sequenceCoverage="0.0" branchCoverage="0" maxCyclomaticComplexity="0" minCyclomaticComplexity="0" maxCrapScore="0" minCrapScore="0" visitedClasses="0" numClasses="0" visitedMethods="0" numMethods="1" />
              <MetadataToken>100664059</MetadataToken>
              <Name>System.Void AwARe.Server.Logic.Client&lt;&gt;c__DisplayClass17_1[B]::&lt;SendGetRequest&gt;b__1(Proyecto26.ResponseHelper)</Name>
              <FileRef uid="70" />
              <SequencePoints>
                <SequencePoint vc="0" uspid="6991" ordinal="0" offset="0" sl="226" sc="0" el="226" ec="0" bec="0" bev="0" fileid="70" />
                <SequencePoint vc="0" uspid="6992" ordinal="0" offset="1" sl="227" sc="0" el="227" ec="0" bec="0" bev="0" fileid="70" />
                <SequencePoint vc="0" uspid="6993" ordinal="0" offset="13" sl="228" sc="0" el="228" ec="0" bec="0" bev="0" fileid="70" />
                <SequencePoint vc="0" uspid="6994" ordinal="0" offset="31" sl="230" sc="0" el="230" ec="0" bec="0" bev="0" fileid="70" />
                <SequencePoint vc="0" uspid="6995" ordinal="0" offset="44" sl="231" sc="0" el="231" ec="0" bec="0" bev="0" fileid="70" />
              </SequencePoints>
              <BranchPoints />
            </Method>
            <Method visited="false" cyclomaticComplexity="0" nPathComplexity="0" sequenceCoverage="0.0" branchCoverage="0" crapScore="0" isConstructor="false" isStatic="false" isGetter="false" isSetter="false">
              <Summary numSequencePoints="4" visitedSequencePoints="0" numBranchPoints="0" visitedBranchPoints="0" sequenceCoverage="0.0" branchCoverage="0" maxCyclomaticComplexity="0" minCyclomaticComplexity="0" maxCrapScore="0" minCrapScore="0" visitedClasses="0" numClasses="0" visitedMethods="0" numMethods="1" />
              <MetadataToken>100664060</MetadataToken>
              <Name>System.Void AwARe.Server.Logic.Client&lt;&gt;c__DisplayClass17_1[B]::&lt;SendGetRequest&gt;b__2(System.Exception)</Name>
              <FileRef uid="70" />
              <SequencePoints>
                <SequencePoint vc="0" uspid="6996" ordinal="0" offset="0" sl="232" sc="0" el="232" ec="0" bec="0" bev="0" fileid="70" />
                <SequencePoint vc="0" uspid="6997" ordinal="0" offset="1" sl="233" sc="0" el="233" ec="0" bec="0" bev="0" fileid="70" />
                <SequencePoint vc="0" uspid="6998" ordinal="0" offset="19" sl="235" sc="0" el="235" ec="0" bec="0" bev="0" fileid="70" />
                <SequencePoint vc="0" uspid="6999" ordinal="0" offset="32" sl="236" sc="0" el="236" ec="0" bec="0" bev="0" fileid="70" />
              </SequencePoints>
              <BranchPoints />
            </Method>
          </Methods>
        </Class>
        <Class>
          <Summary numSequencePoints="5" visitedSequencePoints="0" numBranchPoints="0" visitedBranchPoints="0" sequenceCoverage="0.0" branchCoverage="0.0" maxCyclomaticComplexity="0" minCyclomaticComplexity="0" maxCrapScore="0" minCrapScore="0" visitedClasses="0" numClasses="1" visitedMethods="0" numMethods="1" />
          <FullName>AwARe.Server.Logic.Client&lt;AwaitRSGPromise&gt;d__15[T]</FullName>
          <Methods>
            <Method visited="false" cyclomaticComplexity="0" nPathComplexity="0" sequenceCoverage="0.0" branchCoverage="0" crapScore="0" isConstructor="false" isStatic="false" isGetter="false" isSetter="false">
              <Summary numSequencePoints="5" visitedSequencePoints="0" numBranchPoints="0" visitedBranchPoints="0" sequenceCoverage="0.0" branchCoverage="0" maxCyclomaticComplexity="0" minCyclomaticComplexity="0" maxCrapScore="0" minCrapScore="0" visitedClasses="0" numClasses="0" visitedMethods="0" numMethods="1" />
              <MetadataToken>100664067</MetadataToken>
              <Name>System.Void AwARe.Server.Logic.Client&lt;AwaitRSGPromise&gt;d__15[T]::MoveNext()</Name>
              <FileRef uid="70" />
              <SequencePoints>
                <SequencePoint vc="0" uspid="7013" ordinal="0" offset="14" sl="182" sc="0" el="182" ec="0" bec="0" bev="0" fileid="70" />
                <SequencePoint vc="0" uspid="7014" ordinal="0" offset="15" sl="187" sc="0" el="187" ec="0" bec="0" bev="0" fileid="70" />
                <SequencePoint vc="0" uspid="7015" ordinal="0" offset="26" sl="188" sc="0" el="188" ec="0" bec="0" bev="0" fileid="70" />
                <SequencePoint vc="0" uspid="7016" ordinal="0" offset="44" sl="189" sc="0" el="189" ec="0" bec="0" bev="0" fileid="70" />
                <SequencePoint vc="0" uspid="7017" ordinal="0" offset="189" sl="190" sc="0" el="190" ec="0" bec="0" bev="0" fileid="70" />
              </SequencePoints>
              <BranchPoints />
            </Method>
          </Methods>
        </Class>
        <Class>
          <Summary numSequencePoints="3" visitedSequencePoints="0" numBranchPoints="0" visitedBranchPoints="0" sequenceCoverage="0.0" branchCoverage="0.0" maxCyclomaticComplexity="0" minCyclomaticComplexity="0" maxCrapScore="0" minCrapScore="0" visitedClasses="0" numClasses="1" visitedMethods="0" numMethods="1" />
          <FullName>AwARe.Server.Logic.Client&lt;SendGetRequest&gt;d__17[B]</FullName>
          <Methods>
            <Method visited="false" cyclomaticComplexity="0" nPathComplexity="0" sequenceCoverage="0.0" branchCoverage="0" crapScore="0" isConstructor="false" isStatic="false" isGetter="false" isSetter="false">
              <Summary numSequencePoints="3" visitedSequencePoints="0" numBranchPoints="0" visitedBranchPoints="0" sequenceCoverage="0.0" branchCoverage="0" maxCyclomaticComplexity="0" minCyclomaticComplexity="0" maxCrapScore="0" minCrapScore="0" visitedClasses="0" numClasses="0" visitedMethods="0" numMethods="1" />
              <MetadataToken>100664076</MetadataToken>
              <Name>System.Void AwARe.Server.Logic.Client&lt;SendGetRequest&gt;d__17[B]::MoveNext()</Name>
              <FileRef uid="70" />
              <SequencePoints>
                <SequencePoint vc="0" uspid="7028" ordinal="0" offset="96" sl="217" sc="0" el="217" ec="0" bec="0" bev="0" fileid="70" />
                <SequencePoint vc="0" uspid="7029" ordinal="0" offset="97" sl="218" sc="0" el="218" ec="0" bec="0" bev="0" fileid="70" />
                <SequencePoint vc="0" uspid="7030" ordinal="0" offset="239" sl="238" sc="0" el="238" ec="0" bec="0" bev="0" fileid="70" />
              </SequencePoints>
              <BranchPoints />
            </Method>
          </Methods>
        </Class>
        <Class>
          <Summary numSequencePoints="3" visitedSequencePoints="0" numBranchPoints="0" visitedBranchPoints="0" sequenceCoverage="0.0" branchCoverage="0.0" maxCyclomaticComplexity="0" minCyclomaticComplexity="0" maxCrapScore="0" minCrapScore="0" visitedClasses="0" numClasses="1" visitedMethods="0" numMethods="1" />
          <FullName>AwARe.Server.Logic.Client&lt;SendPostRequest&gt;d__16[B]</FullName>
          <Methods>
            <Method visited="false" cyclomaticComplexity="0" nPathComplexity="0" sequenceCoverage="0.0" branchCoverage="0" crapScore="0" isConstructor="false" isStatic="false" isGetter="false" isSetter="false">
              <Summary numSequencePoints="3" visitedSequencePoints="0" numBranchPoints="0" visitedBranchPoints="0" sequenceCoverage="0.0" branchCoverage="0" maxCyclomaticComplexity="0" minCyclomaticComplexity="0" maxCrapScore="0" minCrapScore="0" visitedClasses="0" numClasses="0" visitedMethods="0" numMethods="1" />
              <MetadataToken>100664079</MetadataToken>
              <Name>System.Void AwARe.Server.Logic.Client&lt;SendPostRequest&gt;d__16[B]::MoveNext()</Name>
              <FileRef uid="70" />
              <SequencePoints>
                <SequencePoint vc="0" uspid="7031" ordinal="0" offset="96" sl="193" sc="0" el="193" ec="0" bec="0" bev="0" fileid="70" />
                <SequencePoint vc="0" uspid="7032" ordinal="0" offset="97" sl="194" sc="0" el="194" ec="0" bec="0" bev="0" fileid="70" />
                <SequencePoint vc="0" uspid="7033" ordinal="0" offset="239" sl="214" sc="0" el="214" ec="0" bec="0" bev="0" fileid="70" />
              </SequencePoints>
              <BranchPoints />
            </Method>
          </Methods>
        </Class>
        <Class>
          <Summary numSequencePoints="2" visitedSequencePoints="0" numBranchPoints="0" visitedBranchPoints="0" sequenceCoverage="0.0" branchCoverage="0.0" maxCyclomaticComplexity="0" minCyclomaticComplexity="0" maxCrapScore="0" minCrapScore="0" visitedClasses="0" numClasses="1" visitedMethods="0" numMethods="1" />
          <FullName>AwARe.Server.Logic.Request[B]/&lt;&gt;c</FullName>
          <Methods>
            <Method visited="false" cyclomaticComplexity="0" nPathComplexity="0" sequenceCoverage="0.0" branchCoverage="0" crapScore="0" isConstructor="false" isStatic="false" isGetter="false" isSetter="false">
              <Summary numSequencePoints="2" visitedSequencePoints="0" numBranchPoints="0" visitedBranchPoints="0" sequenceCoverage="0.0" branchCoverage="0" maxCyclomaticComplexity="0" minCyclomaticComplexity="0" maxCrapScore="0" minCrapScore="0" visitedClasses="0" numClasses="0" visitedMethods="0" numMethods="1" />
              <MetadataToken>100664083</MetadataToken>
              <Name>System.Void AwARe.Server.Logic.Request[B]/&lt;&gt;c::&lt;.ctor&gt;b__5_0(System.Exception)</Name>
              <FileRef uid="70" />
              <SequencePoints>
                <SequencePoint vc="0" uspid="7034" ordinal="0" offset="0" sl="271" sc="0" el="271" ec="0" bec="0" bev="0" fileid="70" />
                <SequencePoint vc="0" uspid="7035" ordinal="0" offset="1" sl="271" sc="0" el="271" ec="0" bec="0" bev="0" fileid="70" />
              </SequencePoints>
              <BranchPoints />
            </Method>
          </Methods>
        </Class>
      </Classes>
    </Module>
  </Modules>
</CoverageSession>