<?xml version="1.0" encoding="utf-8"?>
<CoverageSession xmlns:xsd="http://www.w3.org/2001/XMLSchema" xmlns:xsi="http://www.w3.org/2001/XMLSchema-instance" Version="0.0.0.0">
  <Summary numSequencePoints="575" visitedSequencePoints="415" numBranchPoints="0" visitedBranchPoints="0" sequenceCoverage="72.17" branchCoverage="0.0" maxCyclomaticComplexity="0" minCyclomaticComplexity="0" maxCrapScore="0" minCrapScore="0" visitedClasses="11" numClasses="28" visitedMethods="45" numMethods="80" />
  <Modules>
    <Module>
      <Summary numSequencePoints="575" visitedSequencePoints="415" numBranchPoints="0" visitedBranchPoints="0" sequenceCoverage="72.17" branchCoverage="0.0" maxCyclomaticComplexity="0" minCyclomaticComplexity="0" maxCrapScore="0" minCrapScore="0" visitedClasses="11" numClasses="28" visitedMethods="45" numMethods="80" />
      <ModuleTime>0001-01-01T00:00:00</ModuleTime>
      <ModuleName>Scripts</ModuleName>
      <Files>
        <File uid="1" fullPath="C:/Users/marco/Documents/GitHub/awARe/AwARe/Assets/FirstParty/Application/Scripts/Temporary/ARScenePhaseManager.cs" />
        <File uid="2" fullPath="C:/Users/marco/Documents/GitHub/awARe/AwARe/Assets/FirstParty/Application/Scripts/Temporary/CameraMovement.cs" />
        <File uid="3" fullPath="C:/Users/marco/Documents/GitHub/awARe/AwARe/Assets/FirstParty/Application/Scripts/Temporary/DevScreenSelectorHandler.cs" />
        <File uid="4" fullPath="C:/Users/marco/Documents/GitHub/awARe/AwARe/Assets/FirstParty/Application/Scripts/Temporary/NavigationScriptTO.cs" />
        <File uid="5" fullPath="C:/Users/marco/Documents/GitHub/awARe/AwARe/Assets/FirstParty/Application/Scripts/Temporary/ObjectDataWindow.cs" />
        <File uid="6" fullPath="C:/Users/marco/Documents/GitHub/awARe/AwARe/Assets/FirstParty/Application/Scripts/MainFeatures/RoomScan/Polygons/Objects/PolygonDrawer.cs" />
        <File uid="7" fullPath="C:/Users/marco/Documents/GitHub/awARe/AwARe/Assets/FirstParty/Application/Scripts/MainFeatures/RoomScan/Polygons/Objects/PolygonManager.cs" />
        <File uid="8" fullPath="C:/Users/marco/Documents/GitHub/awARe/AwARe/Assets/FirstParty/Application/Scripts/MainFeatures/RoomScan/Polygons/Objects/PolygonScan.cs" />
        <File uid="9" fullPath="C:/Users/marco/Documents/GitHub/awARe/AwARe/Assets/FirstParty/Application/Scripts/MainFeatures/RoomScan/Polygons/Objects/PolygonUI.cs" />
        <File uid="10" fullPath="C:/Users/marco/Documents/GitHub/awARe/AwARe/Assets/FirstParty/Application/Scripts/MainFeatures/RoomScan/Polygons/Logic/Room.cs" />
        <File uid="11" fullPath="C:/Users/marco/Documents/GitHub/awARe/AwARe/Assets/FirstParty/Application/Scripts/MainFeatures/RoomScan/Polygons/Logic/TestRoom.cs" />
        <File uid="12" fullPath="C:/Users/marco/Documents/GitHub/awARe/AwARe/Assets/FirstParty/Application/Scripts/MainFeatures/RoomScan/Path/ErosionHandler.cs" />
        <File uid="13" fullPath="C:/Users/marco/Documents/GitHub/awARe/AwARe/Assets/FirstParty/Application/Scripts/MainFeatures/RoomScan/Path/FloodFillHandler.cs" />
        <File uid="14" fullPath="C:/Users/marco/Documents/GitHub/awARe/AwARe/Assets/FirstParty/Application/Scripts/MainFeatures/RoomScan/Path/GridConverter.cs" />
        <File uid="15" fullPath="C:/Users/marco/Documents/GitHub/awARe/AwARe/Assets/FirstParty/Application/Scripts/MainFeatures/RoomScan/Path/LineDrawer.cs" />
        <File uid="16" fullPath="C:/Users/marco/Documents/GitHub/awARe/AwARe/Assets/FirstParty/Application/Scripts/MainFeatures/RoomScan/Path/PathData.cs" />
        <File uid="17" fullPath="C:/Users/marco/Documents/GitHub/awARe/AwARe/Assets/FirstParty/Application/Scripts/MainFeatures/RoomScan/Path/PathGenerator.cs" />
        <File uid="18" fullPath="C:/Users/marco/Documents/GitHub/awARe/AwARe/Assets/FirstParty/Application/Scripts/MainFeatures/RoomScan/Path/PathVisualizer.cs" />
        <File uid="19" fullPath="C:/Users/marco/Documents/GitHub/awARe/AwARe/Assets/FirstParty/Application/Scripts/MainFeatures/RoomScan/Path/PostFilteringHandler.cs" />
        <File uid="20" fullPath="C:/Users/marco/Documents/GitHub/awARe/AwARe/Assets/FirstParty/Application/Scripts/MainFeatures/RoomScan/Path/ThinningHandler.cs" />
        <File uid="21" fullPath="C:/Users/marco/Documents/GitHub/awARe/AwARe/Assets/FirstParty/Application/Scripts/MainFeatures/RoomScan/Path/Jobs/CheckHitOrMissJob.cs" />
        <File uid="22" fullPath="C:/Users/marco/Documents/GitHub/awARe/AwARe/Assets/FirstParty/Application/Scripts/MainFeatures/RoomScan/Path/Jobs/CheckInPolygonJob.cs" />
        <File uid="23" fullPath="C:/Users/marco/Documents/GitHub/awARe/AwARe/Assets/FirstParty/Application/Scripts/MainFeatures/RoomScan/Path/Jobs/ErosionScanJob.cs" />
        <File uid="24" fullPath="C:/Users/marco/Documents/GitHub/awARe/AwARe/Assets/FirstParty/Application/Scripts/MainFeatures/ResourcePipeline/Objects/PipelineManager.cs" />
        <File uid="25" fullPath="C:/Users/marco/Documents/GitHub/awARe/AwARe/Assets/FirstParty/Application/Scripts/MainFeatures/ResourcePipeline/Logic/ModelCalculator.cs" />
        <File uid="26" fullPath="C:/Users/marco/Documents/GitHub/awARe/AwARe/Assets/FirstParty/Application/Scripts/MainFeatures/ResourcePipeline/Logic/ModelDictionary.cs" />
        <File uid="27" fullPath="C:/Users/marco/Documents/GitHub/awARe/AwARe/Assets/FirstParty/Application/Scripts/MainFeatures/ResourcePipeline/Logic/ResourceCalculator.cs" />
        <File uid="28" fullPath="C:/Users/marco/Documents/GitHub/awARe/AwARe/Assets/FirstParty/Application/Scripts/MainFeatures/ResourcePipeline/Logic/ResourceDictionary.cs" />
        <File uid="29" fullPath="C:/Users/marco/Documents/GitHub/awARe/AwARe/Assets/FirstParty/Application/Scripts/MainFeatures/Questionnaire/Objects/AnswerOptionSpawner.cs" />
        <File uid="30" fullPath="C:/Users/marco/Documents/GitHub/awARe/AwARe/Assets/FirstParty/Application/Scripts/MainFeatures/Questionnaire/Objects/Question.cs" />
        <File uid="31" fullPath="C:/Users/marco/Documents/GitHub/awARe/AwARe/Assets/FirstParty/Application/Scripts/MainFeatures/Questionnaire/Objects/Questionnaire.cs" />
        <File uid="32" fullPath="C:/Users/marco/Documents/GitHub/awARe/AwARe/Assets/FirstParty/Application/Scripts/MainFeatures/Questionnaire/Objects/QuestionnaireConstructor.cs" />
        <File uid="33" fullPath="C:/Users/marco/Documents/GitHub/awARe/AwARe/Assets/FirstParty/Application/Scripts/MainFeatures/Questionnaire/Objects/SubmitButton.cs" />
        <File uid="34" fullPath="C:/Users/marco/Documents/GitHub/awARe/AwARe/Assets/FirstParty/Application/Scripts/MainFeatures/Questionnaire/Objects/ToggleHandler.cs" />
        <File uid="35" fullPath="C:/Users/marco/Documents/GitHub/awARe/AwARe/Assets/FirstParty/Application/Scripts/MainFeatures/ObjectInteraction/Objects/InteractObjectHandler.cs" />
        <File uid="36" fullPath="C:/Users/marco/Documents/GitHub/awARe/AwARe/Assets/FirstParty/Application/Scripts/MainFeatures/ObjectGeneration/BoxColliderHelper.cs" />
        <File uid="37" fullPath="C:/Users/marco/Documents/GitHub/awARe/AwARe/Assets/FirstParty/Application/Scripts/MainFeatures/ObjectGeneration/ObjectCreationManager.cs" />
        <File uid="38" fullPath="C:/Users/marco/Documents/GitHub/awARe/AwARe/Assets/FirstParty/Application/Scripts/MainFeatures/ObjectGeneration/ObjectDestroyer.cs" />
        <File uid="39" fullPath="C:/Users/marco/Documents/GitHub/awARe/AwARe/Assets/FirstParty/Application/Scripts/MainFeatures/ObjectGeneration/ObjectObtainer.cs" />
        <File uid="40" fullPath="C:/Users/marco/Documents/GitHub/awARe/AwARe/Assets/FirstParty/Application/Scripts/MainFeatures/ObjectGeneration/ObjectPlacer.cs" />
        <File uid="41" fullPath="C:/Users/marco/Documents/GitHub/awARe/AwARe/Assets/FirstParty/Application/Scripts/MainFeatures/ObjectGeneration/PolygonHelper.cs" />
        <File uid="42" fullPath="C:/Users/marco/Documents/GitHub/awARe/AwARe/Assets/FirstParty/Application/Scripts/MainFeatures/ObjectGeneration/Renderable.cs" />
        <File uid="43" fullPath="C:/Users/marco/Documents/GitHub/awARe/AwARe/Assets/FirstParty/Application/Scripts/MainFeatures/ObjectGeneration/SpawnPoints/MockSpawnPointHandler.cs" />
        <File uid="44" fullPath="C:/Users/marco/Documents/GitHub/awARe/AwARe/Assets/FirstParty/Application/Scripts/MainFeatures/ObjectGeneration/SpawnPoints/PolygonSpawnPointHandler.cs" />
        <File uid="45" fullPath="C:/Users/marco/Documents/GitHub/awARe/AwARe/Assets/FirstParty/Application/Scripts/MainFeatures/IngredientList/Objects/IngredientItem.cs" />
        <File uid="46" fullPath="C:/Users/marco/Documents/GitHub/awARe/AwARe/Assets/FirstParty/Application/Scripts/MainFeatures/IngredientList/Objects/IngredientListManager.cs" />
        <File uid="47" fullPath="C:/Users/marco/Documents/GitHub/awARe/AwARe/Assets/FirstParty/Application/Scripts/MainFeatures/IngredientList/Objects/IngredientListScreen.cs" />
        <File uid="48" fullPath="C:/Users/marco/Documents/GitHub/awARe/AwARe/Assets/FirstParty/Application/Scripts/MainFeatures/IngredientList/Objects/IngredientScreen.cs" />
        <File uid="49" fullPath="C:/Users/marco/Documents/GitHub/awARe/AwARe/Assets/FirstParty/Application/Scripts/MainFeatures/IngredientList/Objects/ListItem.cs" />
        <File uid="50" fullPath="C:/Users/marco/Documents/GitHub/awARe/AwARe/Assets/FirstParty/Application/Scripts/MainFeatures/IngredientList/Objects/ListsOverviewScreen.cs" />
        <File uid="51" fullPath="C:/Users/marco/Documents/GitHub/awARe/AwARe/Assets/FirstParty/Application/Scripts/MainFeatures/IngredientList/Objects/SearchItem.cs" />
        <File uid="52" fullPath="C:/Users/marco/Documents/GitHub/awARe/AwARe/Assets/FirstParty/Application/Scripts/MainFeatures/IngredientList/Objects/SearchScreen.cs" />
        <File uid="53" fullPath="C:/Users/marco/Documents/GitHub/awARe/AwARe/Assets/FirstParty/Application/Scripts/MainFeatures/IngredientList/Logic/IngredientFileHandler.cs" />
        <File uid="54" fullPath="C:/Users/marco/Documents/GitHub/awARe/AwARe/Assets/FirstParty/Application/Scripts/MainFeatures/IngredientList/Logic/IngredientList.cs" />
        <File uid="55" fullPath="C:/Users/marco/Documents/GitHub/awARe/AwARe/Assets/FirstParty/Application/Scripts/General/Utility/Visualizers/PointClouds/ARMath.cs" />
        <File uid="56" fullPath="C:/Users/marco/Documents/GitHub/awARe/AwARe/Assets/FirstParty/Application/Scripts/General/Utility/Visualizers/PointClouds/ARPointCloudManagerVisualizer.cs" />
        <File uid="57" fullPath="C:/Users/marco/Documents/GitHub/awARe/AwARe/Assets/FirstParty/Application/Scripts/General/Utility/Visualizers/PointClouds/ARPointCloudVisualizer.cs" />
        <File uid="58" fullPath="C:/Users/marco/Documents/GitHub/awARe/AwARe/Assets/FirstParty/Application/Scripts/General/Utility/Visualizers/PointClouds/BasicVisualizers.cs" />
        <File uid="59" fullPath="C:/Users/marco/Documents/GitHub/awARe/AwARe/Assets/FirstParty/Application/Scripts/General/Utility/Visualizers/Special/GroupVisualizers.cs" />
        <File uid="60" fullPath="C:/Users/marco/Documents/GitHub/awARe/AwARe/Assets/FirstParty/Application/Scripts/General/Utility/Singleton/Logic/Singleton.cs" />
        <File uid="61" fullPath="C:/Users/marco/Documents/GitHub/awARe/AwARe/Assets/FirstParty/Application/Scripts/General/Utility/Containers/Objects/Container.cs" />
        <File uid="62" fullPath="C:/Users/marco/Documents/GitHub/awARe/AwARe/Assets/FirstParty/Application/Scripts/General/Utility/Containers/Objects/ContainerSpawner.cs" />
        <File uid="63" fullPath="C:/Users/marco/Documents/GitHub/awARe/AwARe/Assets/FirstParty/Application/Scripts/General/Utility/Spawners/Objects/BasicSpawners.cs" />
        <File uid="64" fullPath="C:/Users/marco/Documents/GitHub/awARe/AwARe/Assets/FirstParty/Application/Scripts/General/UI/Objects/Buttons/ActivityToggle.cs" />
        <File uid="65" fullPath="C:/Users/marco/Documents/GitHub/awARe/AwARe/Assets/FirstParty/Application/Scripts/General/UI/Objects/Buttons/ShowHideBtns.cs" />
        <File uid="66" fullPath="C:/Users/marco/Documents/GitHub/awARe/AwARe/Assets/FirstParty/Application/Scripts/General/UI/Objects/Buttons/SwitchSceneButton.cs" />
        <File uid="67" fullPath="C:/Users/marco/Documents/GitHub/awARe/AwARe/Assets/FirstParty/Application/Scripts/General/NotImplemented/Objects/NotImplemented.cs" />
        <File uid="68" fullPath="C:/Users/marco/Documents/GitHub/awARe/AwARe/Assets/FirstParty/Application/Scripts/General/NotImplemented/Objects/NotImplementedHandler.cs" />
        <File uid="69" fullPath="C:/Users/marco/Documents/GitHub/awARe/AwARe/Assets/FirstParty/Application/Scripts/General/IO/Server/Objects/ClientBehaviour.cs" />
        <File uid="70" fullPath="C:/Users/marco/Documents/GitHub/awARe/AwARe/Assets/FirstParty/Application/Scripts/General/IO/Server/Logic/Client.cs" />
        <File uid="71" fullPath="C:/Users/marco/Documents/GitHub/awARe/AwARe/Assets/FirstParty/Application/Scripts/General/IO/Notifications/Objects/NotificationScheduler.cs" />
        <File uid="72" fullPath="C:/Users/marco/Documents/GitHub/awARe/AwARe/Assets/FirstParty/Application/Scripts/General/IO/Notifications/Logic/AndroidNotif.cs" />
        <File uid="73" fullPath="C:/Users/marco/Documents/GitHub/awARe/AwARe/Assets/FirstParty/Application/Scripts/General/IO/Notifications/Logic/EditorNotif.cs" />
        <File uid="74" fullPath="C:/Users/marco/Documents/GitHub/awARe/AwARe/Assets/FirstParty/Application/Scripts/General/IO/Database/Logic/MockupIngredientDatabase.cs" />
        <File uid="75" fullPath="C:/Users/marco/Documents/GitHub/awARe/AwARe/Assets/FirstParty/Application/Scripts/General/IO/Database/Logic/MockupIngrToResDatabase.cs" />
        <File uid="76" fullPath="C:/Users/marco/Documents/GitHub/awARe/AwARe/Assets/FirstParty/Application/Scripts/General/IO/Database/Logic/MockupModelDatabase.cs" />
        <File uid="77" fullPath="C:/Users/marco/Documents/GitHub/awARe/AwARe/Assets/FirstParty/Application/Scripts/General/IO/Database/Logic/MockupResourceDatabase.cs" />
        <File uid="78" fullPath="C:/Users/marco/Documents/GitHub/awARe/AwARe/Assets/FirstParty/Application/Scripts/General/InterScenes/Objects/ARSecretary.cs" />
        <File uid="79" fullPath="C:/Users/marco/Documents/GitHub/awARe/AwARe/Assets/FirstParty/Application/Scripts/General/InterScenes/Objects/SceneObjectsBundler.cs" />
        <File uid="80" fullPath="C:/Users/marco/Documents/GitHub/awARe/AwARe/Assets/FirstParty/Application/Scripts/General/InterScenes/Objects/SceneSecretary.cs" />
        <File uid="81" fullPath="C:/Users/marco/Documents/GitHub/awARe/AwARe/Assets/FirstParty/Application/Scripts/General/InterScenes/Objects/SceneSwitcher.cs" />
        <File uid="82" fullPath="C:/Users/marco/Documents/GitHub/awARe/AwARe/Assets/FirstParty/Application/Scripts/General/InterScenes/Objects/StartLoader.cs" />
        <File uid="83" fullPath="C:/Users/marco/Documents/GitHub/awARe/AwARe/Assets/FirstParty/Application/Scripts/General/InterScenes/Objects/Storage.cs" />
        <File uid="84" fullPath="C:/Users/marco/Documents/GitHub/awARe/AwARe/Assets/FirstParty/Application/Scripts/General/InterScenes/Logic/Storage.cs" />
        <File uid="85" fullPath="C:/Users/marco/Documents/GitHub/awARe/AwARe/Assets/FirstParty/Application/Scripts/General/Data/Types/Polygons/Objects/PolygonMesh.cs" />
        <File uid="86" fullPath="C:/Users/marco/Documents/GitHub/awARe/AwARe/Assets/FirstParty/Application/Scripts/General/Data/Types/Polygons/Logic/Polygon.cs" />
      </Files>
      <Classes>
        <Class>
          <Summary numSequencePoints="119" visitedSequencePoints="119" numBranchPoints="0" visitedBranchPoints="0" sequenceCoverage="100.0" branchCoverage="0.0" maxCyclomaticComplexity="0" minCyclomaticComplexity="0" maxCrapScore="0" minCrapScore="0" visitedClasses="1" numClasses="1" visitedMethods="6" numMethods="6" />
          <FullName>AwARe.RoomScan.Path.ErosionHandler</FullName>
          <Methods>
            <Method visited="true" cyclomaticComplexity="0" nPathComplexity="0" sequenceCoverage="100.0" branchCoverage="0" crapScore="0" isConstructor="false" isStatic="false" isGetter="false" isSetter="false">
              <Summary numSequencePoints="15" visitedSequencePoints="15" numBranchPoints="0" visitedBranchPoints="0" sequenceCoverage="100.0" branchCoverage="0" maxCyclomaticComplexity="0" minCyclomaticComplexity="0" maxCrapScore="0" minCrapScore="0" visitedClasses="0" numClasses="0" visitedMethods="1" numMethods="1" />
              <MetadataToken>100663375</MetadataToken>
              <Name>System.Boolean[,] AwARe.RoomScan.Path.ErosionHandler::Erode(System.Boolean[,], System.Int32)</Name>
              <FileRef uid="12" />
              <SequencePoints>
                <SequencePoint vc="1" uspid="11106" ordinal="0" offset="0" sl="28" sc="9" el="28" ec="9" bec="0" bev="0" fileid="12" />
                <SequencePoint vc="1" uspid="11107" ordinal="0" offset="1" sl="30" sc="13" el="30" ec="13" bec="0" bev="0" fileid="12" />
                <SequencePoint vc="1" uspid="11108" ordinal="0" offset="9" sl="31" sc="13" el="31" ec="13" bec="0" bev="0" fileid="12" />
                <SequencePoint vc="1" uspid="11109" ordinal="0" offset="17" sl="32" sc="13" el="32" ec="13" bec="0" bev="0" fileid="12" />
                <SequencePoint vc="1" uspid="11110" ordinal="0" offset="21" sl="34" sc="13" el="34" ec="13" bec="0" bev="0" fileid="12" />
                <SequencePoint vc="1" uspid="11111" ordinal="0" offset="25" sl="37" sc="13" el="37" ec="13" bec="0" bev="0" fileid="12" />
                <SequencePoint vc="1" uspid="11112" ordinal="0" offset="33" sl="39" sc="13" el="39" ec="13" bec="0" bev="0" fileid="12" />
                <SequencePoint vc="1" uspid="11113" ordinal="0" offset="43" sl="41" sc="13" el="41" ec="13" bec="0" bev="0" fileid="12" />
                <SequencePoint vc="1" uspid="11114" ordinal="0" offset="105" sl="52" sc="13" el="52" ec="13" bec="0" bev="0" fileid="12" />
                <SequencePoint vc="1" uspid="11115" ordinal="0" offset="127" sl="54" sc="13" el="54" ec="13" bec="0" bev="0" fileid="12" />
                <SequencePoint vc="1" uspid="11116" ordinal="0" offset="135" sl="56" sc="13" el="56" ec="13" bec="0" bev="0" fileid="12" />
                <SequencePoint vc="1" uspid="11117" ordinal="0" offset="146" sl="58" sc="13" el="58" ec="13" bec="0" bev="0" fileid="12" />
                <SequencePoint vc="1" uspid="11118" ordinal="0" offset="154" sl="59" sc="13" el="59" ec="13" bec="0" bev="0" fileid="12" />
                <SequencePoint vc="1" uspid="11119" ordinal="0" offset="162" sl="61" sc="13" el="61" ec="13" bec="0" bev="0" fileid="12" />
                <SequencePoint vc="1" uspid="11120" ordinal="0" offset="168" sl="62" sc="9" el="62" ec="9" bec="0" bev="0" fileid="12" />
              </SequencePoints>
              <BranchPoints />
            </Method>
            <Method visited="true" cyclomaticComplexity="0" nPathComplexity="0" sequenceCoverage="100.0" branchCoverage="0" crapScore="0" isConstructor="false" isStatic="false" isGetter="false" isSetter="false">
              <Summary numSequencePoints="31" visitedSequencePoints="31" numBranchPoints="0" visitedBranchPoints="0" sequenceCoverage="100.0" branchCoverage="0" maxCyclomaticComplexity="0" minCyclomaticComplexity="0" maxCrapScore="0" minCrapScore="0" visitedClasses="0" numClasses="0" visitedMethods="1" numMethods="1" />
              <MetadataToken>100663376</MetadataToken>
              <Name>System.Boolean[,] AwARe.RoomScan.Path.ErosionHandler::KeepLargestShape(System.Boolean[,])</Name>
              <FileRef uid="12" />
              <SequencePoints>
                <SequencePoint vc="1" uspid="11121" ordinal="0" offset="0" sl="70" sc="9" el="70" ec="9" bec="0" bev="0" fileid="12" />
                <SequencePoint vc="1" uspid="11122" ordinal="0" offset="1" sl="71" sc="13" el="71" ec="13" bec="0" bev="0" fileid="12" />
                <SequencePoint vc="1" uspid="11123" ordinal="0" offset="3" sl="72" sc="13" el="72" ec="13" bec="0" bev="0" fileid="12" />
                <SequencePoint vc="1" uspid="11124" ordinal="0" offset="16" sl="74" sc="13" el="74" ec="13" bec="0" bev="0" fileid="12" />
                <SequencePoint vc="1" uspid="11125" ordinal="0" offset="25" sl="76" sc="13" el="76" ec="13" bec="0" bev="0" fileid="12" />
                <SequencePoint vc="1" uspid="11126" ordinal="0" offset="28" sl="76" sc="26" el="76" ec="26" bec="0" bev="0" fileid="12" />
                <SequencePoint vc="1" uspid="11127" ordinal="0" offset="31" sl="77" sc="18" el="77" ec="18" bec="0" bev="0" fileid="12" />
                <SequencePoint vc="2" uspid="11128" ordinal="0" offset="36" sl="78" sc="13" el="78" ec="13" bec="0" bev="0" fileid="12" />
                <SequencePoint vc="2" uspid="11129" ordinal="0" offset="37" sl="79" sc="17" el="79" ec="17" bec="0" bev="0" fileid="12" />
                <SequencePoint vc="1" uspid="11130" ordinal="0" offset="51" sl="80" sc="17" el="80" ec="17" bec="0" bev="0" fileid="12" />
                <SequencePoint vc="1" uspid="11131" ordinal="0" offset="52" sl="81" sc="21" el="81" ec="21" bec="0" bev="0" fileid="12" />
                <SequencePoint vc="1" uspid="11132" ordinal="0" offset="58" sl="82" sc="21" el="82" ec="21" bec="0" bev="0" fileid="12" />
                <SequencePoint vc="1" uspid="11133" ordinal="0" offset="62" sl="83" sc="17" el="83" ec="17" bec="0" bev="0" fileid="12" />
                <SequencePoint vc="2" uspid="11134" ordinal="0" offset="63" sl="84" sc="13" el="84" ec="13" bec="0" bev="0" fileid="12" />
                <SequencePoint vc="2" uspid="11135" ordinal="0" offset="64" sl="77" sc="47" el="77" ec="47" bec="0" bev="0" fileid="12" />
                <SequencePoint vc="3" uspid="11136" ordinal="0" offset="70" sl="77" sc="29" el="77" ec="29" bec="0" bev="0" fileid="12" />
                <SequencePoint vc="1" uspid="11137" ordinal="0" offset="83" sl="86" sc="13" el="86" ec="13" bec="0" bev="0" fileid="12" />
                <SequencePoint vc="1" uspid="11138" ordinal="0" offset="89" sl="87" sc="13" el="87" ec="13" bec="0" bev="0" fileid="12" />
                <SequencePoint vc="1" uspid="11139" ordinal="0" offset="110" sl="88" sc="18" el="88" ec="18" bec="0" bev="0" fileid="12" />
                <SequencePoint vc="5" uspid="11140" ordinal="0" offset="115" sl="89" sc="13" el="89" ec="13" bec="0" bev="0" fileid="12" />
                <SequencePoint vc="5" uspid="11141" ordinal="0" offset="116" sl="90" sc="22" el="90" ec="22" bec="0" bev="0" fileid="12" />
                <SequencePoint vc="45" uspid="11142" ordinal="0" offset="121" sl="91" sc="17" el="91" ec="17" bec="0" bev="0" fileid="12" />
                <SequencePoint vc="45" uspid="11143" ordinal="0" offset="122" sl="92" sc="21" el="92" ec="21" bec="0" bev="0" fileid="12" />
                <SequencePoint vc="45" uspid="11144" ordinal="0" offset="147" sl="93" sc="17" el="93" ec="17" bec="0" bev="0" fileid="12" />
                <SequencePoint vc="45" uspid="11145" ordinal="0" offset="148" sl="90" sc="59" el="90" ec="59" bec="0" bev="0" fileid="12" />
                <SequencePoint vc="50" uspid="11146" ordinal="0" offset="154" sl="90" sc="33" el="90" ec="33" bec="0" bev="0" fileid="12" />
                <SequencePoint vc="5" uspid="11147" ordinal="0" offset="171" sl="94" sc="13" el="94" ec="13" bec="0" bev="0" fileid="12" />
                <SequencePoint vc="5" uspid="11148" ordinal="0" offset="172" sl="88" sc="55" el="88" ec="55" bec="0" bev="0" fileid="12" />
                <SequencePoint vc="6" uspid="11149" ordinal="0" offset="178" sl="88" sc="29" el="88" ec="29" bec="0" bev="0" fileid="12" />
                <SequencePoint vc="1" uspid="11150" ordinal="0" offset="195" sl="95" sc="13" el="95" ec="13" bec="0" bev="0" fileid="12" />
                <SequencePoint vc="1" uspid="11151" ordinal="0" offset="201" sl="96" sc="9" el="96" ec="9" bec="0" bev="0" fileid="12" />
              </SequencePoints>
              <BranchPoints />
            </Method>
            <Method visited="true" cyclomaticComplexity="0" nPathComplexity="0" sequenceCoverage="100.0" branchCoverage="0" crapScore="0" isConstructor="false" isStatic="false" isGetter="false" isSetter="false">
              <Summary numSequencePoints="10" visitedSequencePoints="10" numBranchPoints="0" visitedBranchPoints="0" sequenceCoverage="100.0" branchCoverage="0" maxCyclomaticComplexity="0" minCyclomaticComplexity="0" maxCrapScore="0" minCrapScore="0" visitedClasses="0" numClasses="0" visitedMethods="1" numMethods="1" />
              <MetadataToken>100663377</MetadataToken>
              <Name>System.Int32[] AwARe.RoomScan.Path.ErosionHandler::CountShapeSize(System.Int32[,], System.Int32)</Name>
              <FileRef uid="12" />
              <SequencePoints>
                <SequencePoint vc="1" uspid="11152" ordinal="0" offset="0" sl="105" sc="9" el="105" ec="9" bec="0" bev="0" fileid="12" />
                <SequencePoint vc="1" uspid="11153" ordinal="0" offset="1" sl="106" sc="13" el="106" ec="13" bec="0" bev="0" fileid="12" />
                <SequencePoint vc="1" uspid="11154" ordinal="0" offset="15" sl="116" sc="13" el="116" ec="13" bec="0" bev="0" fileid="12" />
                <SequencePoint vc="1" uspid="11155" ordinal="0" offset="16" sl="116" sc="31" el="116" ec="31" bec="0" bev="0" fileid="12" />
                <SequencePoint vc="45" uspid="11156" ordinal="0" offset="56" sl="116" sc="22" el="116" ec="22" bec="0" bev="0" fileid="12" />
                <SequencePoint vc="45" uspid="11157" ordinal="0" offset="68" sl="116" sc="40" el="116" ec="40" bec="0" bev="0" fileid="12" />
                <SequencePoint vc="50" uspid="11158" ordinal="0" offset="84" sl="116" sc="28" el="116" ec="28" bec="0" bev="0" fileid="12" />
                <SequencePoint vc="6" uspid="11159" ordinal="0" offset="95" sl="116" sc="28" el="116" ec="28" bec="0" bev="0" fileid="12" />
                <SequencePoint vc="1" uspid="11160" ordinal="0" offset="100" sl="118" sc="13" el="118" ec="13" bec="0" bev="0" fileid="12" />
                <SequencePoint vc="1" uspid="11161" ordinal="0" offset="110" sl="119" sc="9" el="119" ec="9" bec="0" bev="0" fileid="12" />
              </SequencePoints>
              <BranchPoints />
            </Method>
            <Method visited="true" cyclomaticComplexity="0" nPathComplexity="0" sequenceCoverage="100.0" branchCoverage="0" crapScore="0" isConstructor="false" isStatic="false" isGetter="false" isSetter="false">
              <Summary numSequencePoints="53" visitedSequencePoints="53" numBranchPoints="0" visitedBranchPoints="0" sequenceCoverage="100.0" branchCoverage="0" maxCyclomaticComplexity="0" minCyclomaticComplexity="0" maxCrapScore="0" minCrapScore="0" visitedClasses="0" numClasses="0" visitedMethods="1" numMethods="1" />
              <MetadataToken>100663378</MetadataToken>
              <Name>System.Void AwARe.RoomScan.Path.ErosionHandler::IntFloodFill(System.Boolean[,], System.Int32, System.Int32[,]&amp;, System.Int32&amp;)</Name>
              <FileRef uid="12" />
              <SequencePoints>
                <SequencePoint vc="1" uspid="11162" ordinal="0" offset="0" sl="129" sc="9" el="129" ec="9" bec="0" bev="0" fileid="12" />
                <SequencePoint vc="1" uspid="11163" ordinal="0" offset="1" sl="130" sc="13" el="130" ec="13" bec="0" bev="0" fileid="12" />
                <SequencePoint vc="1" uspid="11164" ordinal="0" offset="5" sl="132" sc="13" el="132" ec="13" bec="0" bev="0" fileid="12" />
                <SequencePoint vc="1" uspid="11165" ordinal="0" offset="13" sl="133" sc="13" el="133" ec="13" bec="0" bev="0" fileid="12" />
                <SequencePoint vc="1" uspid="11166" ordinal="0" offset="21" sl="136" sc="13" el="136" ec="13" bec="0" bev="0" fileid="12" />
                <SequencePoint vc="1" uspid="11167" ordinal="0" offset="30" sl="137" sc="18" el="137" ec="18" bec="0" bev="0" fileid="12" />
                <SequencePoint vc="5" uspid="11168" ordinal="0" offset="35" sl="138" sc="13" el="138" ec="13" bec="0" bev="0" fileid="12" />
                <SequencePoint vc="5" uspid="11169" ordinal="0" offset="36" sl="139" sc="22" el="139" ec="22" bec="0" bev="0" fileid="12" />
                <SequencePoint vc="45" uspid="11170" ordinal="0" offset="41" sl="140" sc="17" el="140" ec="17" bec="0" bev="0" fileid="12" />
                <SequencePoint vc="45" uspid="11171" ordinal="0" offset="42" sl="141" sc="21" el="141" ec="21" bec="0" bev="0" fileid="12" />
                <SequencePoint vc="45" uspid="11172" ordinal="0" offset="69" sl="142" sc="17" el="142" ec="17" bec="0" bev="0" fileid="12" />
                <SequencePoint vc="45" uspid="11173" ordinal="0" offset="70" sl="139" sc="46" el="139" ec="46" bec="0" bev="0" fileid="12" />
                <SequencePoint vc="50" uspid="11174" ordinal="0" offset="76" sl="139" sc="33" el="139" ec="33" bec="0" bev="0" fileid="12" />
                <SequencePoint vc="5" uspid="11175" ordinal="0" offset="87" sl="143" sc="13" el="143" ec="13" bec="0" bev="0" fileid="12" />
                <SequencePoint vc="5" uspid="11176" ordinal="0" offset="88" sl="137" sc="39" el="137" ec="39" bec="0" bev="0" fileid="12" />
                <SequencePoint vc="6" uspid="11177" ordinal="0" offset="94" sl="137" sc="29" el="137" ec="29" bec="0" bev="0" fileid="12" />
                <SequencePoint vc="1" uspid="11178" ordinal="0" offset="105" sl="146" sc="13" el="146" ec="13" bec="0" bev="0" fileid="12" />
                <SequencePoint vc="1" uspid="11179" ordinal="0" offset="114" sl="148" sc="13" el="148" ec="13" bec="0" bev="0" fileid="12" />
                <SequencePoint vc="1" uspid="11180" ordinal="0" offset="118" sl="149" sc="13" el="149" ec="13" bec="0" bev="0" fileid="12" />
                <SequencePoint vc="1" uspid="11181" ordinal="0" offset="125" sl="152" sc="18" el="152" ec="18" bec="0" bev="0" fileid="12" />
                <SequencePoint vc="5" uspid="11182" ordinal="0" offset="133" sl="153" sc="22" el="153" ec="22" bec="0" bev="0" fileid="12" />
                <SequencePoint vc="45" uspid="11183" ordinal="0" offset="141" sl="154" sc="17" el="154" ec="17" bec="0" bev="0" fileid="12" />
                <SequencePoint vc="45" uspid="11184" ordinal="0" offset="142" sl="156" sc="21" el="156" ec="21" bec="0" bev="0" fileid="12" />
                <SequencePoint vc="43" uspid="11185" ordinal="0" offset="169" sl="157" sc="25" el="157" ec="25" bec="0" bev="0" fileid="12" />
                <SequencePoint vc="2" uspid="11186" ordinal="0" offset="174" sl="160" sc="21" el="160" ec="21" bec="0" bev="0" fileid="12" />
                <SequencePoint vc="2" uspid="11187" ordinal="0" offset="190" sl="161" sc="21" el="161" ec="21" bec="0" bev="0" fileid="12" />
                <SequencePoint vc="2" uspid="11188" ordinal="0" offset="203" sl="162" sc="21" el="162" ec="21" bec="0" bev="0" fileid="12" />
                <SequencePoint vc="11" uspid="11189" ordinal="0" offset="225" sl="166" sc="21" el="166" ec="21" bec="0" bev="0" fileid="12" />
                <SequencePoint vc="11" uspid="11190" ordinal="0" offset="226" sl="168" sc="25" el="168" ec="25" bec="0" bev="0" fileid="12" />
                <SequencePoint vc="11" uspid="11191" ordinal="0" offset="235" sl="169" sc="25" el="169" ec="25" bec="0" bev="0" fileid="12" />
                <SequencePoint vc="11" uspid="11192" ordinal="0" offset="252" sl="172" sc="30" el="172" ec="30" bec="0" bev="0" fileid="12" />
                <SequencePoint vc="11" uspid="11193" ordinal="0" offset="255" sl="172" sc="41" el="172" ec="41" bec="0" bev="0" fileid="12" />
                <SequencePoint vc="33" uspid="11194" ordinal="0" offset="263" sl="173" sc="34" el="173" ec="34" bec="0" bev="0" fileid="12" />
                <SequencePoint vc="33" uspid="11195" ordinal="0" offset="266" sl="173" sc="45" el="173" ec="45" bec="0" bev="0" fileid="12" />
                <SequencePoint vc="99" uspid="11196" ordinal="0" offset="274" sl="174" sc="33" el="174" ec="33" bec="0" bev="0" fileid="12" />
                <SequencePoint vc="9" uspid="11197" ordinal="0" offset="298" sl="175" sc="33" el="175" ec="33" bec="0" bev="0" fileid="12" />
                <SequencePoint vc="9" uspid="11198" ordinal="0" offset="299" sl="177" sc="37" el="177" ec="37" bec="0" bev="0" fileid="12" />
                <SequencePoint vc="9" uspid="11199" ordinal="0" offset="312" sl="178" sc="37" el="178" ec="37" bec="0" bev="0" fileid="12" />
                <SequencePoint vc="9" uspid="11200" ordinal="0" offset="329" sl="179" sc="33" el="179" ec="33" bec="0" bev="0" fileid="12" />
                <SequencePoint vc="99" uspid="11201" ordinal="0" offset="330" sl="173" sc="97" el="173" ec="97" bec="0" bev="0" fileid="12" />
                <SequencePoint vc="99" uspid="11202" ordinal="0" offset="336" sl="173" sc="102" el="173" ec="102" bec="0" bev="0" fileid="12" />
                <SequencePoint vc="132" uspid="11203" ordinal="0" offset="342" sl="173" sc="77" el="173" ec="77" bec="0" bev="0" fileid="12" />
                <SequencePoint vc="33" uspid="11204" ordinal="0" offset="353" sl="172" sc="93" el="172" ec="93" bec="0" bev="0" fileid="12" />
                <SequencePoint vc="33" uspid="11205" ordinal="0" offset="359" sl="172" sc="98" el="172" ec="98" bec="0" bev="0" fileid="12" />
                <SequencePoint vc="44" uspid="11206" ordinal="0" offset="365" sl="172" sc="73" el="172" ec="73" bec="0" bev="0" fileid="12" />
                <SequencePoint vc="11" uspid="11207" ordinal="0" offset="376" sl="180" sc="21" el="180" ec="21" bec="0" bev="0" fileid="12" />
                <SequencePoint vc="13" uspid="11208" ordinal="0" offset="377" sl="165" sc="21" el="165" ec="21" bec="0" bev="0" fileid="12" />
                <SequencePoint vc="2" uspid="11209" ordinal="0" offset="396" sl="181" sc="17" el="181" ec="17" bec="0" bev="0" fileid="12" />
                <SequencePoint vc="45" uspid="11210" ordinal="0" offset="397" sl="153" sc="46" el="153" ec="46" bec="0" bev="0" fileid="12" />
                <SequencePoint vc="50" uspid="11211" ordinal="0" offset="403" sl="153" sc="33" el="153" ec="33" bec="0" bev="0" fileid="12" />
                <SequencePoint vc="5" uspid="11212" ordinal="0" offset="417" sl="152" sc="39" el="152" ec="39" bec="0" bev="0" fileid="12" />
                <SequencePoint vc="6" uspid="11213" ordinal="0" offset="423" sl="152" sc="29" el="152" ec="29" bec="0" bev="0" fileid="12" />
                <SequencePoint vc="1" uspid="11214" ordinal="0" offset="437" sl="182" sc="9" el="182" ec="9" bec="0" bev="0" fileid="12" />
              </SequencePoints>
              <BranchPoints />
            </Method>
            <Method visited="true" cyclomaticComplexity="0" nPathComplexity="0" sequenceCoverage="100.0" branchCoverage="0" crapScore="0" isConstructor="false" isStatic="false" isGetter="false" isSetter="false">
              <Summary numSequencePoints="5" visitedSequencePoints="5" numBranchPoints="0" visitedBranchPoints="0" sequenceCoverage="100.0" branchCoverage="0" maxCyclomaticComplexity="0" minCyclomaticComplexity="0" maxCrapScore="0" minCrapScore="0" visitedClasses="0" numClasses="0" visitedMethods="1" numMethods="1" />
              <MetadataToken>100663379</MetadataToken>
              <Name>System.Func[ValueTuple`2,Int32] AwARe.RoomScan.Path.ErosionHandler::GetInputIntFunction(System.Int32[,])</Name>
              <FileRef uid="12" />
              <SequencePoints>
                <SequencePoint vc="1" uspid="11215" ordinal="0" offset="13" sl="191" sc="9" el="191" ec="9" bec="0" bev="0" fileid="12" />
                <SequencePoint vc="1" uspid="11216" ordinal="0" offset="14" sl="192" sc="13" el="192" ec="13" bec="0" bev="0" fileid="12" />
                <SequencePoint vc="1" uspid="11217" ordinal="0" offset="32" sl="192" sc="43" el="192" ec="43" bec="0" bev="0" fileid="12" />
                <SequencePoint vc="1" uspid="11218" ordinal="0" offset="50" sl="193" sc="13" el="193" ec="13" bec="0" bev="0" fileid="12" />
                <SequencePoint vc="1" uspid="11219" ordinal="0" offset="65" sl="199" sc="9" el="199" ec="9" bec="0" bev="0" fileid="12" />
              </SequencePoints>
              <BranchPoints />
            </Method>
            <Method visited="true" cyclomaticComplexity="0" nPathComplexity="0" sequenceCoverage="100.0" branchCoverage="0" crapScore="0" isConstructor="false" isStatic="true" isGetter="false" isSetter="false">
              <Summary numSequencePoints="5" visitedSequencePoints="5" numBranchPoints="0" visitedBranchPoints="0" sequenceCoverage="100.0" branchCoverage="0" maxCyclomaticComplexity="0" minCyclomaticComplexity="0" maxCrapScore="0" minCrapScore="0" visitedClasses="0" numClasses="0" visitedMethods="1" numMethods="1" />
              <MetadataToken>100663381</MetadataToken>
              <Name>static System.Boolean AwARe.RoomScan.Path.ErosionHandler::&lt;CountShapeSize&gt;g__func|2_0(System.Int32, AwARe.RoomScan.Path.ErosionHandler/&lt;&gt;c__DisplayClass2_0&amp;)</Name>
              <FileRef uid="12" />
              <SequencePoints>
                <SequencePoint vc="45" uspid="11220" ordinal="0" offset="0" sl="110" sc="13" el="110" ec="13" bec="0" bev="0" fileid="12" />
                <SequencePoint vc="45" uspid="11221" ordinal="0" offset="1" sl="111" sc="17" el="111" ec="17" bec="0" bev="0" fileid="12" />
                <SequencePoint vc="11" uspid="11222" ordinal="0" offset="12" sl="112" sc="21" el="112" ec="21" bec="0" bev="0" fileid="12" />
                <SequencePoint vc="45" uspid="11223" ordinal="0" offset="31" sl="113" sc="17" el="113" ec="17" bec="0" bev="0" fileid="12" />
                <SequencePoint vc="45" uspid="11224" ordinal="0" offset="35" sl="114" sc="13" el="114" ec="13" bec="0" bev="0" fileid="12" />
              </SequencePoints>
              <BranchPoints />
            </Method>
          </Methods>
        </Class>
        <Class>
          <Summary numSequencePoints="95" visitedSequencePoints="94" numBranchPoints="0" visitedBranchPoints="0" sequenceCoverage="98.95" branchCoverage="0.0" maxCyclomaticComplexity="0" minCyclomaticComplexity="0" maxCrapScore="0" minCrapScore="0" visitedClasses="1" numClasses="1" visitedMethods="3" numMethods="3" />
          <FullName>AwARe.RoomScan.Path.FloodFillHandler</FullName>
          <Methods>
            <Method visited="true" cyclomaticComplexity="0" nPathComplexity="0" sequenceCoverage="98.57" branchCoverage="0" crapScore="0" isConstructor="false" isStatic="false" isGetter="false" isSetter="false">
              <Summary numSequencePoints="70" visitedSequencePoints="69" numBranchPoints="0" visitedBranchPoints="0" sequenceCoverage="98.57" branchCoverage="0" maxCyclomaticComplexity="0" minCyclomaticComplexity="0" maxCrapScore="0" minCrapScore="0" visitedClasses="0" numClasses="0" visitedMethods="1" numMethods="1" />
              <MetadataToken>100663382</MetadataToken>
              <Name>System.Void AwARe.RoomScan.Path.FloodFillHandler::FillGrid(System.Boolean[,]&amp;, AwARe.RoomScan.Path.PolygonLines, System.Collections.Generic.List[PolygonLines])</Name>
              <FileRef uid="13" />
              <SequencePoints>
                <SequencePoint vc="1" uspid="11225" ordinal="0" offset="0" sl="27" sc="9" el="27" ec="9" bec="0" bev="0" fileid="13" />
                <SequencePoint vc="1" uspid="11226" ordinal="0" offset="1" sl="29" sc="18" el="29" ec="18" bec="0" bev="0" fileid="13" />
                <SequencePoint vc="4" uspid="11227" ordinal="0" offset="6" sl="29" sc="61" el="29" ec="61" bec="0" bev="0" fileid="13" />
                <SequencePoint vc="4" uspid="11228" ordinal="0" offset="7" sl="29" sc="63" el="29" ec="63" bec="0" bev="0" fileid="13" />
                <SequencePoint vc="4" uspid="11229" ordinal="0" offset="28" sl="29" sc="118" el="29" ec="118" bec="0" bev="0" fileid="13" />
                <SequencePoint vc="4" uspid="11230" ordinal="0" offset="29" sl="29" sc="56" el="29" ec="56" bec="0" bev="0" fileid="13" />
                <SequencePoint vc="5" uspid="11231" ordinal="0" offset="35" sl="29" sc="29" el="29" ec="29" bec="0" bev="0" fileid="13" />
                <SequencePoint vc="1" uspid="11232" ordinal="0" offset="51" sl="31" sc="13" el="31" ec="13" bec="0" bev="0" fileid="13" />
                <SequencePoint vc="1" uspid="11233" ordinal="0" offset="60" sl="32" sc="13" el="32" ec="13" bec="0" bev="0" fileid="13" />
                <SequencePoint vc="1" uspid="11234" ordinal="0" offset="69" sl="33" sc="13" el="33" ec="13" bec="0" bev="0" fileid="13" />
                <SequencePoint vc="1" uspid="11235" ordinal="0" offset="73" sl="35" sc="13" el="35" ec="13" bec="0" bev="0" fileid="13" />
                <SequencePoint vc="1" uspid="11236" ordinal="0" offset="81" sl="37" sc="13" el="37" ec="13" bec="0" bev="0" fileid="13" />
                <SequencePoint vc="1" uspid="11237" ordinal="0" offset="91" sl="38" sc="13" el="38" ec="13" bec="0" bev="0" fileid="13" />
                <SequencePoint vc="1" uspid="11238" ordinal="0" offset="106" sl="41" sc="18" el="41" ec="18" bec="0" bev="0" fileid="13" />
                <SequencePoint vc="4" uspid="11239" ordinal="0" offset="111" sl="41" sc="61" el="41" ec="61" bec="0" bev="0" fileid="13" />
                <SequencePoint vc="4" uspid="11240" ordinal="0" offset="112" sl="41" sc="63" el="41" ec="63" bec="0" bev="0" fileid="13" />
                <SequencePoint vc="4" uspid="11241" ordinal="0" offset="135" sl="41" sc="105" el="41" ec="105" bec="0" bev="0" fileid="13" />
                <SequencePoint vc="4" uspid="11242" ordinal="0" offset="136" sl="41" sc="56" el="41" ec="56" bec="0" bev="0" fileid="13" />
                <SequencePoint vc="5" uspid="11243" ordinal="0" offset="142" sl="41" sc="29" el="41" ec="29" bec="0" bev="0" fileid="13" />
                <SequencePoint vc="1" uspid="11244" ordinal="0" offset="158" sl="43" sc="13" el="43" ec="13" bec="0" bev="0" fileid="13" />
                <SequencePoint vc="1" uspid="11245" ordinal="0" offset="212" sl="53" sc="13" el="53" ec="13" bec="0" bev="0" fileid="13" />
                <SequencePoint vc="1" uspid="11246" ordinal="0" offset="234" sl="55" sc="13" el="55" ec="13" bec="0" bev="0" fileid="13" />
                <SequencePoint vc="1" uspid="11247" ordinal="0" offset="242" sl="57" sc="13" el="57" ec="13" bec="0" bev="0" fileid="13" />
                <SequencePoint vc="1" uspid="11248" ordinal="0" offset="250" sl="58" sc="13" el="58" ec="13" bec="0" bev="0" fileid="13" />
                <SequencePoint vc="1" uspid="11249" ordinal="0" offset="258" sl="60" sc="18" el="60" ec="18" bec="0" bev="0" fileid="13" />
                <SequencePoint vc="121" uspid="11250" ordinal="0" offset="263" sl="61" sc="13" el="61" ec="13" bec="0" bev="0" fileid="13" />
                <SequencePoint vc="121" uspid="11251" ordinal="0" offset="264" sl="62" sc="17" el="62" ec="17" bec="0" bev="0" fileid="13" />
                <SequencePoint vc="121" uspid="11252" ordinal="0" offset="270" sl="63" sc="17" el="63" ec="17" bec="0" bev="0" fileid="13" />
                <SequencePoint vc="121" uspid="11253" ordinal="0" offset="276" sl="64" sc="17" el="64" ec="17" bec="0" bev="0" fileid="13" />
                <SequencePoint vc="13" uspid="11254" ordinal="0" offset="291" sl="66" sc="21" el="66" ec="21" bec="0" bev="0" fileid="13" />
                <SequencePoint vc="121" uspid="11255" ordinal="0" offset="309" sl="67" sc="13" el="67" ec="13" bec="0" bev="0" fileid="13" />
                <SequencePoint vc="121" uspid="11256" ordinal="0" offset="310" sl="60" sc="52" el="60" ec="52" bec="0" bev="0" fileid="13" />
                <SequencePoint vc="122" uspid="11257" ordinal="0" offset="316" sl="60" sc="29" el="60" ec="29" bec="0" bev="0" fileid="13" />
                <SequencePoint vc="1" uspid="11258" ordinal="0" offset="333" sl="69" sc="13" el="69" ec="13" bec="0" bev="0" fileid="13" />
                <SequencePoint vc="1" uspid="11259" ordinal="0" offset="341" sl="72" sc="18" el="72" ec="18" bec="0" bev="0" fileid="13" />
                <SequencePoint vc="1" uspid="11260" ordinal="0" offset="349" sl="73" sc="13" el="73" ec="13" bec="0" bev="0" fileid="13" />
                <SequencePoint vc="1" uspid="11261" ordinal="0" offset="350" sl="75" sc="22" el="75" ec="22" bec="0" bev="0" fileid="13" />
                <SequencePoint vc="4" uspid="11262" ordinal="0" offset="355" sl="75" sc="68" el="75" ec="68" bec="0" bev="0" fileid="13" />
                <SequencePoint vc="4" uspid="11263" ordinal="0" offset="356" sl="75" sc="70" el="75" ec="70" bec="0" bev="0" fileid="13" />
                <SequencePoint vc="4" uspid="11264" ordinal="0" offset="384" sl="75" sc="134" el="75" ec="134" bec="0" bev="0" fileid="13" />
                <SequencePoint vc="4" uspid="11265" ordinal="0" offset="385" sl="75" sc="63" el="75" ec="63" bec="0" bev="0" fileid="13" />
                <SequencePoint vc="5" uspid="11266" ordinal="0" offset="391" sl="75" sc="33" el="75" ec="33" bec="0" bev="0" fileid="13" />
                <SequencePoint vc="1" uspid="11267" ordinal="0" offset="414" sl="77" sc="17" el="77" ec="17" bec="0" bev="0" fileid="13" />
                <SequencePoint vc="1" uspid="11268" ordinal="0" offset="422" sl="79" sc="17" el="79" ec="17" bec="0" bev="0" fileid="13" />
                <SequencePoint vc="1" uspid="11269" ordinal="0" offset="432" sl="80" sc="17" el="80" ec="17" bec="0" bev="0" fileid="13" />
                <SequencePoint vc="1" uspid="11270" ordinal="0" offset="454" sl="82" sc="22" el="82" ec="22" bec="0" bev="0" fileid="13" />
                <SequencePoint vc="4" uspid="11271" ordinal="0" offset="459" sl="82" sc="68" el="82" ec="68" bec="0" bev="0" fileid="13" />
                <SequencePoint vc="4" uspid="11272" ordinal="0" offset="460" sl="82" sc="70" el="82" ec="70" bec="0" bev="0" fileid="13" />
                <SequencePoint vc="4" uspid="11273" ordinal="0" offset="490" sl="82" sc="115" el="82" ec="115" bec="0" bev="0" fileid="13" />
                <SequencePoint vc="4" uspid="11274" ordinal="0" offset="491" sl="82" sc="63" el="82" ec="63" bec="0" bev="0" fileid="13" />
                <SequencePoint vc="5" uspid="11275" ordinal="0" offset="497" sl="82" sc="33" el="82" ec="33" bec="0" bev="0" fileid="13" />
                <SequencePoint vc="1" uspid="11276" ordinal="0" offset="520" sl="84" sc="17" el="84" ec="17" bec="0" bev="0" fileid="13" />
                <SequencePoint vc="1" uspid="11277" ordinal="0" offset="574" sl="94" sc="17" el="94" ec="17" bec="0" bev="0" fileid="13" />
                <SequencePoint vc="1" uspid="11278" ordinal="0" offset="596" sl="96" sc="17" el="96" ec="17" bec="0" bev="0" fileid="13" />
                <SequencePoint vc="1" uspid="11279" ordinal="0" offset="604" sl="98" sc="17" el="98" ec="17" bec="0" bev="0" fileid="13" />
                <SequencePoint vc="1" uspid="11280" ordinal="0" offset="612" sl="99" sc="17" el="99" ec="17" bec="0" bev="0" fileid="13" />
                <SequencePoint vc="1" uspid="11281" ordinal="0" offset="620" sl="101" sc="22" el="101" ec="22" bec="0" bev="0" fileid="13" />
                <SequencePoint vc="121" uspid="11282" ordinal="0" offset="625" sl="102" sc="17" el="102" ec="17" bec="0" bev="0" fileid="13" />
                <SequencePoint vc="121" uspid="11283" ordinal="0" offset="626" sl="103" sc="21" el="103" ec="21" bec="0" bev="0" fileid="13" />
                <SequencePoint vc="121" uspid="11284" ordinal="0" offset="632" sl="104" sc="21" el="104" ec="21" bec="0" bev="0" fileid="13" />
                <SequencePoint vc="121" uspid="11285" ordinal="0" offset="638" sl="105" sc="21" el="105" ec="21" bec="0" bev="0" fileid="13" />
                <SequencePoint vc="0" uspid="11286" ordinal="0" offset="653" sl="107" sc="25" el="107" ec="25" bec="0" bev="0" fileid="13" />
                <SequencePoint vc="121" uspid="11287" ordinal="0" offset="671" sl="108" sc="17" el="108" ec="17" bec="0" bev="0" fileid="13" />
                <SequencePoint vc="121" uspid="11288" ordinal="0" offset="672" sl="101" sc="56" el="101" ec="56" bec="0" bev="0" fileid="13" />
                <SequencePoint vc="122" uspid="11289" ordinal="0" offset="678" sl="101" sc="33" el="101" ec="33" bec="0" bev="0" fileid="13" />
                <SequencePoint vc="1" uspid="11290" ordinal="0" offset="695" sl="110" sc="17" el="110" ec="17" bec="0" bev="0" fileid="13" />
                <SequencePoint vc="1" uspid="11291" ordinal="0" offset="703" sl="111" sc="13" el="111" ec="13" bec="0" bev="0" fileid="13" />
                <SequencePoint vc="1" uspid="11292" ordinal="0" offset="704" sl="72" sc="54" el="72" ec="54" bec="0" bev="0" fileid="13" />
                <SequencePoint vc="2" uspid="11293" ordinal="0" offset="710" sl="72" sc="29" el="72" ec="29" bec="0" bev="0" fileid="13" />
                <SequencePoint vc="1" uspid="11294" ordinal="0" offset="729" sl="112" sc="9" el="112" ec="9" bec="0" bev="0" fileid="13" />
              </SequencePoints>
              <BranchPoints />
            </Method>
            <Method visited="true" cyclomaticComplexity="0" nPathComplexity="0" sequenceCoverage="100.0" branchCoverage="0" crapScore="0" isConstructor="false" isStatic="false" isGetter="false" isSetter="false">
              <Summary numSequencePoints="15" visitedSequencePoints="15" numBranchPoints="0" visitedBranchPoints="0" sequenceCoverage="100.0" branchCoverage="0" maxCyclomaticComplexity="0" minCyclomaticComplexity="0" maxCrapScore="0" minCrapScore="0" visitedClasses="0" numClasses="0" visitedMethods="1" numMethods="1" />
              <MetadataToken>100663383</MetadataToken>
              <Name>System.Void AwARe.RoomScan.Path.FloodFillHandler::FloodArea(System.Boolean[,]&amp;, System.ValueTuple[Int32,Int32], System.Boolean)</Name>
              <FileRef uid="13" />
              <SequencePoints>
                <SequencePoint vc="13" uspid="11295" ordinal="0" offset="0" sl="126" sc="9" el="126" ec="9" bec="0" bev="0" fileid="13" />
                <SequencePoint vc="13" uspid="11296" ordinal="0" offset="1" sl="127" sc="13" el="127" ec="13" bec="0" bev="0" fileid="13" />
                <SequencePoint vc="13" uspid="11297" ordinal="0" offset="10" sl="128" sc="13" el="128" ec="13" bec="0" bev="0" fileid="13" />
                <SequencePoint vc="13" uspid="11298" ordinal="0" offset="19" sl="130" sc="13" el="130" ec="13" bec="0" bev="0" fileid="13" />
                <SequencePoint vc="13" uspid="11299" ordinal="0" offset="25" sl="131" sc="13" el="131" ec="13" bec="0" bev="0" fileid="13" />
                <SequencePoint vc="157" uspid="11300" ordinal="0" offset="35" sl="134" sc="13" el="134" ec="13" bec="0" bev="0" fileid="13" />
                <SequencePoint vc="157" uspid="11301" ordinal="0" offset="36" sl="135" sc="17" el="135" ec="17" bec="0" bev="0" fileid="13" />
                <SequencePoint vc="157" uspid="11302" ordinal="0" offset="43" sl="136" sc="17" el="136" ec="17" bec="0" bev="0" fileid="13" />
                <SequencePoint vc="36" uspid="11303" ordinal="0" offset="104" sl="137" sc="17" el="137" ec="17" bec="0" bev="0" fileid="13" />
                <SequencePoint vc="36" uspid="11304" ordinal="0" offset="105" sl="138" sc="21" el="138" ec="21" bec="0" bev="0" fileid="13" />
                <SequencePoint vc="36" uspid="11305" ordinal="0" offset="146" sl="139" sc="21" el="139" ec="21" bec="0" bev="0" fileid="13" />
                <SequencePoint vc="36" uspid="11306" ordinal="0" offset="158" sl="140" sc="17" el="140" ec="17" bec="0" bev="0" fileid="13" />
                <SequencePoint vc="157" uspid="11307" ordinal="0" offset="159" sl="141" sc="13" el="141" ec="13" bec="0" bev="0" fileid="13" />
                <SequencePoint vc="170" uspid="11308" ordinal="0" offset="160" sl="133" sc="13" el="133" ec="13" bec="0" bev="0" fileid="13" />
                <SequencePoint vc="13" uspid="11309" ordinal="0" offset="178" sl="142" sc="9" el="142" ec="9" bec="0" bev="0" fileid="13" />
              </SequencePoints>
              <BranchPoints />
            </Method>
            <Method visited="true" cyclomaticComplexity="0" nPathComplexity="0" sequenceCoverage="100.0" branchCoverage="0" crapScore="0" isConstructor="false" isStatic="false" isGetter="false" isSetter="false">
              <Summary numSequencePoints="10" visitedSequencePoints="10" numBranchPoints="0" visitedBranchPoints="0" sequenceCoverage="100.0" branchCoverage="0" maxCyclomaticComplexity="0" minCyclomaticComplexity="0" maxCrapScore="0" minCrapScore="0" visitedClasses="0" numClasses="0" visitedMethods="1" numMethods="1" />
              <MetadataToken>100663384</MetadataToken>
              <Name>System.Void AwARe.RoomScan.Path.FloodFillHandler::EnqueueNeighbors(System.Collections.Generic.Queue`1[[System.ValueTuple`2[[System.Int32, mscorlib, Version=4.0.0.0, Culture=neutral, PublicKeyToken=b77a5c561934e089],[System.Int32, mscorlib, Version=4.0.0.0, Culture=neutral, PublicKeyToken=b77a5c561934e089]], mscorlib, Version=4.0.0.0, Culture=neutral, PublicKeyToken=b77a5c561934e089]]&amp;, System.ValueTuple[Int32,Int32], System.Int32, System.Int32)</Name>
              <FileRef uid="13" />
              <SequencePoints>
                <SequencePoint vc="36" uspid="11310" ordinal="0" offset="0" sl="152" sc="9" el="152" ec="9" bec="0" bev="0" fileid="13" />
                <SequencePoint vc="36" uspid="11311" ordinal="0" offset="1" sl="154" sc="13" el="154" ec="13" bec="0" bev="0" fileid="13" />
                <SequencePoint vc="36" uspid="11312" ordinal="0" offset="49" sl="155" sc="17" el="155" ec="17" bec="0" bev="0" fileid="13" />
                <SequencePoint vc="36" uspid="11313" ordinal="0" offset="76" sl="157" sc="13" el="157" ec="13" bec="0" bev="0" fileid="13" />
                <SequencePoint vc="36" uspid="11314" ordinal="0" offset="124" sl="158" sc="17" el="158" ec="17" bec="0" bev="0" fileid="13" />
                <SequencePoint vc="36" uspid="11315" ordinal="0" offset="151" sl="160" sc="13" el="160" ec="13" bec="0" bev="0" fileid="13" />
                <SequencePoint vc="36" uspid="11316" ordinal="0" offset="199" sl="161" sc="17" el="161" ec="17" bec="0" bev="0" fileid="13" />
                <SequencePoint vc="36" uspid="11317" ordinal="0" offset="226" sl="163" sc="13" el="163" ec="13" bec="0" bev="0" fileid="13" />
                <SequencePoint vc="36" uspid="11318" ordinal="0" offset="274" sl="164" sc="17" el="164" ec="17" bec="0" bev="0" fileid="13" />
                <SequencePoint vc="36" uspid="11319" ordinal="0" offset="301" sl="165" sc="9" el="165" ec="9" bec="0" bev="0" fileid="13" />
              </SequencePoints>
              <BranchPoints />
            </Method>
          </Methods>
        </Class>
        <Class>
          <Summary numSequencePoints="32" visitedSequencePoints="32" numBranchPoints="0" visitedBranchPoints="0" sequenceCoverage="100.0" branchCoverage="0.0" maxCyclomaticComplexity="0" minCyclomaticComplexity="0" maxCrapScore="0" minCrapScore="0" visitedClasses="1" numClasses="1" visitedMethods="2" numMethods="2" />
          <FullName>AwARe.RoomScan.Path.GridConverter</FullName>
          <Methods>
            <Method visited="true" cyclomaticComplexity="0" nPathComplexity="0" sequenceCoverage="100.0" branchCoverage="0" crapScore="0" isConstructor="false" isStatic="true" isGetter="false" isSetter="false">
              <Summary numSequencePoints="19" visitedSequencePoints="19" numBranchPoints="0" visitedBranchPoints="0" sequenceCoverage="100.0" branchCoverage="0" maxCyclomaticComplexity="0" minCyclomaticComplexity="0" maxCrapScore="0" minCrapScore="0" visitedClasses="0" numClasses="0" visitedMethods="1" numMethods="1" />
              <MetadataToken>100663386</MetadataToken>
              <Name>static Unity.Collections.NativeArray[Boolean] AwARe.RoomScan.Path.GridConverter::ToNativeGrid(System.Boolean[,])</Name>
              <FileRef uid="14" />
              <SequencePoints>
                <SequencePoint vc="5" uspid="11320" ordinal="0" offset="0" sl="23" sc="9" el="23" ec="9" bec="0" bev="0" fileid="14" />
                <SequencePoint vc="5" uspid="11321" ordinal="0" offset="1" sl="24" sc="13" el="24" ec="13" bec="0" bev="0" fileid="14" />
                <SequencePoint vc="5" uspid="11322" ordinal="0" offset="9" sl="25" sc="13" el="25" ec="13" bec="0" bev="0" fileid="14" />
                <SequencePoint vc="5" uspid="11323" ordinal="0" offset="17" sl="26" sc="13" el="26" ec="13" bec="0" bev="0" fileid="14" />
                <SequencePoint vc="5" uspid="11324" ordinal="0" offset="21" sl="28" sc="13" el="28" ec="13" bec="0" bev="0" fileid="14" />
                <SequencePoint vc="5" uspid="11325" ordinal="0" offset="31" sl="30" sc="18" el="30" ec="18" bec="0" bev="0" fileid="14" />
                <SequencePoint vc="33" uspid="11326" ordinal="0" offset="36" sl="31" sc="13" el="31" ec="13" bec="0" bev="0" fileid="14" />
                <SequencePoint vc="33" uspid="11327" ordinal="0" offset="37" sl="32" sc="22" el="32" ec="22" bec="0" bev="0" fileid="14" />
                <SequencePoint vc="305" uspid="11328" ordinal="0" offset="42" sl="33" sc="17" el="33" ec="17" bec="0" bev="0" fileid="14" />
                <SequencePoint vc="305" uspid="11329" ordinal="0" offset="43" sl="34" sc="21" el="34" ec="21" bec="0" bev="0" fileid="14" />
                <SequencePoint vc="305" uspid="11330" ordinal="0" offset="52" sl="35" sc="21" el="35" ec="21" bec="0" bev="0" fileid="14" />
                <SequencePoint vc="305" uspid="11331" ordinal="0" offset="72" sl="36" sc="17" el="36" ec="17" bec="0" bev="0" fileid="14" />
                <SequencePoint vc="305" uspid="11332" ordinal="0" offset="73" sl="32" sc="43" el="32" ec="43" bec="0" bev="0" fileid="14" />
                <SequencePoint vc="338" uspid="11333" ordinal="0" offset="79" sl="32" sc="33" el="32" ec="33" bec="0" bev="0" fileid="14" />
                <SequencePoint vc="33" uspid="11334" ordinal="0" offset="90" sl="37" sc="13" el="37" ec="13" bec="0" bev="0" fileid="14" />
                <SequencePoint vc="33" uspid="11335" ordinal="0" offset="91" sl="30" sc="39" el="30" ec="39" bec="0" bev="0" fileid="14" />
                <SequencePoint vc="38" uspid="11336" ordinal="0" offset="97" sl="30" sc="29" el="30" ec="29" bec="0" bev="0" fileid="14" />
                <SequencePoint vc="5" uspid="11337" ordinal="0" offset="108" sl="39" sc="13" el="39" ec="13" bec="0" bev="0" fileid="14" />
                <SequencePoint vc="5" uspid="11338" ordinal="0" offset="113" sl="40" sc="9" el="40" ec="9" bec="0" bev="0" fileid="14" />
              </SequencePoints>
              <BranchPoints />
            </Method>
            <Method visited="true" cyclomaticComplexity="0" nPathComplexity="0" sequenceCoverage="100.0" branchCoverage="0" crapScore="0" isConstructor="false" isStatic="true" isGetter="false" isSetter="false">
              <Summary numSequencePoints="13" visitedSequencePoints="13" numBranchPoints="0" visitedBranchPoints="0" sequenceCoverage="100.0" branchCoverage="0" maxCyclomaticComplexity="0" minCyclomaticComplexity="0" maxCrapScore="0" minCrapScore="0" visitedClasses="0" numClasses="0" visitedMethods="1" numMethods="1" />
              <MetadataToken>100663387</MetadataToken>
              <Name>static System.Boolean[,] AwARe.RoomScan.Path.GridConverter::ToGrid(Unity.Collections.NativeArray[Boolean], System.Int32, System.Int32)</Name>
              <FileRef uid="14" />
              <SequencePoints>
                <SequencePoint vc="2" uspid="11339" ordinal="0" offset="0" sl="50" sc="9" el="50" ec="9" bec="0" bev="0" fileid="14" />
                <SequencePoint vc="2" uspid="11340" ordinal="0" offset="1" sl="51" sc="13" el="51" ec="13" bec="0" bev="0" fileid="14" />
                <SequencePoint vc="2" uspid="11341" ordinal="0" offset="9" sl="52" sc="13" el="52" ec="13" bec="0" bev="0" fileid="14" />
                <SequencePoint vc="2" uspid="11342" ordinal="0" offset="17" sl="54" sc="18" el="54" ec="18" bec="0" bev="0" fileid="14" />
                <SequencePoint vc="54" uspid="11343" ordinal="0" offset="21" sl="55" sc="13" el="55" ec="13" bec="0" bev="0" fileid="14" />
                <SequencePoint vc="54" uspid="11344" ordinal="0" offset="22" sl="56" sc="17" el="56" ec="17" bec="0" bev="0" fileid="14" />
                <SequencePoint vc="54" uspid="11345" ordinal="0" offset="26" sl="57" sc="17" el="57" ec="17" bec="0" bev="0" fileid="14" />
                <SequencePoint vc="54" uspid="11346" ordinal="0" offset="31" sl="58" sc="17" el="58" ec="17" bec="0" bev="0" fileid="14" />
                <SequencePoint vc="54" uspid="11347" ordinal="0" offset="48" sl="59" sc="13" el="59" ec="13" bec="0" bev="0" fileid="14" />
                <SequencePoint vc="54" uspid="11348" ordinal="0" offset="49" sl="54" sc="43" el="54" ec="43" bec="0" bev="0" fileid="14" />
                <SequencePoint vc="56" uspid="11349" ordinal="0" offset="53" sl="54" sc="29" el="54" ec="29" bec="0" bev="0" fileid="14" />
                <SequencePoint vc="2" uspid="11350" ordinal="0" offset="63" sl="61" sc="13" el="61" ec="13" bec="0" bev="0" fileid="14" />
                <SequencePoint vc="2" uspid="11351" ordinal="0" offset="68" sl="62" sc="9" el="62" ec="9" bec="0" bev="0" fileid="14" />
              </SequencePoints>
              <BranchPoints />
            </Method>
          </Methods>
        </Class>
        <Class>
          <Summary numSequencePoints="55" visitedSequencePoints="55" numBranchPoints="0" visitedBranchPoints="0" sequenceCoverage="100.0" branchCoverage="0.0" maxCyclomaticComplexity="0" minCyclomaticComplexity="0" maxCrapScore="0" minCrapScore="0" visitedClasses="1" numClasses="1" visitedMethods="1" numMethods="1" />
          <FullName>AwARe.RoomScan.Path.LineDrawer</FullName>
          <Methods>
            <Method visited="true" cyclomaticComplexity="0" nPathComplexity="0" sequenceCoverage="100.0" branchCoverage="0" crapScore="0" isConstructor="false" isStatic="true" isGetter="false" isSetter="false">
              <Summary numSequencePoints="55" visitedSequencePoints="55" numBranchPoints="0" visitedBranchPoints="0" sequenceCoverage="100.0" branchCoverage="0" maxCyclomaticComplexity="0" minCyclomaticComplexity="0" maxCrapScore="0" minCrapScore="0" visitedClasses="0" numClasses="0" visitedMethods="1" numMethods="1" />
              <MetadataToken>100663388</MetadataToken>
              <Name>static System.Void AwARe.RoomScan.Path.LineDrawer::DrawLine(System.Boolean[,]&amp;, System.ValueTuple[ValueTuple`2,ValueTuple`2], System.Boolean)</Name>
              <FileRef uid="15" />
              <SequencePoints>
                <SequencePoint vc="1258" uspid="11352" ordinal="0" offset="0" sl="25" sc="9" el="25" ec="9" bec="0" bev="0" fileid="15" />
                <SequencePoint vc="1258" uspid="11353" ordinal="0" offset="1" sl="26" sc="13" el="26" ec="13" bec="0" bev="0" fileid="15" />
                <SequencePoint vc="1258" uspid="11354" ordinal="0" offset="6" sl="28" sc="13" el="28" ec="13" bec="0" bev="0" fileid="15" />
                <SequencePoint vc="1258" uspid="11355" ordinal="0" offset="18" sl="29" sc="13" el="29" ec="13" bec="0" bev="0" fileid="15" />
                <SequencePoint vc="1258" uspid="11356" ordinal="0" offset="30" sl="30" sc="13" el="30" ec="13" bec="0" bev="0" fileid="15" />
                <SequencePoint vc="1258" uspid="11357" ordinal="0" offset="42" sl="31" sc="13" el="31" ec="13" bec="0" bev="0" fileid="15" />
                <SequencePoint vc="1258" uspid="11358" ordinal="0" offset="55" sl="33" sc="13" el="33" ec="13" bec="0" bev="0" fileid="15" />
                <SequencePoint vc="1258" uspid="11359" ordinal="0" offset="61" sl="34" sc="13" el="34" ec="13" bec="0" bev="0" fileid="15" />
                <SequencePoint vc="1258" uspid="11360" ordinal="0" offset="68" sl="38" sc="13" el="38" ec="13" bec="0" bev="0" fileid="15" />
                <SequencePoint vc="252" uspid="11361" ordinal="0" offset="83" sl="39" sc="17" el="39" ec="17" bec="0" bev="0" fileid="15" />
                <SequencePoint vc="1006" uspid="11362" ordinal="0" offset="92" sl="41" sc="17" el="41" ec="17" bec="0" bev="0" fileid="15" />
                <SequencePoint vc="1258" uspid="11363" ordinal="0" offset="99" sl="42" sc="13" el="42" ec="13" bec="0" bev="0" fileid="15" />
                <SequencePoint vc="253" uspid="11364" ordinal="0" offset="114" sl="43" sc="17" el="43" ec="17" bec="0" bev="0" fileid="15" />
                <SequencePoint vc="1005" uspid="11365" ordinal="0" offset="123" sl="45" sc="17" el="45" ec="17" bec="0" bev="0" fileid="15" />
                <SequencePoint vc="1258" uspid="11366" ordinal="0" offset="130" sl="47" sc="13" el="47" ec="13" bec="0" bev="0" fileid="15" />
                <SequencePoint vc="1258" uspid="11367" ordinal="0" offset="140" sl="48" sc="13" el="48" ec="13" bec="0" bev="0" fileid="15" />
                <SequencePoint vc="1258" uspid="11368" ordinal="0" offset="150" sl="50" sc="18" el="50" ec="18" bec="0" bev="0" fileid="15" />
                <SequencePoint vc="5422" uspid="11369" ordinal="0" offset="164" sl="51" sc="13" el="51" ec="13" bec="0" bev="0" fileid="15" />
                <SequencePoint vc="5422" uspid="11370" ordinal="0" offset="165" sl="52" sc="17" el="52" ec="17" bec="0" bev="0" fileid="15" />
                <SequencePoint vc="400" uspid="11371" ordinal="0" offset="194" sl="52" sc="54" el="52" ec="54" bec="0" bev="0" fileid="15" />
                <SequencePoint vc="5022" uspid="11372" ordinal="0" offset="199" sl="54" sc="17" el="54" ec="17" bec="0" bev="0" fileid="15" />
                <SequencePoint vc="5022" uspid="11373" ordinal="0" offset="210" sl="55" sc="17" el="55" ec="17" bec="0" bev="0" fileid="15" />
                <SequencePoint vc="1026" uspid="11374" ordinal="0" offset="235" sl="56" sc="17" el="56" ec="17" bec="0" bev="0" fileid="15" />
                <SequencePoint vc="1026" uspid="11375" ordinal="0" offset="236" sl="57" sc="21" el="57" ec="21" bec="0" bev="0" fileid="15" />
                <SequencePoint vc="8" uspid="11376" ordinal="0" offset="282" sl="57" sc="66" el="57" ec="66" bec="0" bev="0" fileid="15" />
                <SequencePoint vc="1018" uspid="11377" ordinal="0" offset="284" sl="58" sc="21" el="58" ec="21" bec="0" bev="0" fileid="15" />
                <SequencePoint vc="1018" uspid="11378" ordinal="0" offset="303" sl="59" sc="17" el="59" ec="17" bec="0" bev="0" fileid="15" />
                <SequencePoint vc="3996" uspid="11379" ordinal="0" offset="306" sl="61" sc="17" el="61" ec="17" bec="0" bev="0" fileid="15" />
                <SequencePoint vc="3996" uspid="11380" ordinal="0" offset="307" sl="62" sc="21" el="62" ec="21" bec="0" bev="0" fileid="15" />
                <SequencePoint vc="1150" uspid="11381" ordinal="0" offset="341" sl="62" sc="58" el="62" ec="58" bec="0" bev="0" fileid="15" />
                <SequencePoint vc="2846" uspid="11382" ordinal="0" offset="343" sl="63" sc="21" el="63" ec="21" bec="0" bev="0" fileid="15" />
                <SequencePoint vc="2846" uspid="11383" ordinal="0" offset="356" sl="64" sc="17" el="64" ec="17" bec="0" bev="0" fileid="15" />
                <SequencePoint vc="3864" uspid="11384" ordinal="0" offset="357" sl="65" sc="13" el="65" ec="13" bec="0" bev="0" fileid="15" />
                <SequencePoint vc="5422" uspid="11385" ordinal="0" offset="358" sl="50" sc="66" el="50" ec="66" bec="0" bev="0" fileid="15" />
                <SequencePoint vc="6680" uspid="11386" ordinal="0" offset="364" sl="50" sc="44" el="50" ec="44" bec="0" bev="0" fileid="15" />
                <SequencePoint vc="1258" uspid="11387" ordinal="0" offset="384" sl="67" sc="18" el="67" ec="18" bec="0" bev="0" fileid="15" />
                <SequencePoint vc="5422" uspid="11388" ordinal="0" offset="399" sl="68" sc="13" el="68" ec="13" bec="0" bev="0" fileid="15" />
                <SequencePoint vc="5422" uspid="11389" ordinal="0" offset="400" sl="69" sc="17" el="69" ec="17" bec="0" bev="0" fileid="15" />
                <SequencePoint vc="400" uspid="11390" ordinal="0" offset="429" sl="69" sc="54" el="69" ec="54" bec="0" bev="0" fileid="15" />
                <SequencePoint vc="5022" uspid="11391" ordinal="0" offset="434" sl="71" sc="17" el="71" ec="17" bec="0" bev="0" fileid="15" />
                <SequencePoint vc="5022" uspid="11392" ordinal="0" offset="445" sl="72" sc="17" el="72" ec="17" bec="0" bev="0" fileid="15" />
                <SequencePoint vc="1025" uspid="11393" ordinal="0" offset="470" sl="73" sc="17" el="73" ec="17" bec="0" bev="0" fileid="15" />
                <SequencePoint vc="1025" uspid="11394" ordinal="0" offset="471" sl="74" sc="21" el="74" ec="21" bec="0" bev="0" fileid="15" />
                <SequencePoint vc="8" uspid="11395" ordinal="0" offset="517" sl="74" sc="66" el="74" ec="66" bec="0" bev="0" fileid="15" />
                <SequencePoint vc="1017" uspid="11396" ordinal="0" offset="519" sl="75" sc="21" el="75" ec="21" bec="0" bev="0" fileid="15" />
                <SequencePoint vc="1017" uspid="11397" ordinal="0" offset="538" sl="76" sc="17" el="76" ec="17" bec="0" bev="0" fileid="15" />
                <SequencePoint vc="3997" uspid="11398" ordinal="0" offset="541" sl="78" sc="17" el="78" ec="17" bec="0" bev="0" fileid="15" />
                <SequencePoint vc="3997" uspid="11399" ordinal="0" offset="542" sl="79" sc="21" el="79" ec="21" bec="0" bev="0" fileid="15" />
                <SequencePoint vc="1150" uspid="11400" ordinal="0" offset="576" sl="79" sc="58" el="79" ec="58" bec="0" bev="0" fileid="15" />
                <SequencePoint vc="2847" uspid="11401" ordinal="0" offset="578" sl="80" sc="21" el="80" ec="21" bec="0" bev="0" fileid="15" />
                <SequencePoint vc="2847" uspid="11402" ordinal="0" offset="591" sl="81" sc="17" el="81" ec="17" bec="0" bev="0" fileid="15" />
                <SequencePoint vc="3864" uspid="11403" ordinal="0" offset="592" sl="82" sc="13" el="82" ec="13" bec="0" bev="0" fileid="15" />
                <SequencePoint vc="5422" uspid="11404" ordinal="0" offset="593" sl="67" sc="66" el="67" ec="66" bec="0" bev="0" fileid="15" />
                <SequencePoint vc="6680" uspid="11405" ordinal="0" offset="599" sl="67" sc="44" el="67" ec="44" bec="0" bev="0" fileid="15" />
                <SequencePoint vc="1258" uspid="11406" ordinal="0" offset="620" sl="83" sc="9" el="83" ec="9" bec="0" bev="0" fileid="15" />
              </SequencePoints>
              <BranchPoints />
            </Method>
          </Methods>
        </Class>
        <Class>
          <Summary numSequencePoints="8" visitedSequencePoints="8" numBranchPoints="0" visitedBranchPoints="0" sequenceCoverage="100.0" branchCoverage="0.0" maxCyclomaticComplexity="0" minCyclomaticComplexity="0" maxCrapScore="0" minCrapScore="0" visitedClasses="1" numClasses="1" visitedMethods="5" numMethods="5" />
          <FullName>AwARe.RoomScan.Path.PolygonLines</FullName>
          <Methods>
            <Method visited="true" cyclomaticComplexity="0" nPathComplexity="0" sequenceCoverage="100.0" branchCoverage="0" crapScore="0" isConstructor="false" isStatic="false" isGetter="true" isSetter="false">
              <Summary numSequencePoints="1" visitedSequencePoints="1" numBranchPoints="0" visitedBranchPoints="0" sequenceCoverage="100.0" branchCoverage="0" maxCyclomaticComplexity="0" minCyclomaticComplexity="0" maxCrapScore="0" minCrapScore="0" visitedClasses="0" numClasses="0" visitedMethods="1" numMethods="1" />
              <MetadataToken>100663404</MetadataToken>
              <Name>System.Collections.Generic.List[ValueTuple`2] AwARe.RoomScan.Path.PolygonLines::get_Lines()</Name>
              <FileRef uid="17" />
              <SequencePoints>
                <SequencePoint vc="46" uspid="11686" ordinal="0" offset="0" sl="325" sc="55" el="325" ec="55" bec="0" bev="0" fileid="17" />
              </SequencePoints>
              <BranchPoints />
            </Method>
            <Method visited="true" cyclomaticComplexity="0" nPathComplexity="0" sequenceCoverage="100.0" branchCoverage="0" crapScore="0" isConstructor="false" isStatic="false" isGetter="false" isSetter="true">
              <Summary numSequencePoints="1" visitedSequencePoints="1" numBranchPoints="0" visitedBranchPoints="0" sequenceCoverage="100.0" branchCoverage="0" maxCyclomaticComplexity="0" minCyclomaticComplexity="0" maxCrapScore="0" minCrapScore="0" visitedClasses="0" numClasses="0" visitedMethods="1" numMethods="1" />
              <MetadataToken>100663405</MetadataToken>
              <Name>System.Void AwARe.RoomScan.Path.PolygonLines::set_Lines(System.Collections.Generic.List[ValueTuple`2])</Name>
              <FileRef uid="17" />
              <SequencePoints>
                <SequencePoint vc="2" uspid="11687" ordinal="0" offset="0" sl="325" sc="60" el="325" ec="60" bec="0" bev="0" fileid="17" />
              </SequencePoints>
              <BranchPoints />
            </Method>
            <Method visited="true" cyclomaticComplexity="0" nPathComplexity="0" sequenceCoverage="100.0" branchCoverage="0" crapScore="0" isConstructor="false" isStatic="false" isGetter="false" isSetter="false">
              <Summary numSequencePoints="1" visitedSequencePoints="1" numBranchPoints="0" visitedBranchPoints="0" sequenceCoverage="100.0" branchCoverage="0" maxCyclomaticComplexity="0" minCyclomaticComplexity="0" maxCrapScore="0" minCrapScore="0" visitedClasses="0" numClasses="0" visitedMethods="1" numMethods="1" />
              <MetadataToken>100663407</MetadataToken>
              <Name>System.Void AwARe.RoomScan.Path.PolygonLines::Add(System.ValueTuple[ValueTuple`2,ValueTuple`2])</Name>
              <FileRef uid="17" />
              <SequencePoints>
                <SequencePoint vc="8" uspid="11688" ordinal="0" offset="0" sl="339" sc="59" el="339" ec="59" bec="0" bev="0" fileid="17" />
              </SequencePoints>
              <BranchPoints />
            </Method>
            <Method visited="true" cyclomaticComplexity="0" nPathComplexity="0" sequenceCoverage="100.0" branchCoverage="0" crapScore="0" isConstructor="false" isStatic="false" isGetter="false" isSetter="false">
              <Summary numSequencePoints="1" visitedSequencePoints="1" numBranchPoints="0" visitedBranchPoints="0" sequenceCoverage="100.0" branchCoverage="0" maxCyclomaticComplexity="0" minCyclomaticComplexity="0" maxCrapScore="0" minCrapScore="0" visitedClasses="0" numClasses="0" visitedMethods="1" numMethods="1" />
              <MetadataToken>100663408</MetadataToken>
              <Name>System.Int32 AwARe.RoomScan.Path.PolygonLines::Count()</Name>
              <FileRef uid="17" />
              <SequencePoints>
                <SequencePoint vc="22" uspid="11689" ordinal="0" offset="0" sl="345" sc="31" el="345" ec="31" bec="0" bev="0" fileid="17" />
              </SequencePoints>
              <BranchPoints />
            </Method>
            <Method visited="true" cyclomaticComplexity="0" nPathComplexity="0" sequenceCoverage="100.0" branchCoverage="0" crapScore="0" isConstructor="true" isStatic="false" isGetter="false" isSetter="false">
              <Summary numSequencePoints="4" visitedSequencePoints="4" numBranchPoints="0" visitedBranchPoints="0" sequenceCoverage="100.0" branchCoverage="0" maxCyclomaticComplexity="0" minCyclomaticComplexity="0" maxCrapScore="0" minCrapScore="0" visitedClasses="0" numClasses="0" visitedMethods="1" numMethods="1" />
              <MetadataToken>100663406</MetadataToken>
              <Name>AwARe.RoomScan.Path.PolygonLines::PolygonLines()</Name>
              <FileRef uid="17" />
              <SequencePoints>
                <SequencePoint vc="2" uspid="11690" ordinal="0" offset="0" sl="330" sc="9" el="330" ec="9" bec="0" bev="0" fileid="17" />
                <SequencePoint vc="2" uspid="11691" ordinal="0" offset="7" sl="331" sc="9" el="331" ec="9" bec="0" bev="0" fileid="17" />
                <SequencePoint vc="2" uspid="11692" ordinal="0" offset="8" sl="332" sc="13" el="332" ec="13" bec="0" bev="0" fileid="17" />
                <SequencePoint vc="2" uspid="11693" ordinal="0" offset="20" sl="333" sc="9" el="333" ec="9" bec="0" bev="0" fileid="17" />
              </SequencePoints>
              <BranchPoints />
            </Method>
          </Methods>
        </Class>
        <Class>
          <Summary numSequencePoints="38" visitedSequencePoints="37" numBranchPoints="0" visitedBranchPoints="0" sequenceCoverage="97.37" branchCoverage="0.0" maxCyclomaticComplexity="0" minCyclomaticComplexity="0" maxCrapScore="0" minCrapScore="0" visitedClasses="1" numClasses="1" visitedMethods="1" numMethods="1" />
          <FullName>AwARe.RoomScan.Path.Jobs.CheckInPolygonJob</FullName>
          <Methods>
            <Method visited="true" cyclomaticComplexity="0" nPathComplexity="0" sequenceCoverage="97.37" branchCoverage="0" crapScore="0" isConstructor="false" isStatic="false" isGetter="false" isSetter="false">
              <Summary numSequencePoints="38" visitedSequencePoints="37" numBranchPoints="0" visitedBranchPoints="0" sequenceCoverage="97.37" branchCoverage="0" maxCyclomaticComplexity="0" minCyclomaticComplexity="0" maxCrapScore="0" minCrapScore="0" visitedClasses="0" numClasses="0" visitedMethods="1" numMethods="1" />
              <MetadataToken>100663423</MetadataToken>
              <Name>System.Boolean AwARe.RoomScan.Path.Jobs.CheckInPolygonJob::CheckInPolygon(Unity.Collections.NativeArray[ValueTuple`2], System.ValueTuple[Int32,Int32])</Name>
              <FileRef uid="22" />
              <SequencePoints>
                <SequencePoint vc="10" uspid="12056" ordinal="0" offset="0" sl="56" sc="9" el="56" ec="9" bec="0" bev="0" fileid="22" />
                <SequencePoint vc="10" uspid="12057" ordinal="0" offset="1" sl="57" sc="13" el="57" ec="13" bec="0" bev="0" fileid="22" />
                <SequencePoint vc="10" uspid="12058" ordinal="0" offset="3" sl="59" sc="18" el="59" ec="18" bec="0" bev="0" fileid="22" />
                <SequencePoint vc="19" uspid="12059" ordinal="0" offset="10" sl="60" sc="13" el="60" ec="13" bec="0" bev="0" fileid="22" />
                <SequencePoint vc="19" uspid="12060" ordinal="0" offset="11" sl="61" sc="17" el="61" ec="17" bec="0" bev="0" fileid="22" />
                <SequencePoint vc="19" uspid="12061" ordinal="0" offset="19" sl="64" sc="17" el="64" ec="17" bec="0" bev="0" fileid="22" />
                <SequencePoint vc="19" uspid="12062" ordinal="0" offset="59" sl="65" sc="17" el="65" ec="17" bec="0" bev="0" fileid="22" />
                <SequencePoint vc="6" uspid="12063" ordinal="0" offset="78" sl="65" sc="35" el="65" ec="35" bec="0" bev="0" fileid="22" />
                <SequencePoint vc="6" uspid="12064" ordinal="0" offset="79" sl="65" sc="37" el="65" ec="37" bec="0" bev="0" fileid="22" />
                <SequencePoint vc="6" uspid="12065" ordinal="0" offset="99" sl="65" sc="72" el="65" ec="72" bec="0" bev="0" fileid="22" />
                <SequencePoint vc="13" uspid="12066" ordinal="0" offset="105" sl="67" sc="17" el="67" ec="17" bec="0" bev="0" fileid="22" />
                <SequencePoint vc="13" uspid="12067" ordinal="0" offset="106" sl="68" sc="21" el="68" ec="21" bec="0" bev="0" fileid="22" />
                <SequencePoint vc="13" uspid="12068" ordinal="0" offset="149" sl="70" sc="21" el="70" ec="21" bec="0" bev="0" fileid="22" />
                <SequencePoint vc="2" uspid="12069" ordinal="0" offset="168" sl="70" sc="33" el="70" ec="33" bec="0" bev="0" fileid="22" />
                <SequencePoint vc="11" uspid="12070" ordinal="0" offset="173" sl="71" sc="21" el="71" ec="21" bec="0" bev="0" fileid="22" />
[...]
          <FullName>AwARe.RoomScan.Path.ErosionHandler/&lt;&gt;c__DisplayClass4_0</FullName>
          <Methods>
            <Method visited="true" cyclomaticComplexity="0" nPathComplexity="0" sequenceCoverage="100.0" branchCoverage="0" crapScore="0" isConstructor="false" isStatic="false" isGetter="false" isSetter="false">
              <Summary numSequencePoints="5" visitedSequencePoints="5" numBranchPoints="0" visitedBranchPoints="0" sequenceCoverage="100.0" branchCoverage="0" maxCyclomaticComplexity="0" minCyclomaticComplexity="0" maxCrapScore="0" minCrapScore="0" visitedClasses="0" numClasses="0" visitedMethods="1" numMethods="1" />
              <MetadataToken>100663971</MetadataToken>
              <Name>System.Int32 AwARe.RoomScan.Path.ErosionHandler/&lt;&gt;c__DisplayClass4_0::&lt;GetInputIntFunction&gt;b__0(System.ValueTuple[Int32,Int32])</Name>
              <FileRef uid="12" />
              <SequencePoints>
                <SequencePoint vc="144" uspid="14070" ordinal="0" offset="0" sl="194" sc="13" el="194" ec="13" bec="0" bev="0" fileid="12" />
                <SequencePoint vc="144" uspid="14071" ordinal="0" offset="1" sl="195" sc="17" el="195" ec="17" bec="0" bev="0" fileid="12" />
                <SequencePoint vc="144" uspid="14072" ordinal="0" offset="15" sl="196" sc="17" el="196" ec="17" bec="0" bev="0" fileid="12" />
                <SequencePoint vc="144" uspid="14073" ordinal="0" offset="45" sl="197" sc="17" el="197" ec="17" bec="0" bev="0" fileid="12" />
                <SequencePoint vc="144" uspid="14074" ordinal="0" offset="67" sl="198" sc="13" el="198" ec="13" bec="0" bev="0" fileid="12" />
              </SequencePoints>
              <BranchPoints />
            </Method>
          </Methods>
        </Class>
        <Class>
          <Summary numSequencePoints="4" visitedSequencePoints="0" numBranchPoints="0" visitedBranchPoints="0" sequenceCoverage="0.0" branchCoverage="0.0" maxCyclomaticComplexity="0" minCyclomaticComplexity="0" maxCrapScore="0" minCrapScore="0" visitedClasses="0" numClasses="1" visitedMethods="0" numMethods="1" />
          <FullName>AwARe.Server.Logic.Client&lt;&gt;c__DisplayClass16_0[B]</FullName>
          <Methods>
            <Method visited="false" cyclomaticComplexity="0" nPathComplexity="0" sequenceCoverage="0.0" branchCoverage="0" crapScore="0" isConstructor="false" isStatic="false" isGetter="false" isSetter="false">
              <Summary numSequencePoints="4" visitedSequencePoints="0" numBranchPoints="0" visitedBranchPoints="0" sequenceCoverage="0.0" branchCoverage="0" maxCyclomaticComplexity="0" minCyclomaticComplexity="0" maxCrapScore="0" minCrapScore="0" visitedClasses="0" numClasses="0" visitedMethods="0" numMethods="1" />
              <MetadataToken>100664053</MetadataToken>
              <Name>System.Void AwARe.Server.Logic.Client&lt;&gt;c__DisplayClass16_0[B]::&lt;SendPostRequest&gt;b__0(System.Threading.Tasks.TaskCompletionSource[Boolean])</Name>
              <FileRef uid="70" />
              <SequencePoints>
                <SequencePoint vc="0" uspid="14180" ordinal="0" offset="20" sl="195" sc="0" el="195" ec="0" bec="0" bev="0" fileid="70" />
                <SequencePoint vc="0" uspid="14181" ordinal="0" offset="21" sl="196" sc="0" el="196" ec="0" bec="0" bev="0" fileid="70" />
                <SequencePoint vc="0" uspid="14182" ordinal="0" offset="73" sl="201" sc="0" el="201" ec="0" bec="0" bev="0" fileid="70" />
                <SequencePoint vc="0" uspid="14183" ordinal="0" offset="124" sl="213" sc="0" el="213" ec="0" bec="0" bev="0" fileid="70" />
              </SequencePoints>
              <BranchPoints />
            </Method>
          </Methods>
        </Class>
        <Class>
          <Summary numSequencePoints="9" visitedSequencePoints="0" numBranchPoints="0" visitedBranchPoints="0" sequenceCoverage="0.0" branchCoverage="0.0" maxCyclomaticComplexity="0" minCyclomaticComplexity="0" maxCrapScore="0" minCrapScore="0" visitedClasses="0" numClasses="1" visitedMethods="0" numMethods="2" />
          <FullName>AwARe.Server.Logic.Client&lt;&gt;c__DisplayClass16_1[B]</FullName>
          <Methods>
            <Method visited="false" cyclomaticComplexity="0" nPathComplexity="0" sequenceCoverage="0.0" branchCoverage="0" crapScore="0" isConstructor="false" isStatic="false" isGetter="false" isSetter="false">
              <Summary numSequencePoints="5" visitedSequencePoints="0" numBranchPoints="0" visitedBranchPoints="0" sequenceCoverage="0.0" branchCoverage="0" maxCyclomaticComplexity="0" minCyclomaticComplexity="0" maxCrapScore="0" minCrapScore="0" visitedClasses="0" numClasses="0" visitedMethods="0" numMethods="1" />
              <MetadataToken>100664055</MetadataToken>
              <Name>System.Void AwARe.Server.Logic.Client&lt;&gt;c__DisplayClass16_1[B]::&lt;SendPostRequest&gt;b__1(Proyecto26.ResponseHelper)</Name>
              <FileRef uid="70" />
              <SequencePoints>
                <SequencePoint vc="0" uspid="14184" ordinal="0" offset="0" sl="202" sc="0" el="202" ec="0" bec="0" bev="0" fileid="70" />
                <SequencePoint vc="0" uspid="14185" ordinal="0" offset="1" sl="203" sc="0" el="203" ec="0" bec="0" bev="0" fileid="70" />
                <SequencePoint vc="0" uspid="14186" ordinal="0" offset="13" sl="204" sc="0" el="204" ec="0" bec="0" bev="0" fileid="70" />
                <SequencePoint vc="0" uspid="14187" ordinal="0" offset="31" sl="206" sc="0" el="206" ec="0" bec="0" bev="0" fileid="70" />
                <SequencePoint vc="0" uspid="14188" ordinal="0" offset="44" sl="207" sc="0" el="207" ec="0" bec="0" bev="0" fileid="70" />
              </SequencePoints>
              <BranchPoints />
            </Method>
            <Method visited="false" cyclomaticComplexity="0" nPathComplexity="0" sequenceCoverage="0.0" branchCoverage="0" crapScore="0" isConstructor="false" isStatic="false" isGetter="false" isSetter="false">
              <Summary numSequencePoints="4" visitedSequencePoints="0" numBranchPoints="0" visitedBranchPoints="0" sequenceCoverage="0.0" branchCoverage="0" maxCyclomaticComplexity="0" minCyclomaticComplexity="0" maxCrapScore="0" minCrapScore="0" visitedClasses="0" numClasses="0" visitedMethods="0" numMethods="1" />
              <MetadataToken>100664056</MetadataToken>
              <Name>System.Void AwARe.Server.Logic.Client&lt;&gt;c__DisplayClass16_1[B]::&lt;SendPostRequest&gt;b__2(System.Exception)</Name>
              <FileRef uid="70" />
              <SequencePoints>
                <SequencePoint vc="0" uspid="14189" ordinal="0" offset="0" sl="208" sc="0" el="208" ec="0" bec="0" bev="0" fileid="70" />
                <SequencePoint vc="0" uspid="14190" ordinal="0" offset="1" sl="209" sc="0" el="209" ec="0" bec="0" bev="0" fileid="70" />
                <SequencePoint vc="0" uspid="14191" ordinal="0" offset="19" sl="211" sc="0" el="211" ec="0" bec="0" bev="0" fileid="70" />
                <SequencePoint vc="0" uspid="14192" ordinal="0" offset="32" sl="212" sc="0" el="212" ec="0" bec="0" bev="0" fileid="70" />
              </SequencePoints>
              <BranchPoints />
            </Method>
          </Methods>
        </Class>
        <Class>
          <Summary numSequencePoints="4" visitedSequencePoints="0" numBranchPoints="0" visitedBranchPoints="0" sequenceCoverage="0.0" branchCoverage="0.0" maxCyclomaticComplexity="0" minCyclomaticComplexity="0" maxCrapScore="0" minCrapScore="0" visitedClasses="0" numClasses="1" visitedMethods="0" numMethods="1" />
          <FullName>AwARe.Server.Logic.Client&lt;&gt;c__DisplayClass17_0[B]</FullName>
          <Methods>
            <Method visited="false" cyclomaticComplexity="0" nPathComplexity="0" sequenceCoverage="0.0" branchCoverage="0" crapScore="0" isConstructor="false" isStatic="false" isGetter="false" isSetter="false">
              <Summary numSequencePoints="4" visitedSequencePoints="0" numBranchPoints="0" visitedBranchPoints="0" sequenceCoverage="0.0" branchCoverage="0" maxCyclomaticComplexity="0" minCyclomaticComplexity="0" maxCrapScore="0" minCrapScore="0" visitedClasses="0" numClasses="0" visitedMethods="0" numMethods="1" />
              <MetadataToken>100664058</MetadataToken>
              <Name>System.Void AwARe.Server.Logic.Client&lt;&gt;c__DisplayClass17_0[B]::&lt;SendGetRequest&gt;b__0(System.Threading.Tasks.TaskCompletionSource[Boolean])</Name>
              <FileRef uid="70" />
              <SequencePoints>
                <SequencePoint vc="0" uspid="14193" ordinal="0" offset="20" sl="219" sc="0" el="219" ec="0" bec="0" bev="0" fileid="70" />
                <SequencePoint vc="0" uspid="14194" ordinal="0" offset="21" sl="220" sc="0" el="220" ec="0" bec="0" bev="0" fileid="70" />
                <SequencePoint vc="0" uspid="14195" ordinal="0" offset="73" sl="225" sc="0" el="225" ec="0" bec="0" bev="0" fileid="70" />
                <SequencePoint vc="0" uspid="14196" ordinal="0" offset="124" sl="237" sc="0" el="237" ec="0" bec="0" bev="0" fileid="70" />
              </SequencePoints>
              <BranchPoints />
            </Method>
          </Methods>
        </Class>
        <Class>
          <Summary numSequencePoints="9" visitedSequencePoints="0" numBranchPoints="0" visitedBranchPoints="0" sequenceCoverage="0.0" branchCoverage="0.0" maxCyclomaticComplexity="0" minCyclomaticComplexity="0" maxCrapScore="0" minCrapScore="0" visitedClasses="0" numClasses="1" visitedMethods="0" numMethods="2" />
          <FullName>AwARe.Server.Logic.Client&lt;&gt;c__DisplayClass17_1[B]</FullName>
          <Methods>
            <Method visited="false" cyclomaticComplexity="0" nPathComplexity="0" sequenceCoverage="0.0" branchCoverage="0" crapScore="0" isConstructor="false" isStatic="false" isGetter="false" isSetter="false">
              <Summary numSequencePoints="5" visitedSequencePoints="0" numBranchPoints="0" visitedBranchPoints="0" sequenceCoverage="0.0" branchCoverage="0" maxCyclomaticComplexity="0" minCyclomaticComplexity="0" maxCrapScore="0" minCrapScore="0" visitedClasses="0" numClasses="0" visitedMethods="0" numMethods="1" />
              <MetadataToken>100664060</MetadataToken>
              <Name>System.Void AwARe.Server.Logic.Client&lt;&gt;c__DisplayClass17_1[B]::&lt;SendGetRequest&gt;b__1(Proyecto26.ResponseHelper)</Name>
              <FileRef uid="70" />
              <SequencePoints>
                <SequencePoint vc="0" uspid="14197" ordinal="0" offset="0" sl="226" sc="0" el="226" ec="0" bec="0" bev="0" fileid="70" />
                <SequencePoint vc="0" uspid="14198" ordinal="0" offset="1" sl="227" sc="0" el="227" ec="0" bec="0" bev="0" fileid="70" />
                <SequencePoint vc="0" uspid="14199" ordinal="0" offset="13" sl="228" sc="0" el="228" ec="0" bec="0" bev="0" fileid="70" />
                <SequencePoint vc="0" uspid="14200" ordinal="0" offset="31" sl="230" sc="0" el="230" ec="0" bec="0" bev="0" fileid="70" />
                <SequencePoint vc="0" uspid="14201" ordinal="0" offset="44" sl="231" sc="0" el="231" ec="0" bec="0" bev="0" fileid="70" />
              </SequencePoints>
              <BranchPoints />
            </Method>
            <Method visited="false" cyclomaticComplexity="0" nPathComplexity="0" sequenceCoverage="0.0" branchCoverage="0" crapScore="0" isConstructor="false" isStatic="false" isGetter="false" isSetter="false">
              <Summary numSequencePoints="4" visitedSequencePoints="0" numBranchPoints="0" visitedBranchPoints="0" sequenceCoverage="0.0" branchCoverage="0" maxCyclomaticComplexity="0" minCyclomaticComplexity="0" maxCrapScore="0" minCrapScore="0" visitedClasses="0" numClasses="0" visitedMethods="0" numMethods="1" />
              <MetadataToken>100664061</MetadataToken>
              <Name>System.Void AwARe.Server.Logic.Client&lt;&gt;c__DisplayClass17_1[B]::&lt;SendGetRequest&gt;b__2(System.Exception)</Name>
              <FileRef uid="70" />
              <SequencePoints>
                <SequencePoint vc="0" uspid="14202" ordinal="0" offset="0" sl="232" sc="0" el="232" ec="0" bec="0" bev="0" fileid="70" />
                <SequencePoint vc="0" uspid="14203" ordinal="0" offset="1" sl="233" sc="0" el="233" ec="0" bec="0" bev="0" fileid="70" />
                <SequencePoint vc="0" uspid="14204" ordinal="0" offset="19" sl="235" sc="0" el="235" ec="0" bec="0" bev="0" fileid="70" />
                <SequencePoint vc="0" uspid="14205" ordinal="0" offset="32" sl="236" sc="0" el="236" ec="0" bec="0" bev="0" fileid="70" />
              </SequencePoints>
              <BranchPoints />
            </Method>
          </Methods>
        </Class>
        <Class>
          <Summary numSequencePoints="5" visitedSequencePoints="0" numBranchPoints="0" visitedBranchPoints="0" sequenceCoverage="0.0" branchCoverage="0.0" maxCyclomaticComplexity="0" minCyclomaticComplexity="0" maxCrapScore="0" minCrapScore="0" visitedClasses="0" numClasses="1" visitedMethods="0" numMethods="1" />
          <FullName>AwARe.Server.Logic.Client&lt;AwaitRSGPromise&gt;d__15[T]</FullName>
          <Methods>
            <Method visited="false" cyclomaticComplexity="0" nPathComplexity="0" sequenceCoverage="0.0" branchCoverage="0" crapScore="0" isConstructor="false" isStatic="false" isGetter="false" isSetter="false">
              <Summary numSequencePoints="5" visitedSequencePoints="0" numBranchPoints="0" visitedBranchPoints="0" sequenceCoverage="0.0" branchCoverage="0" maxCyclomaticComplexity="0" minCyclomaticComplexity="0" maxCrapScore="0" minCrapScore="0" visitedClasses="0" numClasses="0" visitedMethods="0" numMethods="1" />
              <MetadataToken>100664068</MetadataToken>
              <Name>System.Void AwARe.Server.Logic.Client&lt;AwaitRSGPromise&gt;d__15[T]::MoveNext()</Name>
              <FileRef uid="70" />
              <SequencePoints>
                <SequencePoint vc="0" uspid="14219" ordinal="0" offset="14" sl="182" sc="0" el="182" ec="0" bec="0" bev="0" fileid="70" />
                <SequencePoint vc="0" uspid="14220" ordinal="0" offset="15" sl="187" sc="0" el="187" ec="0" bec="0" bev="0" fileid="70" />
                <SequencePoint vc="0" uspid="14221" ordinal="0" offset="26" sl="188" sc="0" el="188" ec="0" bec="0" bev="0" fileid="70" />
                <SequencePoint vc="0" uspid="14222" ordinal="0" offset="44" sl="189" sc="0" el="189" ec="0" bec="0" bev="0" fileid="70" />
                <SequencePoint vc="0" uspid="14223" ordinal="0" offset="189" sl="190" sc="0" el="190" ec="0" bec="0" bev="0" fileid="70" />
              </SequencePoints>
              <BranchPoints />
            </Method>
          </Methods>
        </Class>
        <Class>
          <Summary numSequencePoints="3" visitedSequencePoints="0" numBranchPoints="0" visitedBranchPoints="0" sequenceCoverage="0.0" branchCoverage="0.0" maxCyclomaticComplexity="0" minCyclomaticComplexity="0" maxCrapScore="0" minCrapScore="0" visitedClasses="0" numClasses="1" visitedMethods="0" numMethods="1" />
          <FullName>AwARe.Server.Logic.Client&lt;SendGetRequest&gt;d__17[B]</FullName>
          <Methods>
            <Method visited="false" cyclomaticComplexity="0" nPathComplexity="0" sequenceCoverage="0.0" branchCoverage="0" crapScore="0" isConstructor="false" isStatic="false" isGetter="false" isSetter="false">
              <Summary numSequencePoints="3" visitedSequencePoints="0" numBranchPoints="0" visitedBranchPoints="0" sequenceCoverage="0.0" branchCoverage="0" maxCyclomaticComplexity="0" minCyclomaticComplexity="0" maxCrapScore="0" minCrapScore="0" visitedClasses="0" numClasses="0" visitedMethods="0" numMethods="1" />
              <MetadataToken>100664077</MetadataToken>
              <Name>System.Void AwARe.Server.Logic.Client&lt;SendGetRequest&gt;d__17[B]::MoveNext()</Name>
              <FileRef uid="70" />
              <SequencePoints>
                <SequencePoint vc="0" uspid="14234" ordinal="0" offset="96" sl="217" sc="0" el="217" ec="0" bec="0" bev="0" fileid="70" />
                <SequencePoint vc="0" uspid="14235" ordinal="0" offset="97" sl="218" sc="0" el="218" ec="0" bec="0" bev="0" fileid="70" />
                <SequencePoint vc="0" uspid="14236" ordinal="0" offset="239" sl="238" sc="0" el="238" ec="0" bec="0" bev="0" fileid="70" />
              </SequencePoints>
              <BranchPoints />
            </Method>
          </Methods>
        </Class>
        <Class>
          <Summary numSequencePoints="3" visitedSequencePoints="0" numBranchPoints="0" visitedBranchPoints="0" sequenceCoverage="0.0" branchCoverage="0.0" maxCyclomaticComplexity="0" minCyclomaticComplexity="0" maxCrapScore="0" minCrapScore="0" visitedClasses="0" numClasses="1" visitedMethods="0" numMethods="1" />
          <FullName>AwARe.Server.Logic.Client&lt;SendPostRequest&gt;d__16[B]</FullName>
          <Methods>
            <Method visited="false" cyclomaticComplexity="0" nPathComplexity="0" sequenceCoverage="0.0" branchCoverage="0" crapScore="0" isConstructor="false" isStatic="false" isGetter="false" isSetter="false">
              <Summary numSequencePoints="3" visitedSequencePoints="0" numBranchPoints="0" visitedBranchPoints="0" sequenceCoverage="0.0" branchCoverage="0" maxCyclomaticComplexity="0" minCyclomaticComplexity="0" maxCrapScore="0" minCrapScore="0" visitedClasses="0" numClasses="0" visitedMethods="0" numMethods="1" />
              <MetadataToken>100664080</MetadataToken>
              <Name>System.Void AwARe.Server.Logic.Client&lt;SendPostRequest&gt;d__16[B]::MoveNext()</Name>
              <FileRef uid="70" />
              <SequencePoints>
                <SequencePoint vc="0" uspid="14237" ordinal="0" offset="96" sl="193" sc="0" el="193" ec="0" bec="0" bev="0" fileid="70" />
                <SequencePoint vc="0" uspid="14238" ordinal="0" offset="97" sl="194" sc="0" el="194" ec="0" bec="0" bev="0" fileid="70" />
                <SequencePoint vc="0" uspid="14239" ordinal="0" offset="239" sl="214" sc="0" el="214" ec="0" bec="0" bev="0" fileid="70" />
              </SequencePoints>
              <BranchPoints />
            </Method>
          </Methods>
        </Class>
        <Class>
          <Summary numSequencePoints="2" visitedSequencePoints="0" numBranchPoints="0" visitedBranchPoints="0" sequenceCoverage="0.0" branchCoverage="0.0" maxCyclomaticComplexity="0" minCyclomaticComplexity="0" maxCrapScore="0" minCrapScore="0" visitedClasses="0" numClasses="1" visitedMethods="0" numMethods="1" />
          <FullName>AwARe.Server.Logic.Request[B]/&lt;&gt;c</FullName>
          <Methods>
            <Method visited="false" cyclomaticComplexity="0" nPathComplexity="0" sequenceCoverage="0.0" branchCoverage="0" crapScore="0" isConstructor="false" isStatic="false" isGetter="false" isSetter="false">
              <Summary numSequencePoints="2" visitedSequencePoints="0" numBranchPoints="0" visitedBranchPoints="0" sequenceCoverage="0.0" branchCoverage="0" maxCyclomaticComplexity="0" minCyclomaticComplexity="0" maxCrapScore="0" minCrapScore="0" visitedClasses="0" numClasses="0" visitedMethods="0" numMethods="1" />
              <MetadataToken>100664084</MetadataToken>
              <Name>System.Void AwARe.Server.Logic.Request[B]/&lt;&gt;c::&lt;.ctor&gt;b__5_0(System.Exception)</Name>
              <FileRef uid="70" />
              <SequencePoints>
                <SequencePoint vc="0" uspid="14240" ordinal="0" offset="0" sl="271" sc="0" el="271" ec="0" bec="0" bev="0" fileid="70" />
                <SequencePoint vc="0" uspid="14241" ordinal="0" offset="1" sl="271" sc="0" el="271" ec="0" bec="0" bev="0" fileid="70" />
              </SequencePoints>
              <BranchPoints />
            </Method>
          </Methods>
        </Class>
      </Classes>
    </Module>
  </Modules>
</CoverageSession>